#
# There is insufficient memory for the Java Runtime Environment to continue.
# Native memory allocation (mmap) failed to map 144703488 bytes for Failed to commit area from 0x0000000098f00000 to 0x00000000a1900000 of length 144703488.
# Possible reasons:
#   The system is out of physical RAM or swap space
#   The process is running with CompressedOops enabled, and the Java Heap may be blocking the growth of the native heap
# Possible solutions:
#   Reduce memory load on the system
#   Increase physical memory or swap space
#   Check if swap backing store is full
#   Decrease Java heap size (-Xmx/-Xms)
#   Decrease number of Java threads
#   Decrease Java thread stack sizes (-Xss)
#   Set larger code cache with -XX:ReservedCodeCacheSize=
#   JVM is running with Unscaled Compressed Oops mode in which the Java heap is
#     placed in the first 4GB address space. The Java Heap base address is the
#     maximum limit for the native heap growth. Please use -XX:HeapBaseMinAddress
#     to set the Java Heap base and to place the Java Heap above 4GB virtual address.
# This output file may be truncated or incomplete.
#
#  Out of Memory Error (./src/hotspot/os/windows/os_windows.cpp:3301), pid=8644, tid=18544
#
# JRE version: OpenJDK Runtime Environment (11.0.10) (build 11.0.10+0-b96-7249189)
# Java VM: OpenJDK 64-Bit Server VM (11.0.10+0-b96-7249189, mixed mode, tiered, compressed oops, g1 gc, windows-amd64)
# No core dump will be written. Minidumps are not enabled by default on client versions of Windows
#

---------------  S U M M A R Y ------------

Command Line: --add-opens=java.base/java.util=ALL-UNNAMED --add-opens=java.base/java.lang=ALL-UNNAMED --add-opens=java.base/java.lang.invoke=ALL-UNNAMED --add-opens=java.base/java.util=ALL-UNNAMED --add-opens=java.prefs/java.util.prefs=ALL-UNNAMED --add-opens=java.prefs/java.util.prefs=ALL-UNNAMED --add-opens=java.base/java.nio.charset=ALL-UNNAMED --add-opens=java.base/java.net=ALL-UNNAMED --add-opens=java.base/java.util.concurrent.atomic=ALL-UNNAMED -Xmx2048m -Dfile.encoding=UTF-8 -Duser.country=US -Duser.language=en -Duser.variant org.gradle.launcher.daemon.bootstrap.GradleDaemon 7.0.2

Host: Intel(R) Core(TM) i3-5010U CPU @ 2.10GHz, 4 cores, 3G,  Windows 10 , 64 bit Build 19041 (10.0.19041.1348)
Time: Fri Dec 10 22:04:44 2021 SA Western Standard Time elapsed time: 95.449587 seconds (0d 0h 1m 35s)

---------------  T H R E A D  ---------------

Current thread (0x0000017935e54800):  VMThread "VM Thread" [stack: 0x0000000745b00000,0x0000000745c00000] [id=18544]

Stack: [0x0000000745b00000,0x0000000745c00000]
[error occurred during error reporting (printing stack bounds), id 0xc0000005, EXCEPTION_ACCESS_VIOLATION (0xc0000005) at pc=0x000001791f630f2d]

Native frames: (J=compiled Java code, j=interpreted, Vv=VM code, C=native code)
V  [jvm.dll+0x5ecfaa]
V  [jvm.dll+0x722bd5]
V  [jvm.dll+0x72412d]
V  [jvm.dll+0x724745]
V  [jvm.dll+0x7246fb]
V  [jvm.dll+0x5ec348]
V  [jvm.dll+0x5ecad8]
C  [ntdll.dll+0xa20cf]
C  [ntdll.dll+0x51454]
C  [ntdll.dll+0xa0bfe]
C  0x000001791f630f2d

VM_Operation (0x00000007490fdf30): G1CollectForAllocation, mode: safepoint, requested by thread 0x000001793dd65800


---------------  P R O C E S S  ---------------

Threads class SMR info:
_java_thread_list=0x0000017946223d30, length=54, elements={
0x000001791a373800, 0x0000017935e5d800, 0x0000017935e67000, 0x0000017935eb5000,
0x0000017935eb6800, 0x0000017935eb9000, 0x0000017935ec2000, 0x0000017935ec4800,
0x0000017935eca000, 0x0000017936948800, 0x00000179380f3800, 0x0000017938261800,
0x00000179388d7800, 0x0000017937e81000, 0x0000017937e82000, 0x00000179383be000,
0x0000017937eb5000, 0x00000179387c5000, 0x000001793734a000, 0x0000017937347000,
0x000001793734b000, 0x000001793734d800, 0x0000017937347800, 0x000001793734b800,
0x000001793734c800, 0x0000017937348800, 0x0000017937349000, 0x0000017937f13000,
0x0000017937f10000, 0x0000017937f14800, 0x0000017937f0f000, 0x0000017937f15800,
0x0000017937f16800, 0x0000017937f10800, 0x0000017937f17000, 0x0000017937f11800,
0x0000017937f19000, 0x0000017937f1d000, 0x0000017937f1a800, 0x0000017937f1b800,
0x0000017937f1c000, 0x0000017937f1d800, 0x0000017937f18000, 0x0000017937f19800,
0x000001793dd63000, 0x000001793dd5e800, 0x000001793dd5f000, 0x000001793dd60000,
0x000001793dd66800, 0x000001793dd65000, 0x000001793dd64000, 0x000001793dd65800,
0x000001793dd60800, 0x000001793dd67000
}

Java Threads: ( => current thread )
  0x000001791a373800 JavaThread "main" [_thread_blocked, id=14520, stack(0x0000000745500000,0x0000000745600000)]
  0x0000017935e5d800 JavaThread "Reference Handler" daemon [_thread_blocked, id=15736, stack(0x0000000745c00000,0x0000000745d00000)]
  0x0000017935e67000 JavaThread "Finalizer" daemon [_thread_blocked, id=17956, stack(0x0000000745d00000,0x0000000745e00000)]
  0x0000017935eb5000 JavaThread "Signal Dispatcher" daemon [_thread_blocked, id=1324, stack(0x0000000745e00000,0x0000000745f00000)]
  0x0000017935eb6800 JavaThread "Attach Listener" daemon [_thread_blocked, id=8508, stack(0x0000000745f00000,0x0000000746000000)]
  0x0000017935eb9000 JavaThread "Service Thread" daemon [_thread_blocked, id=17276, stack(0x0000000746000000,0x0000000746100000)]
  0x0000017935ec2000 JavaThread "C2 CompilerThread0" daemon [_thread_in_native, id=17280, stack(0x0000000746100000,0x0000000746200000)]
  0x0000017935ec4800 JavaThread "C1 CompilerThread0" daemon [_thread_blocked, id=19828, stack(0x0000000746200000,0x0000000746300000)]
  0x0000017935eca000 JavaThread "Sweeper thread" daemon [_thread_blocked, id=21848, stack(0x0000000746300000,0x0000000746400000)]
  0x0000017936948800 JavaThread "Common-Cleaner" daemon [_thread_blocked, id=19932, stack(0x0000000746400000,0x0000000746500000)]
  0x00000179380f3800 JavaThread "Daemon health stats" [_thread_blocked, id=21552, stack(0x0000000746700000,0x0000000746800000)]
  0x0000017938261800 JavaThread "Incoming local TCP Connector on port 58615" [_thread_in_native, id=16364, stack(0x0000000746a00000,0x0000000746b00000)]
  0x00000179388d7800 JavaThread "Daemon periodic checks" [_thread_blocked, id=21088, stack(0x0000000746b00000,0x0000000746c00000)]
  0x0000017937e81000 JavaThread "Daemon" [_thread_blocked, id=14292, stack(0x0000000746c00000,0x0000000746d00000)]
  0x0000017937e82000 JavaThread "Handler for socket connection from /127.0.0.1:58615 to /127.0.0.1:58616" [_thread_in_native, id=18832, stack(0x0000000746d00000,0x0000000746e00000)]
  0x00000179383be000 JavaThread "Cancel handler" [_thread_blocked, id=11900, stack(0x0000000746e00000,0x0000000746f00000)]
  0x0000017937eb5000 JavaThread "Daemon worker" [_thread_blocked, id=19620, stack(0x0000000746f00000,0x0000000747000000)]
  0x00000179387c5000 JavaThread "Asynchronous log dispatcher for DefaultDaemonConnection: socket connection from /127.0.0.1:58615 to /127.0.0.1:58616" [_thread_blocked, id=18408, stack(0x0000000747000000,0x0000000747100000)]
  0x000001793734a000 JavaThread "Daemon client event forwarder" [_thread_blocked, id=20544, stack(0x0000000747200000,0x0000000747300000)]
  0x0000017937347000 JavaThread "Cache worker for file hash cache (C:\Users\Franc\.gradle\caches\7.0.2\fileHashes)" [_thread_blocked, id=1988, stack(0x0000000747300000,0x0000000747400000)]
  0x000001793734b000 JavaThread "File lock request listener" [_thread_in_native, id=14716, stack(0x0000000747400000,0x0000000747500000)]
  0x000001793734d800 JavaThread "Cache worker for journal cache (C:\Users\Franc\.gradle\caches\journal-1)" [_thread_blocked, id=8492, stack(0x0000000747500000,0x0000000747600000)]
  0x0000017937347800 JavaThread "Cache worker for file hash cache (C:\Users\Franc\AndroidStudioProjects\EpisoDateNow\.gradle\7.0.2\fileHashes)" [_thread_blocked, id=12212, stack(0x0000000747600000,0x0000000747700000)]
  0x000001793734b800 JavaThread "File watcher server" daemon [_thread_blocked, id=8912, stack(0x0000000747700000,0x0000000747800000)]
  0x000001793734c800 JavaThread "File watcher consumer" daemon [_thread_blocked, id=16492, stack(0x0000000747800000,0x0000000747900000)]
  0x0000017937348800 JavaThread "Cache worker for checksums cache (C:\Users\Franc\AndroidStudioProjects\EpisoDateNow\.gradle\checksums)" [_thread_blocked, id=20948, stack(0x0000000747900000,0x0000000747a00000)]
  0x0000017937349000 JavaThread "Cache worker for cache directory md-supplier (C:\Users\Franc\.gradle\caches\7.0.2\md-supplier)" [_thread_blocked, id=17920, stack(0x0000000747a00000,0x0000000747b00000)]
  0x0000017937f13000 JavaThread "Cache worker for cache directory md-rule (C:\Users\Franc\.gradle\caches\7.0.2\md-rule)" [_thread_blocked, id=7324, stack(0x0000000747b00000,0x0000000747c00000)]
  0x0000017937f10000 JavaThread "Cache worker for execution history cache (C:\Users\Franc\.gradle\caches\7.0.2\executionHistory)" [_thread_blocked, id=15920, stack(0x0000000747c00000,0x0000000747d00000)]
  0x0000017937f14800 JavaThread "jar transforms" [_thread_blocked, id=8552, stack(0x0000000747d00000,0x0000000747e00000)]
  0x0000017937f0f000 JavaThread "jar transforms Thread 2" [_thread_blocked, id=19144, stack(0x0000000747e00000,0x0000000747f00000)]
  0x0000017937f15800 JavaThread "Cache worker for file content cache (C:\Users\Franc\.gradle\caches\7.0.2\fileContent)" [_thread_blocked, id=12988, stack(0x0000000747f00000,0x0000000748000000)]
  0x0000017937f16800 JavaThread "Cache worker for dependencies-accessors (C:\Users\Franc\AndroidStudioProjects\EpisoDateNow\.gradle\7.0.2\dependencies-accessors)" [_thread_blocked, id=1692, stack(0x0000000748000000,0x0000000748100000)]
  0x0000017937f10800 JavaThread "jar transforms Thread 3" [_thread_blocked, id=17636, stack(0x0000000748100000,0x0000000748200000)]
  0x0000017937f17000 JavaThread "Cache worker for Build Output Cleanup Cache (C:\Users\Franc\AndroidStudioProjects\EpisoDateNow\.gradle\buildOutputCleanup)" [_thread_blocked, id=7688, stack(0x0000000748200000,0x0000000748300000)]
  0x0000017937f11800 JavaThread "Build operations" [_thread_blocked, id=22360, stack(0x0000000748300000,0x0000000748400000)]
  0x0000017937f19000 JavaThread "Build operations Thread 2" [_thread_blocked, id=4820, stack(0x0000000748400000,0x0000000748500000)]
  0x0000017937f1d000 JavaThread "Build operations Thread 3" [_thread_blocked, id=1428, stack(0x0000000748500000,0x0000000748600000)]
  0x0000017937f1a800 JavaThread "Build operations Thread 4" [_thread_blocked, id=4980, stack(0x0000000748600000,0x0000000748700000)]
  0x0000017937f1b800 JavaThread "jar transforms Thread 4" [_thread_blocked, id=21276, stack(0x0000000748700000,0x0000000748800000)]
  0x0000017937f1c000 JavaThread "Memory manager" [_thread_blocked, id=11596, stack(0x0000000748800000,0x0000000748900000)]
  0x0000017937f1d800 JavaThread "build event listener" [_thread_blocked, id=15012, stack(0x0000000748900000,0x0000000748a00000)]
  0x0000017937f18000 JavaThread "Execution worker for ':'" [_thread_blocked, id=20240, stack(0x0000000748a00000,0x0000000748b00000)]
  0x0000017937f19800 JavaThread "Execution worker for ':' Thread 2" [_thread_blocked, id=1412, stack(0x0000000748b00000,0x0000000748c00000)]
  0x000001793dd63000 JavaThread "Execution worker for ':' Thread 3" [_thread_blocked, id=17688, stack(0x0000000748c00000,0x0000000748d00000)]
  0x000001793dd5e800 JavaThread "Cache worker for execution history cache (C:\Users\Franc\AndroidStudioProjects\EpisoDateNow\.gradle\7.0.2\executionHistory)" [_thread_blocked, id=10224, stack(0x0000000748d00000,0x0000000748e00000)]
  0x000001793dd5f000 JavaThread "WorkerExecutor Queue" [_thread_blocked, id=13444, stack(0x0000000745200000,0x0000000745300000)]
  0x000001793dd60000 JavaThread "WorkerExecutor Queue Thread 2" [_thread_blocked, id=9512, stack(0x0000000745300000,0x0000000745400000)]
  0x000001793dd66800 JavaThread "WorkerExecutor Queue Thread 3" [_thread_blocked, id=13432, stack(0x0000000745400000,0x0000000745500000)]
  0x000001793dd65000 JavaThread "WorkerExecutor Queue Thread 5" [_thread_blocked, id=5408, stack(0x0000000749100000,0x0000000749200000)]
  0x000001793dd64000 JavaThread "ForkJoinPool-1-worker-3" daemon [_thread_blocked, id=7156, stack(0x0000000747100000,0x0000000747200000)]
  0x000001793dd65800 JavaThread "ForkJoinPool-1-worker-5" daemon [_thread_blocked, id=15852, stack(0x0000000749000000,0x0000000749100000)]
  0x000001793dd60800 JavaThread "ForkJoinPool-1-worker-7" daemon [_thread_blocked, id=9124, stack(0x0000000749200000,0x0000000749300000)]
  0x000001793dd67000 JavaThread "ForkJoinPool-1-worker-1" daemon [_thread_blocked, id=9200, stack(0x0000000749300000,0x0000000749400000)]

Other Threads:
=>0x0000017935e54800 VMThread "VM Thread" [stack: 0x0000000745b00000,0x0000000745c00000] [id=18544]
  0x000001793697e000 WatcherThread [stack: 0x0000000746500000,0x0000000746600000] [id=2920]
  0x000001791a388800 GCTaskThread "GC Thread#0" [stack: 0x0000000745600000,0x0000000745700000] [id=7224]
  0x0000017936c7b800 GCTaskThread "GC Thread#1" [stack: 0x0000000746600000,0x0000000746700000] [id=6608]
  0x0000017937b40000 GCTaskThread "GC Thread#2" [stack: 0x0000000746800000,0x0000000746900000] [id=18516]
  0x0000017938b38800 GCTaskThread "GC Thread#3" [stack: 0x0000000746900000,0x0000000746a00000] [id=19484]
  0x000001791a3b8000 ConcurrentGCThread "G1 Main Marker" [stack: 0x0000000745700000,0x0000000745800000] [id=20680]
  0x000001791a3b9800 ConcurrentGCThread "G1 Conc#0" [stack: 0x0000000745800000,0x0000000745900000] [id=22040]
  0x000001791a412800 ConcurrentGCThread "G1 Refine#0" [stack: 0x0000000745900000,0x0000000745a00000] [id=5588]
  0x0000017944a44800 ConcurrentGCThread "G1 Refine#1" [stack: 0x0000000749400000,0x0000000749500000] [id=22424]
  0x000001794a8e3800 ConcurrentGCThread "G1 Refine#2" [stack: 0x0000000749500000,0x0000000749600000] [id=17924]
  0x000001791a413800 ConcurrentGCThread "G1 Young RemSet Sampling" [stack: 0x0000000745a00000,0x0000000745b00000] [id=15460]

Threads with active compile tasks:
C2 CompilerThread0  95499 17825 %     4       com.android.tools.r8.dex.j::a @ 315 (1038 bytes)

VM state:at safepoint (normal execution)

VM Mutex/Monitor currently owned by a thread:  ([mutex/lock_event])
[0x000001791a370100] Threads_lock - owner thread: 0x0000017935e54800
[0x000001791a36fe30] Heap_lock - owner thread: 0x000001793dd65800

Heap address: 0x0000000080000000, size: 2048 MB, Compressed Oops mode: 32-bit
Narrow klass base: 0x0000000000000000, Narrow klass shift: 3
Compressed class space size: 1073741824 Address: 0x0000000100000000

Heap:
 garbage-first heap   total 549888K, used 238080K [0x0000000080000000, 0x0000000100000000)
  region size 1024K, 3 young (3072K), 3 survivors (3072K)
 Metaspace       used 103792K, capacity 106607K, committed 106748K, reserved 1142784K
  class space    used 13329K, capacity 14373K, committed 14464K, reserved 1048576K
Heap Regions: E=young(eden), S=young(survivor), O=old, HS=humongous(starts), HC=humongous(continues), CS=collection set, F=free, A=archive, TAMS=top-at-mark-start (previous, next)
|   0|0x0000000080000000, 0x0000000080100000, 0x0000000080100000|100%| O|  |TAMS 0x0000000080100000, 0x0000000080000000| Untracked 
|   1|0x0000000080100000, 0x0000000080200000, 0x0000000080200000|100%| O|  |TAMS 0x0000000080200000, 0x0000000080100000| Untracked 
|   2|0x0000000080200000, 0x0000000080300000, 0x0000000080300000|100%| O|  |TAMS 0x0000000080300000, 0x0000000080200000| Untracked 
|   3|0x0000000080300000, 0x0000000080400000, 0x0000000080400000|100%|HS|  |TAMS 0x0000000080400000, 0x0000000080300000| Complete 
|   4|0x0000000080400000, 0x0000000080500000, 0x0000000080500000|100%|HC|  |TAMS 0x0000000080500000, 0x0000000080400000| Complete 
|   5|0x0000000080500000, 0x0000000080600000, 0x0000000080600000|100%|HC|  |TAMS 0x0000000080600000, 0x0000000080500000| Complete 
|   6|0x0000000080600000, 0x0000000080700000, 0x0000000080700000|100%| O|  |TAMS 0x0000000080700000, 0x0000000080600000| Untracked 
|   7|0x0000000080700000, 0x0000000080800000, 0x0000000080800000|100%| O|  |TAMS 0x0000000080800000, 0x0000000080700000| Untracked 
|   8|0x0000000080800000, 0x0000000080900000, 0x0000000080900000|100%| O|  |TAMS 0x0000000080900000, 0x0000000080800000| Untracked 
|   9|0x0000000080900000, 0x0000000080a00000, 0x0000000080a00000|100%| O|  |TAMS 0x0000000080a00000, 0x0000000080900000| Untracked 
|  10|0x0000000080a00000, 0x0000000080b00000, 0x0000000080b00000|100%| O|  |TAMS 0x0000000080b00000, 0x0000000080a00000| Untracked 
|  11|0x0000000080b00000, 0x0000000080c00000, 0x0000000080c00000|100%| O|  |TAMS 0x0000000080c00000, 0x0000000080b00000| Untracked 
|  12|0x0000000080c00000, 0x0000000080d00000, 0x0000000080d00000|100%| O|  |TAMS 0x0000000080d00000, 0x0000000080c00000| Untracked 
|  13|0x0000000080d00000, 0x0000000080e00000, 0x0000000080e00000|100%| O|  |TAMS 0x0000000080e00000, 0x0000000080d00000| Untracked 
|  14|0x0000000080e00000, 0x0000000080f00000, 0x0000000080f00000|100%| O|  |TAMS 0x0000000080f00000, 0x0000000080e00000| Untracked 
|  15|0x0000000080f00000, 0x0000000081000000, 0x0000000081000000|100%| O|  |TAMS 0x0000000081000000, 0x0000000080f00000| Untracked 
|  16|0x0000000081000000, 0x0000000081100000, 0x0000000081100000|100%| O|  |TAMS 0x0000000081100000, 0x0000000081000000| Untracked 
|  17|0x0000000081100000, 0x0000000081200000, 0x0000000081200000|100%| O|  |TAMS 0x0000000081200000, 0x0000000081100000| Untracked 
|  18|0x0000000081200000, 0x0000000081300000, 0x0000000081300000|100%| O|  |TAMS 0x0000000081300000, 0x0000000081200000| Untracked 
|  19|0x0000000081300000, 0x0000000081400000, 0x0000000081400000|100%| O|  |TAMS 0x0000000081400000, 0x0000000081300000| Untracked 
|  20|0x0000000081400000, 0x0000000081500000, 0x0000000081500000|100%| O|  |TAMS 0x0000000081500000, 0x0000000081400000| Untracked 
|  21|0x0000000081500000, 0x0000000081600000, 0x0000000081600000|100%| O|  |TAMS 0x0000000081600000, 0x0000000081500000| Untracked 
|  22|0x0000000081600000, 0x0000000081700000, 0x0000000081700000|100%| O|  |TAMS 0x0000000081700000, 0x0000000081600000| Untracked 
|  23|0x0000000081700000, 0x0000000081800000, 0x0000000081800000|100%| O|  |TAMS 0x0000000081800000, 0x0000000081700000| Untracked 
|  24|0x0000000081800000, 0x0000000081900000, 0x0000000081900000|100%| O|  |TAMS 0x0000000081900000, 0x0000000081800000| Untracked 
|  25|0x0000000081900000, 0x0000000081a00000, 0x0000000081a00000|100%| O|  |TAMS 0x0000000081a00000, 0x0000000081900000| Untracked 
|  26|0x0000000081a00000, 0x0000000081b00000, 0x0000000081b00000|100%| O|  |TAMS 0x0000000081b00000, 0x0000000081a00000| Untracked 
|  27|0x0000000081b00000, 0x0000000081c00000, 0x0000000081c00000|100%|HS|  |TAMS 0x0000000081c00000, 0x0000000081b00000| Complete 
|  28|0x0000000081c00000, 0x0000000081d00000, 0x0000000081d00000|100%|HS|  |TAMS 0x0000000081d00000, 0x0000000081c00000| Complete 
|  29|0x0000000081d00000, 0x0000000081e00000, 0x0000000081e00000|100%|HS|  |TAMS 0x0000000081e00000, 0x0000000081d00000| Complete 
|  30|0x0000000081e00000, 0x0000000081f00000, 0x0000000081f00000|100%|HS|  |TAMS 0x0000000081f00000, 0x0000000081e00000| Complete 
|  31|0x0000000081f00000, 0x0000000082000000, 0x0000000082000000|100%|HC|  |TAMS 0x0000000082000000, 0x0000000081f00000| Complete 
|  32|0x0000000082000000, 0x0000000082100000, 0x0000000082100000|100%|HC|  |TAMS 0x0000000082100000, 0x0000000082000000| Complete 
|  33|0x0000000082100000, 0x0000000082200000, 0x0000000082200000|100%|HS|  |TAMS 0x0000000082200000, 0x0000000082100000| Complete 
|  34|0x0000000082200000, 0x0000000082300000, 0x0000000082300000|100%|HC|  |TAMS 0x0000000082300000, 0x0000000082200000| Complete 
|  35|0x0000000082300000, 0x0000000082400000, 0x0000000082400000|100%| O|  |TAMS 0x0000000082400000, 0x0000000082300000| Untracked 
|  36|0x0000000082400000, 0x0000000082500000, 0x0000000082500000|100%| O|  |TAMS 0x0000000082500000, 0x0000000082400000| Untracked 
|  37|0x0000000082500000, 0x0000000082600000, 0x0000000082600000|100%| O|  |TAMS 0x0000000082600000, 0x0000000082500000| Untracked 
|  38|0x0000000082600000, 0x0000000082700000, 0x0000000082700000|100%| O|  |TAMS 0x0000000082700000, 0x0000000082600000| Untracked 
|  39|0x0000000082700000, 0x0000000082800000, 0x0000000082800000|100%| O|  |TAMS 0x0000000082800000, 0x0000000082700000| Untracked 
|  40|0x0000000082800000, 0x0000000082900000, 0x0000000082900000|100%| O|  |TAMS 0x0000000082900000, 0x0000000082800000| Untracked 
|  41|0x0000000082900000, 0x0000000082a00000, 0x0000000082a00000|100%| O|  |TAMS 0x0000000082a00000, 0x0000000082900000| Untracked 
|  42|0x0000000082a00000, 0x0000000082b00000, 0x0000000082b00000|100%| O|  |TAMS 0x0000000082b00000, 0x0000000082a00000| Untracked 
|  43|0x0000000082b00000, 0x0000000082c00000, 0x0000000082c00000|100%| O|  |TAMS 0x0000000082c00000, 0x0000000082b00000| Untracked 
|  44|0x0000000082c00000, 0x0000000082d00000, 0x0000000082d00000|100%| O|  |TAMS 0x0000000082d00000, 0x0000000082c00000| Untracked 
|  45|0x0000000082d00000, 0x0000000082e00000, 0x0000000082e00000|100%| O|  |TAMS 0x0000000082e00000, 0x0000000082d00000| Complete 
|  46|0x0000000082e00000, 0x0000000082f00000, 0x0000000082f00000|100%| O|  |TAMS 0x0000000082f00000, 0x0000000082e00000| Complete 
|  47|0x0000000082f00000, 0x0000000083000000, 0x0000000083000000|100%| O|  |TAMS 0x0000000083000000, 0x0000000082f00000| Untracked 
|  48|0x0000000083000000, 0x0000000083100000, 0x0000000083100000|100%| O|  |TAMS 0x0000000083100000, 0x0000000083000000| Untracked 
|  49|0x0000000083100000, 0x0000000083200000, 0x0000000083200000|100%| O|  |TAMS 0x0000000083200000, 0x0000000083100000| Untracked 
|  50|0x0000000083200000, 0x0000000083300000, 0x0000000083300000|100%| O|  |TAMS 0x0000000083300000, 0x0000000083200000| Untracked 
|  51|0x0000000083300000, 0x0000000083400000, 0x0000000083400000|100%| O|  |TAMS 0x0000000083400000, 0x0000000083300000| Untracked 
|  52|0x0000000083400000, 0x0000000083500000, 0x0000000083500000|100%| O|  |TAMS 0x0000000083500000, 0x0000000083400000| Untracked 
|  53|0x0000000083500000, 0x0000000083600000, 0x0000000083600000|100%| O|  |TAMS 0x0000000083600000, 0x0000000083500000| Complete 
|  54|0x0000000083600000, 0x0000000083700000, 0x0000000083700000|100%| O|  |TAMS 0x0000000083700000, 0x0000000083600000| Untracked 
|  55|0x0000000083700000, 0x0000000083800000, 0x0000000083800000|100%| O|  |TAMS 0x0000000083800000, 0x0000000083700000| Untracked 
|  56|0x0000000083800000, 0x0000000083900000, 0x0000000083900000|100%| O|  |TAMS 0x0000000083900000, 0x0000000083800000| Untracked 
|  57|0x0000000083900000, 0x0000000083a00000, 0x0000000083a00000|100%| O|  |TAMS 0x0000000083a00000, 0x0000000083900000| Untracked 
|  58|0x0000000083a00000, 0x0000000083b00000, 0x0000000083b00000|100%| O|  |TAMS 0x0000000083b00000, 0x0000000083a00000| Untracked 
|  59|0x0000000083b00000, 0x0000000083c00000, 0x0000000083c00000|100%| O|  |TAMS 0x0000000083c00000, 0x0000000083b00000| Untracked 
|  60|0x0000000083c00000, 0x0000000083d00000, 0x0000000083d00000|100%| O|  |TAMS 0x0000000083d00000, 0x0000000083c00000| Complete 
|  61|0x0000000083d00000, 0x0000000083e00000, 0x0000000083e00000|100%| O|  |TAMS 0x0000000083e00000, 0x0000000083d00000| Untracked 
|  62|0x0000000083e00000, 0x0000000083f00000, 0x0000000083f00000|100%| O|  |TAMS 0x0000000083f00000, 0x0000000083e00000| Untracked 
|  63|0x0000000083f00000, 0x0000000084000000, 0x0000000084000000|100%| O|  |TAMS 0x0000000084000000, 0x0000000083f00000| Untracked 
|  64|0x0000000084000000, 0x0000000084100000, 0x0000000084100000|100%| O|  |TAMS 0x0000000084100000, 0x0000000084000000| Untracked 
|  65|0x0000000084100000, 0x0000000084200000, 0x0000000084200000|100%| O|  |TAMS 0x0000000084200000, 0x0000000084100000| Complete 
|  66|0x0000000084200000, 0x0000000084300000, 0x0000000084300000|100%| O|  |TAMS 0x0000000084300000, 0x0000000084200000| Untracked 
|  67|0x0000000084300000, 0x0000000084400000, 0x0000000084400000|100%| O|  |TAMS 0x0000000084400000, 0x0000000084300000| Untracked 
|  68|0x0000000084400000, 0x0000000084500000, 0x0000000084500000|100%| O|  |TAMS 0x0000000084500000, 0x0000000084400000| Untracked 
|  69|0x0000000084500000, 0x0000000084600000, 0x0000000084600000|100%| O|  |TAMS 0x0000000084600000, 0x0000000084500000| Complete 
|  70|0x0000000084600000, 0x0000000084700000, 0x0000000084700000|100%| O|  |TAMS 0x0000000084700000, 0x0000000084600000| Untracked 
|  71|0x0000000084700000, 0x0000000084800000, 0x0000000084800000|100%| O|  |TAMS 0x0000000084800000, 0x0000000084700000| Untracked 
|  72|0x0000000084800000, 0x0000000084900000, 0x0000000084900000|100%| O|  |TAMS 0x0000000084900000, 0x0000000084800000| Untracked 
|  73|0x0000000084900000, 0x0000000084a00000, 0x0000000084a00000|100%| O|  |TAMS 0x0000000084a00000, 0x0000000084900000| Untracked 
|  74|0x0000000084a00000, 0x0000000084b00000, 0x0000000084b00000|100%| O|  |TAMS 0x0000000084b00000, 0x0000000084a00000| Complete 
|  75|0x0000000084b00000, 0x0000000084c00000, 0x0000000084c00000|100%| O|  |TAMS 0x0000000084c00000, 0x0000000084b00000| Untracked 
|  76|0x0000000084c00000, 0x0000000084d00000, 0x0000000084d00000|100%| O|  |TAMS 0x0000000084d00000, 0x0000000084c00000| Untracked 
|  77|0x0000000084d00000, 0x0000000084e00000, 0x0000000084e00000|100%| O|  |TAMS 0x0000000084e00000, 0x0000000084d00000| Complete 
|  78|0x0000000084e00000, 0x0000000084f00000, 0x0000000084f00000|100%| O|  |TAMS 0x0000000084f00000, 0x0000000084e00000| Complete 
|  79|0x0000000084f00000, 0x0000000085000000, 0x0000000085000000|100%| O|  |TAMS 0x0000000084f00000, 0x0000000084f00000| Untracked 
|  80|0x0000000085000000, 0x0000000085100000, 0x0000000085100000|100%| O|  |TAMS 0x0000000085000000, 0x0000000085000000| Untracked 
|  81|0x0000000085100000, 0x0000000085100000, 0x0000000085200000|  0%| F|  |TAMS 0x0000000085100000, 0x0000000085100000| Untracked 
|  82|0x0000000085200000, 0x0000000085300000, 0x0000000085300000|100%| O|  |TAMS 0x0000000085300000, 0x0000000085200000| Complete 
|  83|0x0000000085300000, 0x0000000085400000, 0x0000000085400000|100%| O|  |TAMS 0x0000000085400000, 0x0000000085300000| Complete 
|  84|0x0000000085400000, 0x0000000085400000, 0x0000000085500000|  0%| F|  |TAMS 0x0000000085400000, 0x0000000085400000| Untracked 
|  85|0x0000000085500000, 0x0000000085600000, 0x0000000085600000|100%| O|  |TAMS 0x0000000085600000, 0x0000000085500000| Complete 
|  86|0x0000000085600000, 0x0000000085700000, 0x0000000085700000|100%| O|  |TAMS 0x0000000085700000, 0x0000000085600000| Complete 
|  87|0x0000000085700000, 0x0000000085800000, 0x0000000085800000|100%| O|  |TAMS 0x0000000085800000, 0x0000000085700000| Complete 
|  88|0x0000000085800000, 0x0000000085900000, 0x0000000085900000|100%| O|  |TAMS 0x0000000085900000, 0x0000000085800000| Untracked 
|  89|0x0000000085900000, 0x0000000085a00000, 0x0000000085a00000|100%| O|  |TAMS 0x0000000085a00000, 0x0000000085900000| Untracked 
|  90|0x0000000085a00000, 0x0000000085b00000, 0x0000000085b00000|100%| O|  |TAMS 0x0000000085b00000, 0x0000000085a00000| Complete 
|  91|0x0000000085b00000, 0x0000000085b00000, 0x0000000085c00000|  0%| F|  |TAMS 0x0000000085b00000, 0x0000000085b00000| Untracked 
|  92|0x0000000085c00000, 0x0000000085d00000, 0x0000000085d00000|100%| O|  |TAMS 0x0000000085d00000, 0x0000000085c00000| Complete 
|  93|0x0000000085d00000, 0x0000000085e00000, 0x0000000085e00000|100%| O|  |TAMS 0x0000000085d00000, 0x0000000085d00000| Untracked 
|  94|0x0000000085e00000, 0x0000000085f00000, 0x0000000085f00000|100%| O|  |TAMS 0x0000000085e00000, 0x0000000085e00000| Untracked 
|  95|0x0000000085f00000, 0x0000000086000000, 0x0000000086000000|100%| O|  |TAMS 0x0000000085f00000, 0x0000000085f00000| Untracked 
|  96|0x0000000086000000, 0x0000000086100000, 0x0000000086100000|100%| O|  |TAMS 0x0000000086000000, 0x0000000086000000| Untracked 
|  97|0x0000000086100000, 0x0000000086200000, 0x0000000086200000|100%| O|  |TAMS 0x0000000086200000, 0x0000000086100000| Complete 
|  98|0x0000000086200000, 0x0000000086300000, 0x0000000086300000|100%| O|  |TAMS 0x0000000086300000, 0x0000000086200000| Complete 
|  99|0x0000000086300000, 0x0000000086400000, 0x0000000086400000|100%| O|  |TAMS 0x0000000086400000, 0x0000000086300000| Complete 
| 100|0x0000000086400000, 0x0000000086500000, 0x0000000086500000|100%| O|  |TAMS 0x0000000086500000, 0x0000000086400000| Complete 
| 101|0x0000000086500000, 0x0000000086600000, 0x0000000086600000|100%| O|  |TAMS 0x0000000086600000, 0x0000000086500000| Complete 
| 102|0x0000000086600000, 0x0000000086700000, 0x0000000086700000|100%| O|  |TAMS 0x0000000086700000, 0x0000000086600000| Complete 
| 103|0x0000000086700000, 0x0000000086800000, 0x0000000086800000|100%| O|  |TAMS 0x0000000086800000, 0x0000000086700000| Complete 
| 104|0x0000000086800000, 0x0000000086900000, 0x0000000086900000|100%| O|  |TAMS 0x0000000086900000, 0x0000000086800000| Untracked 
| 105|0x0000000086900000, 0x0000000086a00000, 0x0000000086a00000|100%| O|  |TAMS 0x0000000086a00000, 0x0000000086900000| Complete 
| 106|0x0000000086a00000, 0x0000000086b00000, 0x0000000086b00000|100%| O|  |TAMS 0x0000000086b00000, 0x0000000086a00000| Complete 
| 107|0x0000000086b00000, 0x0000000086c00000, 0x0000000086c00000|100%| O|  |TAMS 0x0000000086c00000, 0x0000000086b00000| Untracked 
| 108|0x0000000086c00000, 0x0000000086d00000, 0x0000000086d00000|100%| O|  |TAMS 0x0000000086d00000, 0x0000000086c00000| Complete 
| 109|0x0000000086d00000, 0x0000000086e00000, 0x0000000086e00000|100%| O|  |TAMS 0x0000000086e00000, 0x0000000086d00000| Complete 
| 110|0x0000000086e00000, 0x0000000086f00000, 0x0000000086f00000|100%| O|  |TAMS 0x0000000086f00000, 0x0000000086e00000| Complete 
| 111|0x0000000086f00000, 0x0000000087000000, 0x0000000087000000|100%| O|  |TAMS 0x0000000087000000, 0x0000000086f00000| Complete 
| 112|0x0000000087000000, 0x0000000087100000, 0x0000000087100000|100%| O|  |TAMS 0x0000000087100000, 0x0000000087000000| Complete 
| 113|0x0000000087100000, 0x0000000087200000, 0x0000000087200000|100%| O|  |TAMS 0x0000000087200000, 0x0000000087100000| Complete 
| 114|0x0000000087200000, 0x0000000087300000, 0x0000000087300000|100%| O|  |TAMS 0x0000000087300000, 0x0000000087200000| Complete 
| 115|0x0000000087300000, 0x0000000087400000, 0x0000000087400000|100%| O|  |TAMS 0x0000000087400000, 0x0000000087300000| Complete 
| 116|0x0000000087400000, 0x0000000087500000, 0x0000000087500000|100%| O|  |TAMS 0x0000000087500000, 0x0000000087400000| Complete 
| 117|0x0000000087500000, 0x0000000087600000, 0x0000000087600000|100%| O|  |TAMS 0x0000000087600000, 0x0000000087500000| Complete 
| 118|0x0000000087600000, 0x0000000087700000, 0x0000000087700000|100%| O|  |TAMS 0x0000000087700000, 0x0000000087600000| Complete 
| 119|0x0000000087700000, 0x0000000087800000, 0x0000000087800000|100%| O|  |TAMS 0x0000000087800000, 0x0000000087700000| Complete 
| 120|0x0000000087800000, 0x0000000087900000, 0x0000000087900000|100%| O|  |TAMS 0x0000000087900000, 0x0000000087800000| Complete 
| 121|0x0000000087900000, 0x0000000087a00000, 0x0000000087a00000|100%| O|  |TAMS 0x0000000087a00000, 0x0000000087900000| Complete 
| 122|0x0000000087a00000, 0x0000000087b00000, 0x0000000087b00000|100%| O|  |TAMS 0x0000000087b00000, 0x0000000087a00000| Complete 
| 123|0x0000000087b00000, 0x0000000087c00000, 0x0000000087c00000|100%|HS|  |TAMS 0x0000000087b00000, 0x0000000087b00000| Complete 
| 124|0x0000000087c00000, 0x0000000087d00000, 0x0000000087d00000|100%|HS|  |TAMS 0x0000000087c00000, 0x0000000087c00000| Complete 
| 125|0x0000000087d00000, 0x0000000087e00000, 0x0000000087e00000|100%|HS|  |TAMS 0x0000000087e00000, 0x0000000087d00000| Complete 
| 126|0x0000000087e00000, 0x0000000087f00000, 0x0000000087f00000|100%| O|  |TAMS 0x0000000087e00000, 0x0000000087e00000| Untracked 
| 127|0x0000000087f00000, 0x0000000088000000, 0x0000000088000000|100%| O|  |TAMS 0x0000000087f00000, 0x0000000087f00000| Untracked 
| 128|0x0000000088000000, 0x0000000088100000, 0x0000000088100000|100%| O|  |TAMS 0x00000000880eb200, 0x0000000088000000| Untracked 
| 129|0x0000000088100000, 0x0000000088100000, 0x0000000088200000|  0%| F|  |TAMS 0x0000000088100000, 0x0000000088100000| Untracked 
| 130|0x0000000088200000, 0x0000000088200000, 0x0000000088300000|  0%| F|  |TAMS 0x0000000088200000, 0x0000000088200000| Untracked 
| 131|0x0000000088300000, 0x0000000088400000, 0x0000000088400000|100%|HS|  |TAMS 0x0000000088300000, 0x0000000088300000| Complete 
| 132|0x0000000088400000, 0x0000000088500000, 0x0000000088500000|100%|HC|  |TAMS 0x0000000088400000, 0x0000000088400000| Complete 
| 133|0x0000000088500000, 0x0000000088600000, 0x0000000088600000|100%| O|  |TAMS 0x0000000088500000, 0x0000000088500000| Untracked 
| 134|0x0000000088600000, 0x0000000088700000, 0x0000000088700000|100%| O|  |TAMS 0x0000000088600000, 0x0000000088600000| Untracked 
| 135|0x0000000088700000, 0x0000000088800000, 0x0000000088800000|100%| O|  |TAMS 0x0000000088700000, 0x0000000088700000| Untracked 
| 136|0x0000000088800000, 0x0000000088900000, 0x0000000088900000|100%|HS|  |TAMS 0x0000000088800000, 0x0000000088800000| Complete 
| 137|0x0000000088900000, 0x0000000088980000, 0x0000000088a00000| 50%| O|  |TAMS 0x0000000088900000, 0x0000000088900000| Untracked 
| 138|0x0000000088a00000, 0x0000000088b00000, 0x0000000088b00000|100%| O|  |TAMS 0x0000000088a00000, 0x0000000088a00000| Untracked 
| 139|0x0000000088b00000, 0x0000000088b00000, 0x0000000088c00000|  0%| F|  |TAMS 0x0000000088b00000, 0x0000000088b00000| Untracked 
| 140|0x0000000088c00000, 0x0000000088c00000, 0x0000000088d00000|  0%| F|  |TAMS 0x0000000088c00000, 0x0000000088c00000| Untracked 
| 141|0x0000000088d00000, 0x0000000088d00000, 0x0000000088e00000|  0%| F|  |TAMS 0x0000000088d00000, 0x0000000088d00000| Untracked 
| 142|0x0000000088e00000, 0x0000000088e00000, 0x0000000088f00000|  0%| F|  |TAMS 0x0000000088e00000, 0x0000000088e00000| Untracked 
| 143|0x0000000088f00000, 0x0000000088f00000, 0x0000000089000000|  0%| F|  |TAMS 0x0000000088f00000, 0x0000000088f00000| Untracked 
| 144|0x0000000089000000, 0x0000000089100000, 0x0000000089100000|100%| O|  |TAMS 0x0000000089100000, 0x0000000089000000| Complete 
| 145|0x0000000089100000, 0x0000000089200000, 0x0000000089200000|100%| O|  |TAMS 0x0000000089200000, 0x0000000089100000| Complete 
| 146|0x0000000089200000, 0x0000000089300000, 0x0000000089300000|100%| O|  |TAMS 0x0000000089300000, 0x0000000089200000| Complete 
| 147|0x0000000089300000, 0x0000000089400000, 0x0000000089400000|100%| O|  |TAMS 0x0000000089400000, 0x0000000089300000| Complete 
| 148|0x0000000089400000, 0x0000000089500000, 0x0000000089500000|100%| O|  |TAMS 0x0000000089500000, 0x0000000089400000| Complete 
| 149|0x0000000089500000, 0x0000000089600000, 0x0000000089600000|100%| O|  |TAMS 0x0000000089600000, 0x0000000089500000| Complete 
| 150|0x0000000089600000, 0x0000000089700000, 0x0000000089700000|100%| O|  |TAMS 0x0000000089700000, 0x0000000089600000| Complete 
| 151|0x0000000089700000, 0x0000000089800000, 0x0000000089800000|100%| O|  |TAMS 0x0000000089800000, 0x0000000089700000| Complete 
| 152|0x0000000089800000, 0x0000000089900000, 0x0000000089900000|100%| O|  |TAMS 0x0000000089900000, 0x0000000089800000| Complete 
| 153|0x0000000089900000, 0x0000000089a00000, 0x0000000089a00000|100%| O|  |TAMS 0x0000000089a00000, 0x0000000089900000| Complete 
| 154|0x0000000089a00000, 0x0000000089b00000, 0x0000000089b00000|100%| O|  |TAMS 0x0000000089b00000, 0x0000000089a00000| Complete 
| 155|0x0000000089b00000, 0x0000000089c00000, 0x0000000089c00000|100%| O|  |TAMS 0x0000000089c00000, 0x0000000089b00000| Complete 
| 156|0x0000000089c00000, 0x0000000089d00000, 0x0000000089d00000|100%| O|  |TAMS 0x0000000089d00000, 0x0000000089c00000| Complete 
| 157|0x0000000089d00000, 0x0000000089e00000, 0x0000000089e00000|100%| O|  |TAMS 0x0000000089e00000, 0x0000000089d00000| Complete 
| 158|0x0000000089e00000, 0x0000000089f00000, 0x0000000089f00000|100%| O|  |TAMS 0x0000000089f00000, 0x0000000089e00000| Complete 
| 159|0x0000000089f00000, 0x000000008a000000, 0x000000008a000000|100%| O|  |TAMS 0x000000008a000000, 0x0000000089f00000| Complete 
| 160|0x000000008a000000, 0x000000008a100000, 0x000000008a100000|100%| O|  |TAMS 0x000000008a100000, 0x000000008a000000| Complete 
| 161|0x000000008a100000, 0x000000008a200000, 0x000000008a200000|100%| O|  |TAMS 0x000000008a200000, 0x000000008a100000| Complete 
| 162|0x000000008a200000, 0x000000008a200000, 0x000000008a300000|  0%| F|  |TAMS 0x000000008a200000, 0x000000008a200000| Untracked 
| 163|0x000000008a300000, 0x000000008a300000, 0x000000008a400000|  0%| F|  |TAMS 0x000000008a300000, 0x000000008a300000| Untracked 
| 164|0x000000008a400000, 0x000000008a500000, 0x000000008a500000|100%| O|  |TAMS 0x000000008a500000, 0x000000008a400000| Complete 
| 165|0x000000008a500000, 0x000000008a500000, 0x000000008a600000|  0%| F|  |TAMS 0x000000008a500000, 0x000000008a500000| Untracked 
| 166|0x000000008a600000, 0x000000008a700000, 0x000000008a700000|100%|HS|  |TAMS 0x000000008a700000, 0x000000008a600000| Complete 
| 167|0x000000008a700000, 0x000000008a800000, 0x000000008a800000|100%|HC|  |TAMS 0x000000008a800000, 0x000000008a700000| Complete 
| 168|0x000000008a800000, 0x000000008a900000, 0x000000008a900000|100%|HS|  |TAMS 0x000000008a800000, 0x000000008a800000| Complete 
| 169|0x000000008a900000, 0x000000008aa00000, 0x000000008aa00000|100%|HC|  |TAMS 0x000000008a900000, 0x000000008a900000| Complete 
| 170|0x000000008aa00000, 0x000000008ab00000, 0x000000008ab00000|100%|HC|  |TAMS 0x000000008aa00000, 0x000000008aa00000| Complete 
| 171|0x000000008ab00000, 0x000000008ac00000, 0x000000008ac00000|100%|HS|  |TAMS 0x000000008ab00000, 0x000000008ab00000| Complete 
| 172|0x000000008ac00000, 0x000000008ad00000, 0x000000008ad00000|100%|HC|  |TAMS 0x000000008ac00000, 0x000000008ac00000| Complete 
| 173|0x000000008ad00000, 0x000000008ae00000, 0x000000008ae00000|100%|HS|  |TAMS 0x000000008ad00000, 0x000000008ad00000| Complete 
| 174|0x000000008ae00000, 0x000000008af00000, 0x000000008af00000|100%| O|  |TAMS 0x000000008ae00000, 0x000000008ae00000| Untracked 
| 175|0x000000008af00000, 0x000000008b000000, 0x000000008b000000|100%|HS|  |TAMS 0x000000008af00000, 0x000000008af00000| Complete 
| 176|0x000000008b000000, 0x000000008b100000, 0x000000008b100000|100%| O|  |TAMS 0x000000008b000000, 0x000000008b000000| Untracked 
| 177|0x000000008b100000, 0x000000008b200000, 0x000000008b200000|100%| O|  |TAMS 0x000000008b100000, 0x000000008b100000| Untracked 
| 178|0x000000008b200000, 0x000000008b300000, 0x000000008b300000|100%|HS|  |TAMS 0x000000008b200000, 0x000000008b200000| Complete 
| 179|0x000000008b300000, 0x000000008b400000, 0x000000008b400000|100%|HC|  |TAMS 0x000000008b300000, 0x000000008b300000| Complete 
| 180|0x000000008b400000, 0x000000008b500000, 0x000000008b500000|100%| O|  |TAMS 0x000000008b400000, 0x000000008b400000| Untracked 
| 181|0x000000008b500000, 0x000000008b600000, 0x000000008b600000|100%| O|  |TAMS 0x000000008b500000, 0x000000008b500000| Untracked 
| 182|0x000000008b600000, 0x000000008b700000, 0x000000008b700000|100%| O|  |TAMS 0x000000008b600000, 0x000000008b600000| Untracked 
| 183|0x000000008b700000, 0x000000008b800000, 0x000000008b800000|100%|HS|  |TAMS 0x000000008b700000, 0x000000008b700000| Complete 
| 184|0x000000008b800000, 0x000000008b900000, 0x000000008b900000|100%|HC|  |TAMS 0x000000008b800000, 0x000000008b800000| Complete 
| 185|0x000000008b900000, 0x000000008ba00000, 0x000000008ba00000|100%|HC|  |TAMS 0x000000008b900000, 0x000000008b900000| Complete 
| 186|0x000000008ba00000, 0x000000008bb00000, 0x000000008bb00000|100%|HS|  |TAMS 0x000000008ba00000, 0x000000008ba00000| Complete 
| 187|0x000000008bb00000, 0x000000008bc00000, 0x000000008bc00000|100%|HS|  |TAMS 0x000000008bb00000, 0x000000008bb00000| Complete 
| 188|0x000000008bc00000, 0x000000008bc00000, 0x000000008bd00000|  0%| F|  |TAMS 0x000000008bc00000, 0x000000008bc00000| Untracked 
| 189|0x000000008bd00000, 0x000000008bd00000, 0x000000008be00000|  0%| F|  |TAMS 0x000000008bd00000, 0x000000008bd00000| Untracked 
| 190|0x000000008be00000, 0x000000008be00000, 0x000000008bf00000|  0%| F|  |TAMS 0x000000008be00000, 0x000000008be00000| Untracked 
| 191|0x000000008bf00000, 0x000000008bf00000, 0x000000008c000000|  0%| F|  |TAMS 0x000000008bf00000, 0x000000008bf00000| Untracked 
| 192|0x000000008c000000, 0x000000008c000000, 0x000000008c100000|  0%| F|  |TAMS 0x000000008c000000, 0x000000008c000000| Untracked 
| 193|0x000000008c100000, 0x000000008c100000, 0x000000008c200000|  0%| F|  |TAMS 0x000000008c100000, 0x000000008c100000| Untracked 
| 194|0x000000008c200000, 0x000000008c200000, 0x000000008c300000|  0%| F|  |TAMS 0x000000008c200000, 0x000000008c200000| Untracked 
| 195|0x000000008c300000, 0x000000008c300000, 0x000000008c400000|  0%| F|  |TAMS 0x000000008c300000, 0x000000008c300000| Untracked 
| 196|0x000000008c400000, 0x000000008c400000, 0x000000008c500000|  0%| F|  |TAMS 0x000000008c400000, 0x000000008c400000| Untracked 
| 197|0x000000008c500000, 0x000000008c500000, 0x000000008c600000|  0%| F|  |TAMS 0x000000008c500000, 0x000000008c500000| Untracked 
| 198|0x000000008c600000, 0x000000008c600000, 0x000000008c700000|  0%| F|  |TAMS 0x000000008c600000, 0x000000008c600000| Untracked 
| 199|0x000000008c700000, 0x000000008c700000, 0x000000008c800000|  0%| F|  |TAMS 0x000000008c700000, 0x000000008c700000| Untracked 
| 200|0x000000008c800000, 0x000000008c800000, 0x000000008c900000|  0%| F|  |TAMS 0x000000008c800000, 0x000000008c800000| Untracked 
| 201|0x000000008c900000, 0x000000008c900000, 0x000000008ca00000|  0%| F|  |TAMS 0x000000008c900000, 0x000000008c900000| Untracked 
| 202|0x000000008ca00000, 0x000000008ca00000, 0x000000008cb00000|  0%| F|  |TAMS 0x000000008ca00000, 0x000000008ca00000| Untracked 
| 203|0x000000008cb00000, 0x000000008cc00000, 0x000000008cc00000|100%| O|  |TAMS 0x000000008cb00000, 0x000000008cb00000| Untracked 
| 204|0x000000008cc00000, 0x000000008cd00000, 0x000000008cd00000|100%| O|  |TAMS 0x000000008cc00000, 0x000000008cc00000| Untracked 
| 205|0x000000008cd00000, 0x000000008ce00000, 0x000000008ce00000|100%| O|  |TAMS 0x000000008cd00000, 0x000000008cd00000| Untracked 
| 206|0x000000008ce00000, 0x000000008cf00000, 0x000000008cf00000|100%| O|  |TAMS 0x000000008ce00000, 0x000000008ce00000| Untracked 
| 207|0x000000008cf00000, 0x000000008d000000, 0x000000008d000000|100%| O|  |TAMS 0x000000008cf00000, 0x000000008cf00000| Untracked 
| 208|0x000000008d000000, 0x000000008d100000, 0x000000008d100000|100%| O|  |TAMS 0x000000008d000000, 0x000000008d000000| Untracked 
| 209|0x000000008d100000, 0x000000008d200000, 0x000000008d200000|100%| O|  |TAMS 0x000000008d100000, 0x000000008d100000| Untracked 
| 210|0x000000008d200000, 0x000000008d300000, 0x000000008d300000|100%| O|  |TAMS 0x000000008d200000, 0x000000008d200000| Untracked 
| 211|0x000000008d300000, 0x000000008d400000, 0x000000008d400000|100%| O|  |TAMS 0x000000008d300000, 0x000000008d300000| Untracked 
| 212|0x000000008d400000, 0x000000008d500000, 0x000000008d500000|100%| O|  |TAMS 0x000000008d400000, 0x000000008d400000| Untracked 
| 213|0x000000008d500000, 0x000000008d600000, 0x000000008d600000|100%| O|  |TAMS 0x000000008d500000, 0x000000008d500000| Untracked 
| 214|0x000000008d600000, 0x000000008d600000, 0x000000008d700000|  0%| F|  |TAMS 0x000000008d600000, 0x000000008d600000| Untracked 
| 215|0x000000008d700000, 0x000000008d700000, 0x000000008d800000|  0%| F|  |TAMS 0x000000008d700000, 0x000000008d700000| Untracked 
| 216|0x000000008d800000, 0x000000008d800000, 0x000000008d900000|  0%| F|  |TAMS 0x000000008d800000, 0x000000008d800000| Untracked 
| 217|0x000000008d900000, 0x000000008d900000, 0x000000008da00000|  0%| F|  |TAMS 0x000000008d900000, 0x000000008d900000| Untracked 
| 218|0x000000008da00000, 0x000000008da00000, 0x000000008db00000|  0%| F|  |TAMS 0x000000008da00000, 0x000000008da00000| Untracked 
| 219|0x000000008db00000, 0x000000008db00000, 0x000000008dc00000|  0%| F|  |TAMS 0x000000008db00000, 0x000000008db00000| Untracked 
| 220|0x000000008dc00000, 0x000000008dc00000, 0x000000008dd00000|  0%| F|  |TAMS 0x000000008dc00000, 0x000000008dc00000| Untracked 
| 221|0x000000008dd00000, 0x000000008dd00000, 0x000000008de00000|  0%| F|  |TAMS 0x000000008dd00000, 0x000000008dd00000| Untracked 
| 222|0x000000008de00000, 0x000000008de00000, 0x000000008df00000|  0%| F|  |TAMS 0x000000008de00000, 0x000000008de00000| Untracked 
| 223|0x000000008df00000, 0x000000008df00000, 0x000000008e000000|  0%| F|  |TAMS 0x000000008df00000, 0x000000008df00000| Untracked 
| 224|0x000000008e000000, 0x000000008e000000, 0x000000008e100000|  0%| F|  |TAMS 0x000000008e000000, 0x000000008e000000| Untracked 
| 225|0x000000008e100000, 0x000000008e100000, 0x000000008e200000|  0%| F|  |TAMS 0x000000008e100000, 0x000000008e100000| Untracked 
| 226|0x000000008e200000, 0x000000008e200000, 0x000000008e300000|  0%| F|  |TAMS 0x000000008e200000, 0x000000008e200000| Untracked 
| 227|0x000000008e300000, 0x000000008e300000, 0x000000008e400000|  0%| F|  |TAMS 0x000000008e300000, 0x000000008e300000| Untracked 
| 228|0x000000008e400000, 0x000000008e400000, 0x000000008e500000|  0%| F|  |TAMS 0x000000008e400000, 0x000000008e400000| Untracked 
| 229|0x000000008e500000, 0x000000008e500000, 0x000000008e600000|  0%| F|  |TAMS 0x000000008e500000, 0x000000008e500000| Untracked 
| 230|0x000000008e600000, 0x000000008e600000, 0x000000008e700000|  0%| F|  |TAMS 0x000000008e600000, 0x000000008e600000| Untracked 
| 231|0x000000008e700000, 0x000000008e700000, 0x000000008e800000|  0%| F|  |TAMS 0x000000008e700000, 0x000000008e700000| Untracked 
| 232|0x000000008e800000, 0x000000008e800000, 0x000000008e900000|  0%| F|  |TAMS 0x000000008e800000, 0x000000008e800000| Untracked 
| 233|0x000000008e900000, 0x000000008e900000, 0x000000008ea00000|  0%| F|  |TAMS 0x000000008e900000, 0x000000008e900000| Untracked 
| 234|0x000000008ea00000, 0x000000008ea00000, 0x000000008eb00000|  0%| F|  |TAMS 0x000000008ea00000, 0x000000008ea00000| Untracked 
| 235|0x000000008eb00000, 0x000000008eb00000, 0x000000008ec00000|  0%| F|  |TAMS 0x000000008eb00000, 0x000000008eb00000| Untracked 
| 236|0x000000008ec00000, 0x000000008ec00000, 0x000000008ed00000|  0%| F|  |TAMS 0x000000008ec00000, 0x000000008ec00000| Untracked 
| 237|0x000000008ed00000, 0x000000008ed00000, 0x000000008ee00000|  0%| F|  |TAMS 0x000000008ed00000, 0x000000008ed00000| Untracked 
| 238|0x000000008ee00000, 0x000000008ee00000, 0x000000008ef00000|  0%| F|  |TAMS 0x000000008ee00000, 0x000000008ee00000| Untracked 
| 239|0x000000008ef00000, 0x000000008ef00000, 0x000000008f000000|  0%| F|  |TAMS 0x000000008ef00000, 0x000000008ef00000| Untracked 
| 240|0x000000008f000000, 0x000000008f000000, 0x000000008f100000|  0%| F|  |TAMS 0x000000008f000000, 0x000000008f000000| Untracked 
| 241|0x000000008f100000, 0x000000008f100000, 0x000000008f200000|  0%| F|  |TAMS 0x000000008f100000, 0x000000008f100000| Untracked 
| 242|0x000000008f200000, 0x000000008f200000, 0x000000008f300000|  0%| F|  |TAMS 0x000000008f200000, 0x000000008f200000| Untracked 
| 243|0x000000008f300000, 0x000000008f300000, 0x000000008f400000|  0%| F|  |TAMS 0x000000008f300000, 0x000000008f300000| Untracked 
| 244|0x000000008f400000, 0x000000008f400000, 0x000000008f500000|  0%| F|  |TAMS 0x000000008f400000, 0x000000008f400000| Untracked 
| 245|0x000000008f500000, 0x000000008f500000, 0x000000008f600000|  0%| F|  |TAMS 0x000000008f500000, 0x000000008f500000| Untracked 
| 246|0x000000008f600000, 0x000000008f600000, 0x000000008f700000|  0%| F|  |TAMS 0x000000008f600000, 0x000000008f600000| Untracked 
| 247|0x000000008f700000, 0x000000008f700000, 0x000000008f800000|  0%| F|  |TAMS 0x000000008f700000, 0x000000008f700000| Untracked 
| 248|0x000000008f800000, 0x000000008f800000, 0x000000008f900000|  0%| F|  |TAMS 0x000000008f800000, 0x000000008f800000| Untracked 
| 249|0x000000008f900000, 0x000000008f900000, 0x000000008fa00000|  0%| F|  |TAMS 0x000000008f900000, 0x000000008f900000| Untracked 
| 250|0x000000008fa00000, 0x000000008fa00000, 0x000000008fb00000|  0%| F|  |TAMS 0x000000008fa00000, 0x000000008fa00000| Untracked 
| 251|0x000000008fb00000, 0x000000008fb00000, 0x000000008fc00000|  0%| F|  |TAMS 0x000000008fb00000, 0x000000008fb00000| Untracked 
| 252|0x000000008fc00000, 0x000000008fc00000, 0x000000008fd00000|  0%| F|  |TAMS 0x000000008fc00000, 0x000000008fc00000| Untracked 
| 253|0x000000008fd00000, 0x000000008fd00000, 0x000000008fe00000|  0%| F|  |TAMS 0x000000008fd00000, 0x000000008fd00000| Untracked 
| 254|0x000000008fe00000, 0x000000008fe00000, 0x000000008ff00000|  0%| F|  |TAMS 0x000000008fe00000, 0x000000008fe00000| Untracked 
| 255|0x000000008ff00000, 0x000000008ff00000, 0x0000000090000000|  0%| F|  |TAMS 0x000000008ff00000, 0x000000008ff00000| Untracked 
| 256|0x0000000090000000, 0x0000000090000000, 0x0000000090100000|  0%| F|  |TAMS 0x0000000090000000, 0x0000000090000000| Untracked 
| 257|0x0000000090100000, 0x0000000090100000, 0x0000000090200000|  0%| F|  |TAMS 0x0000000090100000, 0x0000000090100000| Untracked 
| 258|0x0000000090200000, 0x0000000090200000, 0x0000000090300000|  0%| F|  |TAMS 0x0000000090200000, 0x0000000090200000| Untracked 
| 259|0x0000000090300000, 0x0000000090300000, 0x0000000090400000|  0%| F|  |TAMS 0x0000000090300000, 0x0000000090300000| Untracked 
| 260|0x0000000090400000, 0x0000000090400000, 0x0000000090500000|  0%| F|  |TAMS 0x0000000090400000, 0x0000000090400000| Untracked 
| 261|0x0000000090500000, 0x0000000090500000, 0x0000000090600000|  0%| F|  |TAMS 0x0000000090500000, 0x0000000090500000| Untracked 
| 262|0x0000000090600000, 0x0000000090600000, 0x0000000090700000|  0%| F|  |TAMS 0x0000000090600000, 0x0000000090600000| Untracked 
| 263|0x0000000090700000, 0x0000000090700000, 0x0000000090800000|  0%| F|  |TAMS 0x0000000090700000, 0x0000000090700000| Untracked 
| 264|0x0000000090800000, 0x0000000090800000, 0x0000000090900000|  0%| F|  |TAMS 0x0000000090800000, 0x0000000090800000| Untracked 
| 265|0x0000000090900000, 0x0000000090900000, 0x0000000090a00000|  0%| F|  |TAMS 0x0000000090900000, 0x0000000090900000| Untracked 
| 266|0x0000000090a00000, 0x0000000090a00000, 0x0000000090b00000|  0%| F|  |TAMS 0x0000000090a00000, 0x0000000090a00000| Untracked 
| 267|0x0000000090b00000, 0x0000000090b00000, 0x0000000090c00000|  0%| F|  |TAMS 0x0000000090b00000, 0x0000000090b00000| Untracked 
| 268|0x0000000090c00000, 0x0000000090c00000, 0x0000000090d00000|  0%| F|  |TAMS 0x0000000090c00000, 0x0000000090c00000| Untracked 
| 269|0x0000000090d00000, 0x0000000090d00000, 0x0000000090e00000|  0%| F|  |TAMS 0x0000000090d00000, 0x0000000090d00000| Untracked 
| 270|0x0000000090e00000, 0x0000000090e00000, 0x0000000090f00000|  0%| F|  |TAMS 0x0000000090e00000, 0x0000000090e00000| Untracked 
| 271|0x0000000090f00000, 0x0000000090f00000, 0x0000000091000000|  0%| F|  |TAMS 0x0000000090f00000, 0x0000000090f00000| Untracked 
| 272|0x0000000091000000, 0x0000000091000000, 0x0000000091100000|  0%| F|  |TAMS 0x0000000091000000, 0x0000000091000000| Untracked 
| 273|0x0000000091100000, 0x0000000091100000, 0x0000000091200000|  0%| F|  |TAMS 0x0000000091100000, 0x0000000091100000| Untracked 
| 274|0x0000000091200000, 0x0000000091200000, 0x0000000091300000|  0%| F|  |TAMS 0x0000000091200000, 0x0000000091200000| Untracked 
| 275|0x0000000091300000, 0x0000000091300000, 0x0000000091400000|  0%| F|  |TAMS 0x0000000091300000, 0x0000000091300000| Untracked 
| 276|0x0000000091400000, 0x0000000091400000, 0x0000000091500000|  0%| F|  |TAMS 0x0000000091400000, 0x0000000091400000| Untracked 
| 277|0x0000000091500000, 0x0000000091500000, 0x0000000091600000|  0%| F|  |TAMS 0x0000000091500000, 0x0000000091500000| Untracked 
| 278|0x0000000091600000, 0x0000000091600000, 0x0000000091700000|  0%| F|  |TAMS 0x0000000091600000, 0x0000000091600000| Untracked 
| 279|0x0000000091700000, 0x0000000091700000, 0x0000000091800000|  0%| F|  |TAMS 0x0000000091700000, 0x0000000091700000| Untracked 
| 280|0x0000000091800000, 0x0000000091800000, 0x0000000091900000|  0%| F|  |TAMS 0x0000000091800000, 0x0000000091800000| Untracked 
| 281|0x0000000091900000, 0x0000000091900000, 0x0000000091a00000|  0%| F|  |TAMS 0x0000000091900000, 0x0000000091900000| Untracked 
| 282|0x0000000091a00000, 0x0000000091a00000, 0x0000000091b00000|  0%| F|  |TAMS 0x0000000091a00000, 0x0000000091a00000| Untracked 
| 283|0x0000000091b00000, 0x0000000091b00000, 0x0000000091c00000|  0%| F|  |TAMS 0x0000000091b00000, 0x0000000091b00000| Untracked 
| 284|0x0000000091c00000, 0x0000000091c00000, 0x0000000091d00000|  0%| F|  |TAMS 0x0000000091c00000, 0x0000000091c00000| Untracked 
| 285|0x0000000091d00000, 0x0000000091d00000, 0x0000000091e00000|  0%| F|  |TAMS 0x0000000091d00000, 0x0000000091d00000| Untracked 
| 286|0x0000000091e00000, 0x0000000091e00000, 0x0000000091f00000|  0%| F|  |TAMS 0x0000000091e00000, 0x0000000091e00000| Untracked 
| 287|0x0000000091f00000, 0x0000000091f00000, 0x0000000092000000|  0%| F|  |TAMS 0x0000000091f00000, 0x0000000091f00000| Untracked 
| 288|0x0000000092000000, 0x0000000092000000, 0x0000000092100000|  0%| F|  |TAMS 0x0000000092000000, 0x0000000092000000| Untracked 
| 289|0x0000000092100000, 0x0000000092100000, 0x0000000092200000|  0%| F|  |TAMS 0x0000000092100000, 0x0000000092100000| Untracked 
| 290|0x0000000092200000, 0x0000000092200000, 0x0000000092300000|  0%| F|  |TAMS 0x0000000092200000, 0x0000000092200000| Untracked 
| 291|0x0000000092300000, 0x0000000092300000, 0x0000000092400000|  0%| F|  |TAMS 0x0000000092300000, 0x0000000092300000| Untracked 
| 292|0x0000000092400000, 0x0000000092400000, 0x0000000092500000|  0%| F|  |TAMS 0x0000000092400000, 0x0000000092400000| Untracked 
| 293|0x0000000092500000, 0x0000000092500000, 0x0000000092600000|  0%| F|  |TAMS 0x0000000092500000, 0x0000000092500000| Untracked 
| 294|0x0000000092600000, 0x0000000092600000, 0x0000000092700000|  0%| F|  |TAMS 0x0000000092600000, 0x0000000092600000| Untracked 
| 295|0x0000000092700000, 0x0000000092700000, 0x0000000092800000|  0%| F|  |TAMS 0x0000000092700000, 0x0000000092700000| Untracked 
| 296|0x0000000092800000, 0x0000000092800000, 0x0000000092900000|  0%| F|  |TAMS 0x0000000092800000, 0x0000000092800000| Untracked 
| 297|0x0000000092900000, 0x0000000092900000, 0x0000000092a00000|  0%| F|  |TAMS 0x0000000092900000, 0x0000000092900000| Untracked 
| 298|0x0000000092a00000, 0x0000000092a00000, 0x0000000092b00000|  0%| F|  |TAMS 0x0000000092a00000, 0x0000000092a00000| Untracked 
| 299|0x0000000092b00000, 0x0000000092b00000, 0x0000000092c00000|  0%| F|  |TAMS 0x0000000092b00000, 0x0000000092b00000| Untracked 
| 300|0x0000000092c00000, 0x0000000092c00000, 0x0000000092d00000|  0%| F|  |TAMS 0x0000000092c00000, 0x0000000092c00000| Untracked 
| 301|0x0000000092d00000, 0x0000000092d00000, 0x0000000092e00000|  0%| F|  |TAMS 0x0000000092d00000, 0x0000000092d00000| Untracked 
| 302|0x0000000092e00000, 0x0000000092e00000, 0x0000000092f00000|  0%| F|  |TAMS 0x0000000092e00000, 0x0000000092e00000| Untracked 
| 303|0x0000000092f00000, 0x0000000092f00000, 0x0000000093000000|  0%| F|  |TAMS 0x0000000092f00000, 0x0000000092f00000| Untracked 
| 304|0x0000000093000000, 0x0000000093000000, 0x0000000093100000|  0%| F|  |TAMS 0x0000000093000000, 0x0000000093000000| Untracked 
| 305|0x0000000093100000, 0x0000000093100000, 0x0000000093200000|  0%| F|  |TAMS 0x0000000093100000, 0x0000000093100000| Untracked 
| 306|0x0000000093200000, 0x0000000093200000, 0x0000000093300000|  0%| F|  |TAMS 0x0000000093200000, 0x0000000093200000| Untracked 
| 307|0x0000000093300000, 0x0000000093300000, 0x0000000093400000|  0%| F|  |TAMS 0x0000000093300000, 0x0000000093300000| Untracked 
| 308|0x0000000093400000, 0x0000000093400000, 0x0000000093500000|  0%| F|  |TAMS 0x0000000093400000, 0x0000000093400000| Untracked 
| 309|0x0000000093500000, 0x0000000093500000, 0x0000000093600000|  0%| F|  |TAMS 0x0000000093500000, 0x0000000093500000| Untracked 
| 310|0x0000000093600000, 0x0000000093600000, 0x0000000093700000|  0%| F|  |TAMS 0x0000000093600000, 0x0000000093600000| Untracked 
| 311|0x0000000093700000, 0x0000000093700000, 0x0000000093800000|  0%| F|  |TAMS 0x0000000093700000, 0x0000000093700000| Untracked 
| 312|0x0000000093800000, 0x0000000093800000, 0x0000000093900000|  0%| F|  |TAMS 0x0000000093800000, 0x0000000093800000| Untracked 
| 313|0x0000000093900000, 0x0000000093900000, 0x0000000093a00000|  0%| F|  |TAMS 0x0000000093900000, 0x0000000093900000| Untracked 
| 314|0x0000000093a00000, 0x0000000093a00000, 0x0000000093b00000|  0%| F|  |TAMS 0x0000000093a00000, 0x0000000093a00000| Untracked 
| 315|0x0000000093b00000, 0x0000000093b00000, 0x0000000093c00000|  0%| F|  |TAMS 0x0000000093b00000, 0x0000000093b00000| Untracked 
| 316|0x0000000093c00000, 0x0000000093c00000, 0x0000000093d00000|  0%| F|  |TAMS 0x0000000093c00000, 0x0000000093c00000| Untracked 
| 317|0x0000000093d00000, 0x0000000093d00000, 0x0000000093e00000|  0%| F|  |TAMS 0x0000000093d00000, 0x0000000093d00000| Untracked 
| 318|0x0000000093e00000, 0x0000000093e00000, 0x0000000093f00000|  0%| F|  |TAMS 0x0000000093e00000, 0x0000000093e00000| Untracked 
| 319|0x0000000093f00000, 0x0000000093f00000, 0x0000000094000000|  0%| F|  |TAMS 0x0000000093f00000, 0x0000000093f00000| Untracked 
| 320|0x0000000094000000, 0x0000000094000000, 0x0000000094100000|  0%| F|  |TAMS 0x0000000094000000, 0x0000000094000000| Untracked 
| 321|0x0000000094100000, 0x0000000094100000, 0x0000000094200000|  0%| F|  |TAMS 0x0000000094100000, 0x0000000094100000| Untracked 
| 322|0x0000000094200000, 0x0000000094200000, 0x0000000094300000|  0%| F|  |TAMS 0x0000000094200000, 0x0000000094200000| Untracked 
| 323|0x0000000094300000, 0x0000000094300000, 0x0000000094400000|  0%| F|  |TAMS 0x0000000094300000, 0x0000000094300000| Untracked 
| 324|0x0000000094400000, 0x0000000094400000, 0x0000000094500000|  0%| F|  |TAMS 0x0000000094400000, 0x0000000094400000| Untracked 
| 325|0x0000000094500000, 0x0000000094500000, 0x0000000094600000|  0%| F|  |TAMS 0x0000000094500000, 0x0000000094500000| Untracked 
| 326|0x0000000094600000, 0x0000000094600000, 0x0000000094700000|  0%| F|  |TAMS 0x0000000094600000, 0x0000000094600000| Untracked 
| 327|0x0000000094700000, 0x0000000094700000, 0x0000000094800000|  0%| F|  |TAMS 0x0000000094700000, 0x0000000094700000| Untracked 
| 328|0x0000000094800000, 0x0000000094800000, 0x0000000094900000|  0%| F|  |TAMS 0x0000000094800000, 0x0000000094800000| Untracked 
| 329|0x0000000094900000, 0x0000000094900000, 0x0000000094a00000|  0%| F|  |TAMS 0x0000000094900000, 0x0000000094900000| Untracked 
| 330|0x0000000094a00000, 0x0000000094a00000, 0x0000000094b00000|  0%| F|  |TAMS 0x0000000094a00000, 0x0000000094a00000| Untracked 
| 331|0x0000000094b00000, 0x0000000094b00000, 0x0000000094c00000|  0%| F|  |TAMS 0x0000000094b00000, 0x0000000094b00000| Untracked 
| 332|0x0000000094c00000, 0x0000000094c00000, 0x0000000094d00000|  0%| F|  |TAMS 0x0000000094c00000, 0x0000000094c00000| Untracked 
| 333|0x0000000094d00000, 0x0000000094e00000, 0x0000000094e00000|100%| S|CS|TAMS 0x0000000094d00000, 0x0000000094d00000| Complete 
| 334|0x0000000094e00000, 0x0000000094f00000, 0x0000000094f00000|100%| S|CS|TAMS 0x0000000094e00000, 0x0000000094e00000| Complete 
| 335|0x0000000094f00000, 0x0000000095000000, 0x0000000095000000|100%| S|CS|TAMS 0x0000000094f00000, 0x0000000094f00000| Complete 
| 336|0x0000000095000000, 0x0000000095000000, 0x0000000095100000|  0%| F|  |TAMS 0x0000000095000000, 0x0000000095000000| Untracked 
| 337|0x0000000095100000, 0x0000000095100000, 0x0000000095200000|  0%| F|  |TAMS 0x0000000095100000, 0x0000000095100000| Untracked 
| 338|0x0000000095200000, 0x0000000095200000, 0x0000000095300000|  0%| F|  |TAMS 0x0000000095200000, 0x0000000095200000| Untracked 
| 339|0x0000000095300000, 0x0000000095300000, 0x0000000095400000|  0%| F|  |TAMS 0x0000000095300000, 0x0000000095300000| Untracked 
| 340|0x0000000095400000, 0x0000000095400000, 0x0000000095500000|  0%| F|  |TAMS 0x0000000095400000, 0x0000000095400000| Untracked 
| 341|0x0000000095500000, 0x0000000095500000, 0x0000000095600000|  0%| F|  |TAMS 0x0000000095500000, 0x0000000095500000| Untracked 
| 342|0x0000000095600000, 0x0000000095600000, 0x0000000095700000|  0%| F|  |TAMS 0x0000000095600000, 0x0000000095600000| Untracked 
| 343|0x0000000095700000, 0x0000000095700000, 0x0000000095800000|  0%| F|  |TAMS 0x0000000095700000, 0x0000000095700000| Untracked 
| 344|0x0000000095800000, 0x0000000095800000, 0x0000000095900000|  0%| F|  |TAMS 0x0000000095800000, 0x0000000095800000| Untracked 
| 345|0x0000000095900000, 0x0000000095900000, 0x0000000095a00000|  0%| F|  |TAMS 0x0000000095900000, 0x0000000095900000| Untracked 
| 346|0x0000000095a00000, 0x0000000095a00000, 0x0000000095b00000|  0%| F|  |TAMS 0x0000000095a00000, 0x0000000095a00000| Untracked 
| 347|0x0000000095b00000, 0x0000000095b00000, 0x0000000095c00000|  0%| F|  |TAMS 0x0000000095b00000, 0x0000000095b00000| Untracked 
| 348|0x0000000095c00000, 0x0000000095c00000, 0x0000000095d00000|  0%| F|  |TAMS 0x0000000095c00000, 0x0000000095c00000| Untracked 
| 349|0x0000000095d00000, 0x0000000095d00000, 0x0000000095e00000|  0%| F|  |TAMS 0x0000000095d00000, 0x0000000095d00000| Untracked 
| 350|0x0000000095e00000, 0x0000000095e00000, 0x0000000095f00000|  0%| F|  |TAMS 0x0000000095e00000, 0x0000000095e00000| Untracked 
| 351|0x0000000095f00000, 0x0000000095f00000, 0x0000000096000000|  0%| F|  |TAMS 0x0000000095f00000, 0x0000000095f00000| Untracked 
| 352|0x0000000096000000, 0x0000000096000000, 0x0000000096100000|  0%| F|  |TAMS 0x0000000096000000, 0x0000000096000000| Untracked 
| 353|0x0000000096100000, 0x0000000096100000, 0x0000000096200000|  0%| F|  |TAMS 0x0000000096100000, 0x0000000096100000| Untracked 
| 354|0x0000000096200000, 0x0000000096200000, 0x0000000096300000|  0%| F|  |TAMS 0x0000000096200000, 0x0000000096200000| Untracked 
| 355|0x0000000096300000, 0x0000000096400000, 0x0000000096400000|100%| O|  |TAMS 0x0000000096300000, 0x0000000096300000| Untracked 
| 356|0x0000000096400000, 0x0000000096500000, 0x0000000096500000|100%| O|  |TAMS 0x0000000096400000, 0x0000000096400000| Untracked 
| 357|0x0000000096500000, 0x0000000096600000, 0x0000000096600000|100%| O|  |TAMS 0x0000000096500000, 0x0000000096500000| Untracked 
| 358|0x0000000096600000, 0x0000000096700000, 0x0000000096700000|100%| O|  |TAMS 0x0000000096600000, 0x0000000096600000| Untracked 
| 359|0x0000000096700000, 0x0000000096800000, 0x0000000096800000|100%| O|  |TAMS 0x0000000096700000, 0x0000000096700000| Untracked 
| 360|0x0000000096800000, 0x0000000096900000, 0x0000000096900000|100%| O|  |TAMS 0x0000000096800000, 0x0000000096800000| Untracked 
| 361|0x0000000096900000, 0x0000000096a00000, 0x0000000096a00000|100%| O|  |TAMS 0x0000000096900000, 0x0000000096900000| Untracked 
| 362|0x0000000096a00000, 0x0000000096b00000, 0x0000000096b00000|100%| O|  |TAMS 0x0000000096a00000, 0x0000000096a00000| Untracked 
| 363|0x0000000096b00000, 0x0000000096c00000, 0x0000000096c00000|100%| O|  |TAMS 0x0000000096b00000, 0x0000000096b00000| Untracked 
| 364|0x0000000096c00000, 0x0000000096d00000, 0x0000000096d00000|100%| O|  |TAMS 0x0000000096c00000, 0x0000000096c00000| Untracked 
| 365|0x0000000096d00000, 0x0000000096e00000, 0x0000000096e00000|100%| O|  |TAMS 0x0000000096d00000, 0x0000000096d00000| Untracked 
| 366|0x0000000096e00000, 0x0000000096f00000, 0x0000000096f00000|100%| O|  |TAMS 0x0000000096e00000, 0x0000000096e00000| Untracked 
| 367|0x0000000096f00000, 0x0000000097000000, 0x0000000097000000|100%| O|  |TAMS 0x0000000096f00000, 0x0000000096f00000| Untracked 
| 368|0x0000000097000000, 0x0000000097100000, 0x0000000097100000|100%| O|  |TAMS 0x0000000097000000, 0x0000000097000000| Untracked 
| 369|0x0000000097100000, 0x0000000097200000, 0x0000000097200000|100%| O|  |TAMS 0x0000000097100000, 0x0000000097100000| Untracked 
| 370|0x0000000097200000, 0x0000000097300000, 0x0000000097300000|100%| O|  |TAMS 0x0000000097200000, 0x0000000097200000| Untracked 
| 371|0x0000000097300000, 0x0000000097400000, 0x0000000097400000|100%| O|  |TAMS 0x0000000097300000, 0x0000000097300000| Untracked 
| 372|0x0000000097400000, 0x0000000097500000, 0x0000000097500000|100%| O|  |TAMS 0x0000000097400000, 0x0000000097400000| Untracked 
| 373|0x0000000097500000, 0x0000000097600000, 0x0000000097600000|100%| O|  |TAMS 0x0000000097500000, 0x0000000097500000| Untracked 
| 374|0x0000000097600000, 0x0000000097700000, 0x0000000097700000|100%| O|  |TAMS 0x0000000097600000, 0x0000000097600000| Untracked 
| 375|0x0000000097700000, 0x0000000097800000, 0x0000000097800000|100%| O|  |TAMS 0x0000000097700000, 0x0000000097700000| Untracked 
| 376|0x0000000097800000, 0x0000000097900000, 0x0000000097900000|100%| O|  |TAMS 0x0000000097800000, 0x0000000097800000| Untracked 
| 377|0x0000000097900000, 0x0000000097a00000, 0x0000000097a00000|100%| O|  |TAMS 0x0000000097900000, 0x0000000097900000| Untracked 
| 378|0x0000000097a00000, 0x0000000097b00000, 0x0000000097b00000|100%| O|  |TAMS 0x0000000097a00000, 0x0000000097a00000| Untracked 
| 379|0x0000000097b00000, 0x0000000097c00000, 0x0000000097c00000|100%| O|  |TAMS 0x0000000097b00000, 0x0000000097b00000| Untracked 
| 380|0x0000000097c00000, 0x0000000097d00000, 0x0000000097d00000|100%| O|  |TAMS 0x0000000097c00000, 0x0000000097c00000| Untracked 
| 381|0x0000000097d00000, 0x0000000097e00000, 0x0000000097e00000|100%| O|  |TAMS 0x0000000097d00000, 0x0000000097d00000| Untracked 
| 382|0x0000000097e00000, 0x0000000097f00000, 0x0000000097f00000|100%| O|  |TAMS 0x0000000097e00000, 0x0000000097e00000| Untracked 
| 383|0x0000000097f00000, 0x0000000098000000, 0x0000000098000000|100%| O|  |TAMS 0x0000000097f00000, 0x0000000097f00000| Untracked 
| 384|0x0000000098000000, 0x0000000098100000, 0x0000000098100000|100%| O|  |TAMS 0x0000000098000000, 0x0000000098000000| Untracked 
| 385|0x0000000098100000, 0x0000000098200000, 0x0000000098200000|100%| O|  |TAMS 0x0000000098100000, 0x0000000098100000| Untracked 
| 386|0x0000000098200000, 0x0000000098300000, 0x0000000098300000|100%| O|  |TAMS 0x0000000098200000, 0x0000000098200000| Untracked 
| 387|0x0000000098300000, 0x0000000098400000, 0x0000000098400000|100%| O|  |TAMS 0x0000000098300000, 0x0000000098300000| Untracked 
| 388|0x0000000098400000, 0x0000000098500000, 0x0000000098500000|100%| O|  |TAMS 0x0000000098400000, 0x0000000098400000| Untracked 
| 389|0x0000000098500000, 0x0000000098600000, 0x0000000098600000|100%| O|  |TAMS 0x0000000098500000, 0x0000000098500000| Untracked 
| 390|0x0000000098600000, 0x0000000098700000, 0x0000000098700000|100%| O|  |TAMS 0x0000000098600000, 0x0000000098600000| Untracked 
| 391|0x0000000098700000, 0x0000000098800000, 0x0000000098800000|100%| O|  |TAMS 0x0000000098700000, 0x0000000098700000| Untracked 
| 392|0x0000000098800000, 0x0000000098900000, 0x0000000098900000|100%| O|  |TAMS 0x0000000098800000, 0x0000000098800000| Untracked 
| 393|0x0000000098900000, 0x0000000098a00000, 0x0000000098a00000|100%| O|  |TAMS 0x0000000098900000, 0x0000000098900000| Untracked 
| 394|0x0000000098a00000, 0x0000000098b00000, 0x0000000098b00000|100%| O|  |TAMS 0x0000000098a00000, 0x0000000098a00000| Untracked 
| 395|0x0000000098b00000, 0x0000000098c00000, 0x0000000098c00000|100%| O|  |TAMS 0x0000000098b00000, 0x0000000098b00000| Untracked 
| 396|0x0000000098c00000, 0x0000000098d00000, 0x0000000098d00000|100%| O|  |TAMS 0x0000000098c00000, 0x0000000098c00000| Untracked 
| 397|0x0000000098d00000, 0x0000000098e00000, 0x0000000098e00000|100%| O|  |TAMS 0x0000000098d00000, 0x0000000098d00000| Untracked 
| 398|0x0000000098e00000, 0x0000000098f00000, 0x0000000098f00000|100%| O|  |TAMS 0x0000000098e00000, 0x0000000098e00000| Untracked 

Card table byte_map: [0x000001792f050000,0x000001792f450000] _byte_map_base: 0x000001792ec50000

Marking Bits (Prev, Next): (CMBitMap*) 0x000001791a3af4e0, (CMBitMap*) 0x000001791a3af4a8
 Prev Bits: [0x0000017931850000, 0x0000017933850000)
 Next Bits: [0x000001792f850000, 0x0000017931850000)

Polling page: 0x000001791a170000

Metaspace:

Usage:
  Non-class:     90.07 MB capacity,    88.34 MB ( 98%) used,     1.39 MB (  2%) free+waste,   345.69 KB ( <1%) overhead. 
      Class:     14.04 MB capacity,    13.02 MB ( 93%) used,   892.86 KB (  6%) free+waste,   150.69 KB (  1%) overhead. 
       Both:    104.11 MB capacity,   101.36 MB ( 97%) used,     2.26 MB (  2%) free+waste,   496.38 KB ( <1%) overhead. 

Virtual space:
  Non-class space:       92.00 MB reserved,      90.12 MB ( 98%) committed 
      Class space:        1.00 GB reserved,      14.13 MB (  1%) committed 
             Both:        1.09 GB reserved,     104.25 MB (  9%) committed 

Chunk freelists:
   Non-Class:  50.00 KB
       Class:  0 bytes
        Both:  50.00 KB

MaxMetaspaceSize: 17179869184.00 GB
CompressedClassSpaceSize: 1.00 GB

CodeHeap 'non-profiled nmethods': size=120064Kb used=11905Kb max_used=11905Kb free=108158Kb
 bounds [0x00000179270f0000, 0x0000017927ca0000, 0x000001792e630000]
CodeHeap 'profiled nmethods': size=120000Kb used=36169Kb max_used=36169Kb free=83830Kb
 bounds [0x000001791fbc0000, 0x0000017921fb0000, 0x00000179270f0000]
CodeHeap 'non-nmethods': size=5696Kb used=2309Kb max_used=2384Kb free=3386Kb
 bounds [0x000001791f630000, 0x000001791f8a0000, 0x000001791fbc0000]
 total_blobs=16959 nmethods=16042 adapters=826
 compilation: enabled
              stopped_count=0, restarted_count=0
 full_count=0

Compilation events (20 events):
Event: 94.893 Thread 0x0000017935ec4800 17872       2       com.android.tools.r8.code.r::<init> (7 bytes)
Event: 94.894 Thread 0x0000017935ec4800 nmethod 17872 0x00000179200ce390 code [0x00000179200ce540, 0x00000179200ce698]
Event: 95.132 Thread 0x0000017935ec4800 17873 %     3       com.android.tools.r8.dex.j::a @ 28 (266 bytes)
Event: 95.135 Thread 0x0000017935ec4800 nmethod 17873% 0x000001792017fd90 code [0x0000017920180120, 0x0000017920181a18]
Event: 95.136 Thread 0x0000017935ec4800 17874       3       com.android.tools.r8.dex.j::a (266 bytes)
Event: 95.139 Thread 0x0000017935ec4800 nmethod 17874 0x00000179201fc190 code [0x00000179201fc520, 0x00000179201fdcb8]
Event: 95.272 Thread 0x0000017935ec4800 17875       2       com.android.tools.r8.code.M0::<init> (34 bytes)
Event: 95.273 Thread 0x0000017935ec4800 nmethod 17875 0x00000179200cde10 code [0x00000179200cdfe0, 0x00000179200ce1a8]
Event: 95.314 Thread 0x0000017935ec4800 17878       2       com.android.tools.r8.code.C3::hashCode (31 bytes)
Event: 95.315 Thread 0x0000017935ec4800 nmethod 17878 0x00000179200d2110 code [0x00000179200d22e0, 0x00000179200d2438]
Event: 95.324 Thread 0x0000017935ec4800 17879       2       com.android.tools.r8.code.s2::<init> (7 bytes)
Event: 95.324 Thread 0x0000017935ec4800 nmethod 17879 0x00000179200db010 code [0x00000179200db1c0, 0x00000179200db318]
Event: 95.328 Thread 0x0000017935ec4800 17880       2       com.android.tools.r8.code.p0::<init> (7 bytes)
Event: 95.328 Thread 0x0000017935ec4800 nmethod 17880 0x00000179200daa10 code [0x00000179200dabe0, 0x00000179200dae18]
Event: 95.359 Thread 0x0000017935ec4800 17881       2       org.gradle.internal.io.BufferCaster::cast (2 bytes)
Event: 95.359 Thread 0x0000017935ec4800 nmethod 17881 0x000001791fbef090 code [0x000001791fbef240, 0x000001791fbef318]
Event: 95.364 Thread 0x0000017935ec4800 17882       2       com.android.tools.r8.code.z2::<init> (7 bytes)
Event: 95.365 Thread 0x0000017935ec4800 nmethod 17882 0x00000179200da410 code [0x00000179200da5e0, 0x00000179200da818]
Event: 95.375 Thread 0x0000017935ec4800 17883 %     3       com.android.tools.r8.dex.j::f @ 34 (109 bytes)
Event: 95.376 Thread 0x0000017935ec4800 nmethod 17883% 0x00000179200fbc90 code [0x00000179200fbf20, 0x00000179200fcb18]

GC Heap History (20 events):
Event: 77.082 GC heap after
{Heap after GC invocations=86 (full 0):
 garbage-first heap   total 359424K, used 165069K [0x0000000080000000, 0x0000000100000000)
  region size 1024K, 5 young (5120K), 5 survivors (5120K)
 Metaspace       used 102327K, capacity 104936K, committed 104956K, reserved 1140736K
  class space    used 13187K, capacity 14189K, committed 14208K, reserved 1048576K
}
Event: 78.107 GC heap before
{Heap before GC invocations=86 (full 0):
 garbage-first heap   total 359424K, used 315597K [0x0000000080000000, 0x0000000100000000)
  region size 1024K, 152 young (155648K), 5 survivors (5120K)
 Metaspace       used 102330K, capacity 104936K, committed 104956K, reserved 1140736K
  class space    used 13187K, capacity 14189K, committed 14208K, reserved 1048576K
}
Event: 78.134 GC heap after
{Heap after GC invocations=87 (full 0):
 garbage-first heap   total 359424K, used 165866K [0x0000000080000000, 0x0000000100000000)
  region size 1024K, 6 young (6144K), 6 survivors (6144K)
 Metaspace       used 102330K, capacity 104936K, committed 104956K, reserved 1140736K
  class space    used 13187K, capacity 14189K, committed 14208K, reserved 1048576K
}
Event: 79.224 GC heap before
{Heap before GC invocations=87 (full 0):
 garbage-first heap   total 359424K, used 315370K [0x0000000080000000, 0x0000000100000000)
  region size 1024K, 152 young (155648K), 6 survivors (6144K)
 Metaspace       used 102335K, capacity 104936K, committed 104956K, reserved 1140736K
  class space    used 13187K, capacity 14189K, committed 14208K, reserved 1048576K
}
Event: 79.251 GC heap after
{Heap after GC invocations=88 (full 0):
 garbage-first heap   total 359424K, used 166716K [0x0000000080000000, 0x0000000100000000)
  region size 1024K, 7 young (7168K), 7 survivors (7168K)
 Metaspace       used 102335K, capacity 104936K, committed 104956K, reserved 1140736K
  class space    used 13187K, capacity 14189K, committed 14208K, reserved 1048576K
}
Event: 81.144 GC heap before
{Heap before GC invocations=88 (full 0):
 garbage-first heap   total 359424K, used 316220K [0x0000000080000000, 0x0000000100000000)
  region size 1024K, 151 young (154624K), 7 survivors (7168K)
 Metaspace       used 102401K, capacity 105010K, committed 105212K, reserved 1140736K
  class space    used 13188K, capacity 14189K, committed 14208K, reserved 1048576K
}
Event: 81.180 GC heap after
{Heap after GC invocations=89 (full 0):
 garbage-first heap   total 359424K, used 172631K [0x0000000080000000, 0x0000000100000000)
  region size 1024K, 11 young (11264K), 11 survivors (11264K)
 Metaspace       used 102401K, capacity 105010K, committed 105212K, reserved 1140736K
  class space    used 13188K, capacity 14189K, committed 14208K, reserved 1048576K
}
Event: 85.818 GC heap before
{Heap before GC invocations=89 (full 0):
 garbage-first heap   total 359424K, used 312919K [0x0000000080000000, 0x0000000100000000)
  region size 1024K, 145 young (148480K), 11 survivors (11264K)
 Metaspace       used 102415K, capacity 105015K, committed 105212K, reserved 1140736K
  class space    used 13188K, capacity 14189K, committed 14208K, reserved 1048576K
}
Event: 85.849 GC heap after
{Heap after GC invocations=90 (full 0):
 garbage-first heap   total 359424K, used 167632K [0x0000000080000000, 0x0000000100000000)
  region size 1024K, 7 young (7168K), 7 survivors (7168K)
 Metaspace       used 102415K, capacity 105015K, committed 105212K, reserved 1140736K
  class space    used 13188K, capacity 14189K, committed 14208K, reserved 1048576K
}
Event: 86.889 GC heap before
{Heap before GC invocations=90 (full 0):
 garbage-first heap   total 359424K, used 315088K [0x0000000080000000, 0x0000000100000000)
  region size 1024K, 151 young (154624K), 7 survivors (7168K)
 Metaspace       used 102419K, capacity 105015K, committed 105212K, reserved 1140736K
  class space    used 13190K, capacity 14189K, committed 14208K, reserved 1048576K
}
Event: 86.917 GC heap after
{Heap after GC invocations=91 (full 0):
 garbage-first heap   total 359424K, used 167771K [0x0000000080000000, 0x0000000100000000)
  region size 1024K, 7 young (7168K), 7 survivors (7168K)
 Metaspace       used 102419K, capacity 105015K, committed 105212K, reserved 1140736K
  class space    used 13190K, capacity 14189K, committed 14208K, reserved 1048576K
}
Event: 88.080 GC heap before
{Heap before GC invocations=91 (full 0):
 garbage-first heap   total 359424K, used 315227K [0x0000000080000000, 0x0000000100000000)
  region size 1024K, 151 young (154624K), 7 survivors (7168K)
 Metaspace       used 102428K, capacity 105027K, committed 105212K, reserved 1140736K
  class space    used 13191K, capacity 14191K, committed 14208K, reserved 1048576K
}
Event: 88.110 GC heap after
{Heap after GC invocations=92 (full 0):
 garbage-first heap   total 359424K, used 168782K [0x0000000080000000, 0x0000000100000000)
  region size 1024K, 8 young (8192K), 8 survivors (8192K)
 Metaspace       used 102428K, capacity 105027K, committed 105212K, reserved 1140736K
  class space    used 13191K, capacity 14191K, committed 14208K, reserved 1048576K
}
Event: 91.180 GC heap before
{Heap before GC invocations=92 (full 0):
 garbage-first heap   total 359424K, used 301902K [0x0000000080000000, 0x0000000100000000)
  region size 1024K, 130 young (133120K), 8 survivors (8192K)
 Metaspace       used 102748K, capacity 105395K, committed 105596K, reserved 1140736K
  class space    used 13221K, capacity 14266K, committed 14336K, reserved 1048576K
}
Event: 91.242 GC heap after
{Heap after GC invocations=93 (full 0):
 garbage-first heap   total 359424K, used 170603K [0x0000000080000000, 0x0000000100000000)
  region size 1024K, 7 young (7168K), 7 survivors (7168K)
 Metaspace       used 102748K, capacity 105395K, committed 105596K, reserved 1140736K
  class space    used 13221K, capacity 14266K, committed 14336K, reserved 1048576K
}
Event: 94.896 GC heap before
{Heap before GC invocations=94 (full 0):
 garbage-first heap   total 359424K, used 342635K [0x0000000080000000, 0x0000000100000000)
  region size 1024K, 148 young (151552K), 7 survivors (7168K)
 Metaspace       used 103787K, capacity 106601K, committed 106748K, reserved 1142784K
  class space    used 13328K, capacity 14372K, committed 14464K, reserved 1048576K
}
Event: 95.121 GC heap after
{Heap after GC invocations=95 (full 0):
 garbage-first heap   total 408576K, used 246627K [0x0000000080000000, 0x0000000100000000)
  region size 1024K, 19 young (19456K), 19 survivors (19456K)
 Metaspace       used 103787K, capacity 106601K, committed 106748K, reserved 1142784K
  class space    used 13328K, capacity 14372K, committed 14464K, reserved 1048576K
}
Event: 95.141 GC heap before
{Heap before GC invocations=95 (full 0):
 garbage-first heap   total 408576K, used 247651K [0x0000000080000000, 0x0000000100000000)
  region size 1024K, 20 young (20480K), 19 survivors (19456K)
 Metaspace       used 103787K, capacity 106601K, committed 106748K, reserved 1142784K
  class space    used 13328K, capacity 14372K, committed 14464K, reserved 1048576K
}
Event: 95.269 GC heap after
{Heap after GC invocations=96 (full 0):
 garbage-first heap   total 408576K, used 239104K [0x0000000080000000, 0x0000000100000000)
  region size 1024K, 2 young (2048K), 2 survivors (2048K)
 Metaspace       used 103787K, capacity 106601K, committed 106748K, reserved 1142784K
  class space    used 13328K, capacity 14372K, committed 14464K, reserved 1048576K
}
Event: 95.387 GC heap before
{Heap before GC invocations=96 (full 0):
 garbage-first heap   total 408576K, used 256512K [0x0000000080000000, 0x0000000100000000)
  region size 1024K, 19 young (19456K), 2 survivors (2048K)
 Metaspace       used 103792K, capacity 106607K, committed 106748K, reserved 1142784K
  class space    used 13329K, capacity 14373K, committed 14464K, reserved 1048576K
}

Deoptimization events (20 events):
Event: 94.243 Thread 0x000001793dd64000 Uncommon trap: trap_request=0xffffffde fr.pc=0x0000017927c14bf0 relative=0x0000000000000110
Event: 94.243 Thread 0x000001793dd64000 Uncommon trap: reason=class_check action=maybe_recompile pc=0x0000017927c14bf0 method=com.android.tools.r8.internal.ir.a(Ljava/util/function/Predicate;Ljava/util/function/Consumer;Lcom/android/tools/r8/graph/P;)Lcom/android/tools/r8/internal/GF; @ 12 c2
Event: 94.243 Thread 0x000001793dd64000 DEOPT PACKING pc=0x0000017927c14bf0 sp=0x00000007471fe800
Event: 94.243 Thread 0x000001793dd64000 DEOPT UNPACKING pc=0x000001791f6578af sp=0x00000007471fe728 mode 2
Event: 94.277 Thread 0x000001793dd64000 DEOPT PACKING pc=0x00000179205e7858 sp=0x00000007471feef0
Event: 94.277 Thread 0x000001793dd64000 DEOPT UNPACKING pc=0x000001791f6576ce sp=0x00000007471fe518 mode 0
Event: 94.286 Thread 0x000001793dd67000 DEOPT PACKING pc=0x00000179205e7858 sp=0x00000007493fe860
Event: 94.286 Thread 0x000001793dd67000 DEOPT UNPACKING pc=0x000001791f6576ce sp=0x00000007493fde88 mode 0
Event: 94.381 Thread 0x000001793dd60800 DEOPT PACKING pc=0x0000017921f03b4b sp=0x00000007492fe0b0
Event: 94.381 Thread 0x000001793dd60800 DEOPT UNPACKING pc=0x000001791f6576ce sp=0x00000007492fdd00 mode 0
Event: 94.395 Thread 0x000001793dd67000 DEOPT PACKING pc=0x0000017921f03b4b sp=0x00000007493fe050
Event: 94.395 Thread 0x000001793dd67000 DEOPT UNPACKING pc=0x000001791f6576ce sp=0x00000007493fdca0 mode 0
Event: 94.400 Thread 0x000001793dd67000 DEOPT PACKING pc=0x00000179202a1239 sp=0x00000007493fe4f0
Event: 94.400 Thread 0x000001793dd67000 DEOPT UNPACKING pc=0x000001791f6576ce sp=0x00000007493fdbb0 mode 0
Event: 94.437 Thread 0x000001793dd65800 DEOPT PACKING pc=0x0000017921f03b4b sp=0x00000007490fdee0
Event: 94.437 Thread 0x000001793dd65800 DEOPT UNPACKING pc=0x000001791f6576ce sp=0x00000007490fdb30 mode 0
Event: 94.455 Thread 0x000001793dd65800 DEOPT PACKING pc=0x00000179202a1239 sp=0x00000007490fe3a0
Event: 94.455 Thread 0x000001793dd65800 DEOPT UNPACKING pc=0x000001791f6576ce sp=0x00000007490fda60 mode 0
Event: 95.139 Thread 0x000001793dd67000 DEOPT PACKING pc=0x000001791ffcc1b8 sp=0x00000007493fe900
Event: 95.139 Thread 0x000001793dd67000 DEOPT UNPACKING pc=0x000001791f6576ce sp=0x00000007493fded8 mode 0

Classes redefined (0 events):
No events

Internal exceptions (20 events):
Event: 41.702 Thread 0x0000017937f1d000 Exception <a 'java/lang/IncompatibleClassChangeError'{0x000000009312e5f8}: Found class java.lang.Object, but interface was expected> (0x000000009312e5f8) thrown at [./src/hotspot/share/interpreter/linkResolver.cpp, line 839]
Event: 54.508 Thread 0x0000017937f11800 Implicit null exception at 0x0000017927835c14 to 0x000001792783610c
Event: 67.584 Thread 0x0000017937f1d000 Exception <a 'java/lang/NoSuchMethodError'{0x000000008fe3ba50}: 'void java.lang.invoke.DirectMethodHandle$Holder.invokeSpecial(java.lang.Object, java.lang.Object, int, java.lang.Object, java.lang.Object, java.lang.Object, java.lang.Object)'> (0x000000008fe3ba50) thrown at [./src/hotspot/share/interpreter/linkResolver.cpp, line 773]
Event: 67.586 Thread 0x0000017937f1d000 Exception <a 'java/lang/NoSuchMethodError'{0x000000008fe47650}: 'java.lang.Object java.lang.invoke.Invokers$Holder.linkToTargetMethod(java.lang.Object, int, java.lang.Object, java.lang.Object, java.lang.Object, java.lang.Object)'> (0x000000008fe47650) thrown at [./src/hotspot/share/interpreter/linkResolver.cpp, line 773]
Event: 67.587 Thread 0x0000017937f1d000 Exception <a 'java/lang/NoSuchMethodError'{0x000000008fe4bb00}: 'void java.lang.invoke.DirectMethodHandle$Holder.invokeSpecial(java.lang.Object, java.lang.Object, java.lang.Object, java.lang.Object, java.lang.Object, java.lang.Object, java.lang.Object, java.lang.Object, java.lang.Object)'> (0x000000008fe4bb00) thrown at [./src/hotspot/share/interpreter/linkResolver.cpp, line 773]
Event: 67.741 Thread 0x0000017937f1d000 Exception <a 'java/lang/NoSuchMethodError'{0x000000008eb136f0}: 'void java.lang.invoke.DirectMethodHandle$Holder.invokeStatic(java.lang.Object, java.lang.Object, java.lang.Object, java.lang.Object, java.lang.Object, java.lang.Object, java.lang.Object, java.lang.Object)'> (0x000000008eb136f0) thrown at [./src/hotspot/share/interpreter/linkResolver.cpp, line 773]
Event: 68.497 Thread 0x0000017937f1d000 Exception <a 'java/lang/IncompatibleClassChangeError'{0x00000000934bfce0}: Found class java.lang.Object, but interface was expected> (0x00000000934bfce0) thrown at [./src/hotspot/share/interpreter/linkResolver.cpp, line 839]
Event: 69.433 Thread 0x0000017937f1d000 Exception <a 'java/lang/NoSuchMethodError'{0x000000008e2fc358}: 'void java.lang.invoke.DirectMethodHandle$Holder.invokeVirtual(java.lang.Object, java.lang.Object, int)'> (0x000000008e2fc358) thrown at [./src/hotspot/share/interpreter/linkResolver.cpp, line 773]
Event: 70.008 Thread 0x0000017937f1d000 Exception <a 'sun/nio/fs/WindowsException'{0x00000000956abb88}> (0x00000000956abb88) thrown at [./src/hotspot/share/prims/jni.cpp, line 615]
Event: 71.112 Thread 0x0000017937f1d000 Exception <a 'java/lang/NoSuchMethodError'{0x000000008ed93500}: 'void java.lang.invoke.DirectMethodHandle$Holder.invokeStatic(java.lang.Object, java.lang.Object, java.lang.Object, java.lang.Object, java.lang.Object, java.lang.Object, java.lang.Object)'> (0x000000008ed93500) thrown at [./src/hotspot/share/interpreter/linkResolver.cpp, line 773]
Event: 71.672 Thread 0x0000017937f1d000 Exception <a 'sun/nio/fs/WindowsException'{0x0000000092fc82f0}> (0x0000000092fc82f0) thrown at [./src/hotspot/share/prims/jni.cpp, line 615]
Event: 75.719 Thread 0x0000017937f19000 Exception <a 'sun/nio/fs/WindowsException'{0x00000000911746a0}> (0x00000000911746a0) thrown at [./src/hotspot/share/prims/jni.cpp, line 615]
Event: 75.997 Thread 0x0000017937f1d000 Exception <a 'sun/nio/fs/WindowsException'{0x000000008e4a24a8}> (0x000000008e4a24a8) thrown at [./src/hotspot/share/prims/jni.cpp, line 615]
Event: 76.277 Thread 0x0000017937f19000 Exception <a 'sun/nio/fs/WindowsException'{0x000000009599b2e8}> (0x000000009599b2e8) thrown at [./src/hotspot/share/prims/jni.cpp, line 615]
Event: 76.291 Thread 0x0000017937f19000 Exception <a 'sun/nio/fs/WindowsException'{0x00000000959ee3d8}> (0x00000000959ee3d8) thrown at [./src/hotspot/share/prims/jni.cpp, line 615]
Event: 81.436 Thread 0x0000017937f1a800 Exception <a 'sun/nio/fs/WindowsException'{0x00000000953796d0}> (0x00000000953796d0) thrown at [./src/hotspot/share/prims/jni.cpp, line 615]
Event: 90.269 Thread 0x0000017937f11800 Exception <a 'sun/nio/fs/WindowsException'{0x000000008ee83170}> (0x000000008ee83170) thrown at [./src/hotspot/share/prims/jni.cpp, line 615]
Event: 90.595 Thread 0x000001793dd5f000 Implicit null exception at 0x0000017927546794 to 0x00000179275491a8
Event: 92.243 Thread 0x000001793734a000 Exception <a 'java/lang/NoSuchMethodError'{0x0000000095bf3e10}: <clinit>> (0x0000000095bf3e10) thrown at [./src/hotspot/share/prims/jni.cpp, line 1362]
Event: 92.930 Thread 0x000001793dd60000 Exception <a 'sun/nio/fs/WindowsException'{0x000000009542d8a0}> (0x000000009542d8a0) thrown at [./src/hotspot/share/prims/jni.cpp, line 615]

Events (20 events):
Event: 94.151 Executing VM operation: RevokeBias done
Event: 94.151 loading class java/util/AbstractList$RandomAccessSubList
Event: 94.152 Executing VM operation: RevokeBias
Event: 94.152 loading class java/util/AbstractList$SubList
Event: 94.153 loading class java/util/AbstractList$SubList done
Event: 94.154 loading class java/util/AbstractList$RandomAccessSubList done
Event: 94.154 Executing VM operation: RevokeBias done
Event: 94.154 loading class java/util/AbstractList$SubList$1
Event: 94.156 Executing VM operation: RevokeBias
Event: 94.157 Executing VM operation: RevokeBias done
Event: 94.157 loading class java/util/AbstractList$SubList$1 done
Event: 94.171 Executing VM operation: RevokeBias
Event: 94.172 Executing VM operation: RevokeBias done
Event: 94.212 loading class com/android/tools/r8/internal/Sg
Event: 94.212 loading class com/android/tools/r8/internal/Sg done
Event: 94.896 Executing VM operation: G1CollectForAllocation
Event: 95.121 Executing VM operation: G1CollectForAllocation done
Event: 95.141 Executing VM operation: G1CollectForAllocation
Event: 95.269 Executing VM operation: G1CollectForAllocation done
Event: 95.384 Executing VM operation: G1CollectForAllocation


Dynamic libraries:
0x00007ff765860000 - 0x00007ff76586a000 	C:\Program Files\Android\Android Studio\jre\bin\java.exe
0x00007ff9c0c50000 - 0x00007ff9c0e45000 	C:\Windows\SYSTEM32\ntdll.dll
0x00007ff9c0550000 - 0x00007ff9c060e000 	C:\Windows\System32\KERNEL32.DLL
0x00007ff9be680000 - 0x00007ff9be948000 	C:\Windows\System32\KERNELBASE.dll
0x00007ff9be3d0000 - 0x00007ff9be4d0000 	C:\Windows\System32\ucrtbase.dll
0x00007ff9b80c0000 - 0x00007ff9b80d7000 	C:\Program Files\Android\Android Studio\jre\bin\VCRUNTIME140.dll
0x00007ff9b80a0000 - 0x00007ff9b80b9000 	C:\Program Files\Android\Android Studio\jre\bin\jli.dll
0x00007ff9bedc0000 - 0x00007ff9bef61000 	C:\Windows\System32\USER32.dll
0x00007ff9be950000 - 0x00007ff9be972000 	C:\Windows\System32\win32u.dll
0x00007ff9c0520000 - 0x00007ff9c054b000 	C:\Windows\System32\GDI32.dll
0x00007ff9be980000 - 0x00007ff9bea8b000 	C:\Windows\System32\gdi32full.dll
0x00007ff9bec00000 - 0x00007ff9bec9d000 	C:\Windows\System32\msvcp_win.dll
0x00007ff9ace10000 - 0x00007ff9ad0aa000 	C:\Windows\WinSxS\amd64_microsoft.windows.common-controls_6595b64144ccf1df_6.0.19041.1110_none_60b5254171f9507e\COMCTL32.dll
0x00007ff9bfb80000 - 0x00007ff9bfc1e000 	C:\Windows\System32\msvcrt.dll
0x00007ff9bf1a0000 - 0x00007ff9bf1d0000 	C:\Windows\System32\IMM32.DLL
0x00007ff98b6a0000 - 0x00007ff98b73d000 	C:\Program Files\Android\Android Studio\jre\bin\msvcp140.dll
0x00007ff9500f0000 - 0x00007ff950bbf000 	C:\Program Files\Android\Android Studio\jre\bin\server\jvm.dll
0x00007ff9c02e0000 - 0x00007ff9c038c000 	C:\Windows\System32\ADVAPI32.dll
0x00007ff9bef70000 - 0x00007ff9bf00b000 	C:\Windows\System32\sechost.dll
0x00007ff9c00d0000 - 0x00007ff9c01fa000 	C:\Windows\System32\RPCRT4.dll
0x00007ff9bfc20000 - 0x00007ff9bfc28000 	C:\Windows\System32\PSAPI.DLL
0x00007ff9a2e80000 - 0x00007ff9a2ea7000 	C:\Windows\SYSTEM32\WINMM.dll
0x00007ff96c050000 - 0x00007ff96c059000 	C:\Windows\SYSTEM32\WSOCK32.dll
0x00007ff9adc20000 - 0x00007ff9adc2a000 	C:\Windows\SYSTEM32\VERSION.dll
0x00007ff9c0390000 - 0x00007ff9c03fb000 	C:\Windows\System32\WS2_32.dll
0x00007ff9bc270000 - 0x00007ff9bc282000 	C:\Windows\SYSTEM32\kernel.appcore.dll
0x00007ff9b7c20000 - 0x00007ff9b7c31000 	C:\Program Files\Android\Android Studio\jre\bin\verify.dll
0x00007ff9b8fc0000 - 0x00007ff9b91a4000 	C:\Windows\SYSTEM32\DBGHELP.DLL
0x00007ff9abb00000 - 0x00007ff9abb2c000 	C:\Windows\SYSTEM32\dbgcore.DLL
0x00007ff9beb40000 - 0x00007ff9bebc3000 	C:\Windows\System32\bcryptPrimitives.dll
0x00007ff9b7bf0000 - 0x00007ff9b7c19000 	C:\Program Files\Android\Android Studio\jre\bin\java.dll
0x00007ff9b8550000 - 0x00007ff9b855b000 	C:\Program Files\Android\Android Studio\jre\bin\jimage.dll
0x00007ff9b6080000 - 0x00007ff9b6098000 	C:\Program Files\Android\Android Studio\jre\bin\zip.dll
0x00007ff9bf2b0000 - 0x00007ff9bf9ef000 	C:\Windows\System32\SHELL32.dll
0x00007ff9bc470000 - 0x00007ff9bcc00000 	C:\Windows\SYSTEM32\windows.storage.dll
0x00007ff9c0610000 - 0x00007ff9c0965000 	C:\Windows\System32\combase.dll
0x00007ff9bdcf0000 - 0x00007ff9bdd1e000 	C:\Windows\SYSTEM32\Wldp.dll
0x00007ff9bed10000 - 0x00007ff9bedbd000 	C:\Windows\System32\SHCORE.dll
0x00007ff9becb0000 - 0x00007ff9bed05000 	C:\Windows\System32\shlwapi.dll
0x00007ff9be2b0000 - 0x00007ff9be2cf000 	C:\Windows\SYSTEM32\profapi.dll
0x00007ff9b24c0000 - 0x00007ff9b24da000 	C:\Program Files\Android\Android Studio\jre\bin\net.dll
0x00007ff9b1130000 - 0x00007ff9b123c000 	C:\Windows\SYSTEM32\WINHTTP.dll
0x00007ff9bda50000 - 0x00007ff9bdaba000 	C:\Windows\system32\mswsock.dll
0x00007ff99e570000 - 0x00007ff99e584000 	C:\Program Files\Android\Android Studio\jre\bin\nio.dll
0x00007ff99daa0000 - 0x00007ff99dac7000 	C:\Users\Franc\.gradle\native\8bec1ad78214c89d9ad589b4d07fe93259594b29d510b10fafb7a158f7737e5d\windows-amd64\native-platform.dll
0x00007ff981590000 - 0x00007ff9816cd000 	C:\Users\Franc\.gradle\native\53dbd7edfb1c66fb8903c78663c9afc45aea4f116125fa6feffd364cf09443e8\windows-amd64\native-platform-file-events.dll
0x00007ff9b7ea0000 - 0x00007ff9b7eaa000 	C:\Program Files\Android\Android Studio\jre\bin\management.dll
0x00007ff9b61d0000 - 0x00007ff9b61dc000 	C:\Program Files\Android\Android Studio\jre\bin\management_ext.dll
0x00007ff9bdc40000 - 0x00007ff9bdc58000 	C:\Windows\SYSTEM32\CRYPTSP.dll
0x00007ff9bd3d0000 - 0x00007ff9bd404000 	C:\Windows\system32\rsaenh.dll
0x00007ff9bebd0000 - 0x00007ff9bebf7000 	C:\Windows\System32\bcrypt.dll
0x00007ff9be270000 - 0x00007ff9be29e000 	C:\Windows\SYSTEM32\USERENV.dll
0x00007ff9bdc60000 - 0x00007ff9bdc6c000 	C:\Windows\SYSTEM32\CRYPTBASE.dll
0x00007ff9bd740000 - 0x00007ff9bd77b000 	C:\Windows\SYSTEM32\IPHLPAPI.DLL
0x00007ff9bf2a0000 - 0x00007ff9bf2a8000 	C:\Windows\System32\NSI.dll
0x00007ff9b3cb0000 - 0x00007ff9b3cc7000 	C:\Windows\SYSTEM32\dhcpcsvc6.DLL
0x00007ff9b3c70000 - 0x00007ff9b3c8d000 	C:\Windows\SYSTEM32\dhcpcsvc.DLL
0x00007ff9bd780000 - 0x00007ff9bd84b000 	C:\Windows\SYSTEM32\DNSAPI.dll

dbghelp: loaded successfully - version: 4.0.5 - missing functions: none
symbol engine: initialized successfully - sym options: 0x614 - pdb path: .;C:\Program Files\Android\Android Studio\jre\bin;C:\Windows\SYSTEM32;C:\Windows\WinSxS\amd64_microsoft.windows.common-controls_6595b64144ccf1df_6.0.19041.1110_none_60b5254171f9507e;C:\Program Files\Android\Android Studio\jre\bin\server;C:\Users\Franc\.gradle\native\8bec1ad78214c89d9ad589b4d07fe93259594b29d510b10fafb7a158f7737e5d\windows-amd64;C:\Users\Franc\.gradle\native\53dbd7edfb1c66fb8903c78663c9afc45aea4f116125fa6feffd364cf09443e8\windows-amd64

VM Arguments:
jvm_args: --add-opens=java.base/java.util=ALL-UNNAMED --add-opens=java.base/java.lang=ALL-UNNAMED --add-opens=java.base/java.lang.invoke=ALL-UNNAMED --add-opens=java.base/java.util=ALL-UNNAMED --add-opens=java.prefs/java.util.prefs=ALL-UNNAMED --add-opens=java.prefs/java.util.prefs=ALL-UNNAMED --add-opens=java.base/java.nio.charset=ALL-UNNAMED --add-opens=java.base/java.net=ALL-UNNAMED --add-opens=java.base/java.util.concurrent.atomic=ALL-UNNAMED -Xmx2048m -Dfile.encoding=UTF-8 -Duser.country=US -Duser.language=en -Duser.variant 
java_command: org.gradle.launcher.daemon.bootstrap.GradleDaemon 7.0.2
java_class_path (initial): C:\Users\Franc\.gradle\wrapper\dists\gradle-7.0.2-bin\857tjihv64xamwrf0h14cai3r\gradle-7.0.2\lib\gradle-launcher-7.0.2.jar
Launcher Type: SUN_STANDARD

[Global flags]
     intx CICompilerCount                          = 3                                         {product} {ergonomic}
     uint ConcGCThreads                            = 1                                         {product} {ergonomic}
     uint G1ConcRefinementThreads                  = 4                                         {product} {ergonomic}
   size_t G1HeapRegionSize                         = 1048576                                   {product} {ergonomic}
    uintx GCDrainStackTargetSize                   = 64                                        {product} {ergonomic}
   size_t InitialHeapSize                          = 67108864                                  {product} {ergonomic}
   size_t MarkStackSize                            = 4194304                                   {product} {ergonomic}
   size_t MaxHeapSize                              = 2147483648                                {product} {command line}
   size_t MaxNewSize                               = 1287651328                                {product} {ergonomic}
   size_t MinHeapDeltaBytes                        = 1048576                                   {product} {ergonomic}
    uintx NonNMethodCodeHeapSize                   = 5830732                                {pd product} {ergonomic}
    uintx NonProfiledCodeHeapSize                  = 122913754                              {pd product} {ergonomic}
    uintx ProfiledCodeHeapSize                     = 122913754                              {pd product} {ergonomic}
    uintx ReservedCodeCacheSize                    = 251658240                              {pd product} {ergonomic}
     bool SegmentedCodeCache                       = true                                      {product} {ergonomic}
     bool UseCompressedClassPointers               = true                                 {lp64_product} {ergonomic}
     bool UseCompressedOops                        = true                                 {lp64_product} {ergonomic}
     bool UseG1GC                                  = true                                      {product} {ergonomic}
     bool UseLargePagesIndividualAllocation        = false                                  {pd product} {ergonomic}

Logging:
Log output configuration:
 #0: stdout all=warning uptime,level,tags
 #1: stderr all=off uptime,level,tags

Environment Variables:
PATH=C:\Program Files\Rockwell Software\RSCommon;C:\Program Files (x86)\VMware\VMware Player\bin\;C:\Program Files\Microsoft MPI\Bin\;C:\Windows\system32;C:\Windows;C:\Windows\System32\Wbem;C:\Windows\System32\WindowsPowerShell\v1.0\;C:\Windows\System32\OpenSSH\;C:\Program Files (x86)\Microsoft SQL Server\150\Tools\Binn\;C:\Program Files\Microsoft SQL Server\150\Tools\Binn\;C:\Program Files (x86)\Microsoft SQL Server\150\DTS\Binn\;C:\Program Files\Microsoft SQL Server\150\DTS\Binn\;C:\Program Files\Microsoft SQL Server\Client SDK\ODBC\170\Tools\Binn\;C:\Program Files\dotnet\;C:\Program Files\Microsoft SQL Server\130\Tools\Binn\;C:\Program Files\Azure Data Studio\bin;C:\Program Files (x86)\dotnet\;C:\Program Files\Git\cmd;C:\Users\Franc\AppData\Local\Microsoft\WindowsApps;C:\Users\Franc\AppData\Local\Programs\Microsoft VS Code\bin;C:\Users\Franc\.dotnet\tools;C:\Program Files\Azure Data Studio\bin;C:\Users\Franc\AppData\Local\GitHubDesktop\bin
USERNAME=Franc
OS=Windows_NT
PROCESSOR_IDENTIFIER=Intel64 Family 6 Model 61 Stepping 4, GenuineIntel



---------------  S Y S T E M  ---------------

OS: Windows 10 , 64 bit Build 19041 (10.0.19041.1348)
OS uptime: 25 days 12:44 hours

CPU:total 4 (initial active 4) (2 cores per cpu, 2 threads per core) family 6 model 61 stepping 4 microcode 0x2d, cmov, cx8, fxsr, mmx, sse, sse2, sse3, ssse3, sse4.1, sse4.2, popcnt, avx, avx2, aes, clmul, erms, 3dnowpref, lzcnt, ht, tsc, tscinvbit, bmi1, bmi2, adx, fma

Memory: 4k page, system-wide physical 3998M (270M free)
TotalPageFile size 16286M (AvailPageFile size 142M)
current process WorkingSet (physical memory assigned to process): 633M, peak: 638M
current process commit charge ("private bytes"): 804M, peak: 942M

vm_info: OpenJDK 64-Bit Server VM (11.0.10+0-b96-7249189) for windows-amd64 JRE (11.0.10+0-b96-7249189), built on Mar 31 2021 21:44:00 by "builder" with MS VC++ 14.0 (VS2015)

END.
