#
# There is insufficient memory for the Java Runtime Environment to continue.
# Native memory allocation (malloc) failed to allocate 998896 bytes for Chunk::new
# Possible reasons:
#   The system is out of physical RAM or swap space
#   The process is running with CompressedOops enabled, and the Java Heap may be blocking the growth of the native heap
# Possible solutions:
#   Reduce memory load on the system
#   Increase physical memory or swap space
#   Check if swap backing store is full
#   Decrease Java heap size (-Xmx/-Xms)
#   Decrease number of Java threads
#   Decrease Java thread stack sizes (-Xss)
#   Set larger code cache with -XX:ReservedCodeCacheSize=
#   JVM is running with Unscaled Compressed Oops mode in which the Java heap is
#     placed in the first 4GB address space. The Java Heap base address is the
#     maximum limit for the native heap growth. Please use -XX:HeapBaseMinAddress
#     to set the Java Heap base and to place the Java Heap above 4GB virtual address.
# This output file may be truncated or incomplete.
#
#  Out of Memory Error (./src/hotspot/share/memory/arena.cpp:197), pid=21428, tid=10620
#
# JRE version: OpenJDK Runtime Environment (11.0.10) (build 11.0.10+0-b96-7249189)
# Java VM: OpenJDK 64-Bit Server VM (11.0.10+0-b96-7249189, mixed mode, tiered, compressed oops, g1 gc, windows-amd64)
# No core dump will be written. Minidumps are not enabled by default on client versions of Windows
#

---------------  S U M M A R Y ------------

Command Line: --add-opens=java.base/java.util=ALL-UNNAMED --add-opens=java.base/java.lang=ALL-UNNAMED --add-opens=java.base/java.lang.invoke=ALL-UNNAMED --add-opens=java.base/java.util=ALL-UNNAMED --add-opens=java.prefs/java.util.prefs=ALL-UNNAMED --add-opens=java.prefs/java.util.prefs=ALL-UNNAMED --add-opens=java.base/java.nio.charset=ALL-UNNAMED --add-opens=java.base/java.net=ALL-UNNAMED --add-opens=java.base/java.util.concurrent.atomic=ALL-UNNAMED -Xmx2048m -Dfile.encoding=UTF-8 -Duser.country=US -Duser.language=en -Duser.variant org.gradle.launcher.daemon.bootstrap.GradleDaemon 7.0.2

Host: Intel(R) Core(TM) i3-5010U CPU @ 2.10GHz, 4 cores, 3G,  Windows 10 , 64 bit Build 19041 (10.0.19041.1348)
Time: Fri Dec 10 22:27:55 2021 SA Western Standard Time elapsed time: 450.224263 seconds (0d 0h 7m 30s)

---------------  T H R E A D  ---------------

Current thread (0x000002bb6014a800):  JavaThread "C2 CompilerThread0" daemon [_thread_in_native, id=10620, stack(0x000000dea4d00000,0x000000dea4e00000)]


Current CompileTask:
C2: 450224 24710       4       jdk.internal.org.objectweb.asm.Frame::execute (2264 bytes)

Stack: [0x000000dea4d00000,0x000000dea4e00000]
Native frames: (J=compiled Java code, j=interpreted, Vv=VM code, C=native code)
V  [jvm.dll+0x5ecfaa]
V  [jvm.dll+0x722bd5]
V  [jvm.dll+0x72412d]
V  [jvm.dll+0x7247e3]
V  [jvm.dll+0x242928]
V  [jvm.dll+0xbc4fc]
V  [jvm.dll+0xbca0c]
V  [jvm.dll+0x2b4fd4]
V  [jvm.dll+0x506028]
V  [jvm.dll+0x203253]
V  [jvm.dll+0x1fd07c]
V  [jvm.dll+0x1fa77f]
V  [jvm.dll+0x18354c]
V  [jvm.dll+0x208ee7]
V  [jvm.dll+0x207731]
V  [jvm.dll+0x6eb1cf]
V  [jvm.dll+0x6e3d45]
V  [jvm.dll+0x5ebe96]
C  [ucrtbase.dll+0x21bb2]
C  [KERNEL32.DLL+0x17034]
C  [ntdll.dll+0x52651]


---------------  P R O C E S S  ---------------

Threads class SMR info:
_java_thread_list=0x000002bb679d77d0, length=53, elements={
0x000002bb4652e000, 0x000002bb600dc800, 0x000002bb600dd800, 0x000002bb60137000,
0x000002bb60139000, 0x000002bb6013b000, 0x000002bb6014a800, 0x000002bb6014c000,
0x000002bb60151800, 0x000002bb60baf000, 0x000002bb63236800, 0x000002bb62cb4000,
0x000002bb6319b000, 0x000002bb62c45800, 0x000002bb62c40800, 0x000002bb62c46800,
0x000002bb62c41800, 0x000002bb62c42800, 0x000002bb62c43000, 0x000002bb62c45000,
0x000002bb63db0000, 0x000002bb63db1000, 0x000002bb63db8800, 0x000002bb63db5000,
0x000002bb63dbc800, 0x000002bb63db3800, 0x000002bb63db2800, 0x000002bb63db1800,
0x000002bb63daf800, 0x000002bb63dbd000, 0x000002bb63db7800, 0x000002bb63db9000,
0x000002bb63dba000, 0x000002bb63dba800, 0x000002bb62c47000, 0x000002bb62c44000,
0x000002bb62232000, 0x000002bb62230000, 0x000002bb62232800, 0x000002bb62233800,
0x000002bb62234800, 0x000002bb62236000, 0x000002bb62235000, 0x000002bb62236800,
0x000002bb62231000, 0x000002bb67bb6800, 0x000002bb67bba000, 0x000002bb67bb6000,
0x000002bb67bb7800, 0x000002bb67bb9000, 0x000002bb67bb5000, 0x000002bb67bb4000,
0x000002bb67bbb000
}

Java Threads: ( => current thread )
  0x000002bb4652e000 JavaThread "main" [_thread_blocked, id=6132, stack(0x000000dea4100000,0x000000dea4200000)]
  0x000002bb600dc800 JavaThread "Reference Handler" daemon [_thread_blocked, id=11100, stack(0x000000dea4800000,0x000000dea4900000)]
  0x000002bb600dd800 JavaThread "Finalizer" daemon [_thread_blocked, id=18200, stack(0x000000dea4900000,0x000000dea4a00000)]
  0x000002bb60137000 JavaThread "Signal Dispatcher" daemon [_thread_blocked, id=9456, stack(0x000000dea4a00000,0x000000dea4b00000)]
  0x000002bb60139000 JavaThread "Attach Listener" daemon [_thread_blocked, id=6236, stack(0x000000dea4b00000,0x000000dea4c00000)]
  0x000002bb6013b000 JavaThread "Service Thread" daemon [_thread_blocked, id=22340, stack(0x000000dea4c00000,0x000000dea4d00000)]
=>0x000002bb6014a800 JavaThread "C2 CompilerThread0" daemon [_thread_in_native, id=10620, stack(0x000000dea4d00000,0x000000dea4e00000)]
  0x000002bb6014c000 JavaThread "C1 CompilerThread0" daemon [_thread_in_native, id=19864, stack(0x000000dea4e00000,0x000000dea4f00000)]
  0x000002bb60151800 JavaThread "Sweeper thread" daemon [_thread_blocked, id=20668, stack(0x000000dea4f00000,0x000000dea5000000)]
  0x000002bb60baf000 JavaThread "Common-Cleaner" daemon [_thread_blocked, id=6776, stack(0x000000dea5000000,0x000000dea5100000)]
  0x000002bb63236800 JavaThread "Daemon health stats" [_thread_blocked, id=20544, stack(0x000000dea5400000,0x000000dea5500000)]
  0x000002bb62cb4000 JavaThread "Incoming local TCP Connector on port 59699" [_thread_in_native, id=988, stack(0x000000dea5600000,0x000000dea5700000)]
  0x000002bb6319b000 JavaThread "Daemon periodic checks" [_thread_blocked, id=1988, stack(0x000000dea5700000,0x000000dea5800000)]
  0x000002bb62c45800 JavaThread "Cache worker for file hash cache (C:\Users\Franc\.gradle\caches\7.0.2\fileHashes)" [_thread_blocked, id=9648, stack(0x000000dea5f00000,0x000000dea6000000)]
  0x000002bb62c40800 JavaThread "File lock request listener" [_thread_in_native, id=14824, stack(0x000000dea6000000,0x000000dea6100000)]
  0x000002bb62c46800 JavaThread "Cache worker for journal cache (C:\Users\Franc\.gradle\caches\journal-1)" [_thread_blocked, id=19784, stack(0x000000dea6100000,0x000000dea6200000)]
  0x000002bb62c41800 JavaThread "File watcher server" daemon [_thread_in_native, id=4744, stack(0x000000dea6300000,0x000000dea6400000)]
  0x000002bb62c42800 JavaThread "File watcher consumer" daemon [_thread_blocked, id=18120, stack(0x000000dea6400000,0x000000dea6500000)]
  0x000002bb62c43000 JavaThread "jar transforms" [_thread_blocked, id=12072, stack(0x000000dea6500000,0x000000dea6600000)]
  0x000002bb62c45000 JavaThread "jar transforms Thread 2" [_thread_blocked, id=15256, stack(0x000000dea6600000,0x000000dea6700000)]
  0x000002bb63db0000 JavaThread "jar transforms Thread 3" [_thread_blocked, id=13432, stack(0x000000dea6700000,0x000000dea6800000)]
  0x000002bb63db1000 JavaThread "jar transforms Thread 4" [_thread_blocked, id=8332, stack(0x000000dea6800000,0x000000dea6900000)]
  0x000002bb63db8800 JavaThread "Cache worker for execution history cache (C:\Users\Franc\.gradle\caches\7.0.2\executionHistory)" [_thread_blocked, id=11964, stack(0x000000dea6d00000,0x000000dea6e00000)]
  0x000002bb63db5000 JavaThread "Cache worker for file content cache (C:\Users\Franc\.gradle\caches\7.0.2\fileContent)" [_thread_blocked, id=21004, stack(0x000000dea6e00000,0x000000dea6f00000)]
  0x000002bb63dbc800 JavaThread "Memory manager" [_thread_blocked, id=6768, stack(0x000000dea3e00000,0x000000dea3f00000)]
  0x000002bb63db3800 JavaThread "Daemon Thread 2" [_thread_blocked, id=21556, stack(0x000000dea5800000,0x000000dea5900000)]
  0x000002bb63db2800 JavaThread "Handler for socket connection from /127.0.0.1:59699 to /127.0.0.1:60580" [_thread_in_native, id=21568, stack(0x000000dea5900000,0x000000dea5a00000)]
  0x000002bb63db1800 JavaThread "Cancel handler" [_thread_blocked, id=17412, stack(0x000000dea5a00000,0x000000dea5b00000)]
  0x000002bb63daf800 JavaThread "Daemon worker Thread 2" [_thread_blocked, id=15052, stack(0x000000dea5b00000,0x000000dea5c00000)]
  0x000002bb63dbd000 JavaThread "Asynchronous log dispatcher for DefaultDaemonConnection: socket connection from /127.0.0.1:59699 to /127.0.0.1:60580" [_thread_blocked, id=4784, stack(0x000000dea5c00000,0x000000dea5d00000)]
  0x000002bb63db7800 JavaThread "Daemon client event forwarder" [_thread_blocked, id=2556, stack(0x000000dea6200000,0x000000dea6300000)]
  0x000002bb63db9000 JavaThread "Cache worker for file hash cache (C:\Users\Franc\AndroidStudioProjects\EpisoDateNow\.gradle\7.0.2\fileHashes)" [_thread_blocked, id=16728, stack(0x000000dea6900000,0x000000dea6a00000)]
  0x000002bb63dba000 JavaThread "Cache worker for checksums cache (C:\Users\Franc\AndroidStudioProjects\EpisoDateNow\.gradle\checksums)" [_thread_blocked, id=18532, stack(0x000000dea6a00000,0x000000dea6b00000)]
  0x000002bb63dba800 JavaThread "Cache worker for cache directory md-supplier (C:\Users\Franc\.gradle\caches\7.0.2\md-supplier)" [_thread_blocked, id=14556, stack(0x000000dea6b00000,0x000000dea6c00000)]
  0x000002bb62c47000 JavaThread "Cache worker for cache directory md-rule (C:\Users\Franc\.gradle\caches\7.0.2\md-rule)" [_thread_blocked, id=12736, stack(0x000000dea6c00000,0x000000dea6d00000)]
  0x000002bb62c44000 JavaThread "Cache worker for dependencies-accessors (C:\Users\Franc\AndroidStudioProjects\EpisoDateNow\.gradle\7.0.2\dependencies-accessors)" [_thread_blocked, id=1852, stack(0x000000dea6f00000,0x000000dea7000000)]
  0x000002bb62232000 JavaThread "Cache worker for Build Output Cleanup Cache (C:\Users\Franc\AndroidStudioProjects\EpisoDateNow\.gradle\buildOutputCleanup)" [_thread_in_native, id=22080, stack(0x000000dea7000000,0x000000dea7100000)]
  0x000002bb62230000 JavaThread "Build operations" [_thread_in_Java, id=16328, stack(0x000000dea7100000,0x000000dea7200000)]
  0x000002bb62232800 JavaThread "Build operations Thread 2" [_thread_in_Java, id=11860, stack(0x000000dea7200000,0x000000dea7300000)]
  0x000002bb62233800 JavaThread "Build operations Thread 3" [_thread_blocked, id=22188, stack(0x000000dea7300000,0x000000dea7400000)]
  0x000002bb62234800 JavaThread "Build operations Thread 4" [_thread_in_Java, id=17224, stack(0x000000dea7400000,0x000000dea7500000)]
  0x000002bb62236000 JavaThread "build event listener" [_thread_blocked, id=364, stack(0x000000dea7500000,0x000000dea7600000)]
  0x000002bb62235000 JavaThread "Execution worker for ':'" [_thread_blocked, id=16500, stack(0x000000dea7600000,0x000000dea7700000)]
  0x000002bb62236800 JavaThread "Execution worker for ':' Thread 2" [_thread_blocked, id=9316, stack(0x000000dea7700000,0x000000dea7800000)]
  0x000002bb62231000 JavaThread "Execution worker for ':' Thread 3" [_thread_blocked, id=15672, stack(0x000000dea7800000,0x000000dea7900000)]
  0x000002bb67bb6800 JavaThread "Cache worker for execution history cache (C:\Users\Franc\AndroidStudioProjects\EpisoDateNow\.gradle\7.0.2\executionHistory)" [_thread_blocked, id=11128, stack(0x000000dea7900000,0x000000dea7a00000)]
  0x000002bb67bba000 JavaThread "WorkerExecutor Queue Thread 4" [_thread_blocked, id=8084, stack(0x000000dea7e00000,0x000000dea7f00000)]
  0x000002bb67bb6000 JavaThread "pool-4-thread-1" [_thread_blocked, id=19536, stack(0x000000dea5e00000,0x000000dea5f00000)]
  0x000002bb67bb7800 JavaThread "stderr" [_thread_in_native, id=10360, stack(0x000000dea7a00000,0x000000dea7b00000)]
  0x000002bb67bb9000 JavaThread "stdout" [_thread_in_native, id=6268, stack(0x000000dea7b00000,0x000000dea7c00000)]
  0x000002bb67bb5000 JavaThread "stderr" [_thread_in_native, id=11172, stack(0x000000dea7d00000,0x000000dea7e00000)]
  0x000002bb67bb4000 JavaThread "stdout" [_thread_in_native, id=18756, stack(0x000000dea7f00000,0x000000dea8000000)]
  0x000002bb67bbb000 JavaThread "WorkerExecutor Queue Thread 5" [_thread_blocked, id=6860, stack(0x000000dea8000000,0x000000dea8100000)]

Other Threads:
  0x000002bb600d4800 VMThread "VM Thread" [stack: 0x000000dea4700000,0x000000dea4800000] [id=10956]
  0x000002bb60bd1000 WatcherThread [stack: 0x000000dea5100000,0x000000dea5200000] [id=13808]
  0x000002bb46548000 GCTaskThread "GC Thread#0" [stack: 0x000000dea4200000,0x000000dea4300000] [id=8868]
  0x000002bb61362000 GCTaskThread "GC Thread#1" [stack: 0x000000dea5300000,0x000000dea5400000] [id=20448]
  0x000002bb60cbb000 GCTaskThread "GC Thread#2" [stack: 0x000000dea5200000,0x000000dea5300000] [id=11192]
  0x000002bb620db800 GCTaskThread "GC Thread#3" [stack: 0x000000dea5500000,0x000000dea5600000] [id=22292]
  0x000002bb46578000 ConcurrentGCThread "G1 Main Marker" [stack: 0x000000dea4300000,0x000000dea4400000] [id=9624]
  0x000002bb4657a000 ConcurrentGCThread "G1 Conc#0" [stack: 0x000000dea4400000,0x000000dea4500000] [id=5428]
  0x000002bb465d5800 ConcurrentGCThread "G1 Refine#0" [stack: 0x000000dea4500000,0x000000dea4600000] [id=16184]
  0x000002bb634bc800 ConcurrentGCThread "G1 Refine#1" [stack: 0x000000dea3f00000,0x000000dea4000000] [id=15780]
  0x000002bb680fe000 ConcurrentGCThread "G1 Refine#2" [stack: 0x000000dea5d00000,0x000000dea5e00000] [id=8764]
  0x000002bb67460800 ConcurrentGCThread "G1 Refine#3" [stack: 0x000000dea7c00000,0x000000dea7d00000] [id=20076]
  0x000002bb465d6800 ConcurrentGCThread "G1 Young RemSet Sampling" [stack: 0x000000dea4600000,0x000000dea4700000] [id=12924]

Threads with active compile tasks:
C2 CompilerThread0 450295 24710       4       jdk.internal.org.objectweb.asm.Frame::execute (2264 bytes)
C1 CompilerThread0 450295 24870       3       com.android.tools.r8.internal.k1::<init> (7 bytes)

VM state:not at safepoint (normal execution)

VM Mutex/Monitor currently owned by a thread: None

Heap address: 0x0000000080000000, size: 2048 MB, Compressed Oops mode: 32-bit
Narrow klass base: 0x0000000000000000, Narrow klass shift: 3
Compressed class space size: 1073741824 Address: 0x0000000100000000

Heap:
 garbage-first heap   total 362496K, used 176147K [0x0000000080000000, 0x0000000100000000)
  region size 1024K, 34 young (34816K), 5 survivors (5120K)
 Metaspace       used 141915K, capacity 145879K, committed 146168K, reserved 1175552K
  class space    used 17695K, capacity 19175K, committed 19276K, reserved 1048576K
Heap Regions: E=young(eden), S=young(survivor), O=old, HS=humongous(starts), HC=humongous(continues), CS=collection set, F=free, A=archive, TAMS=top-at-mark-start (previous, next)
|   0|0x0000000080000000, 0x0000000080100000, 0x0000000080100000|100%| O|  |TAMS 0x0000000080100000, 0x0000000080000000| Untracked 
|   1|0x0000000080100000, 0x0000000080200000, 0x0000000080200000|100%| O|  |TAMS 0x0000000080200000, 0x0000000080100000| Untracked 
|   2|0x0000000080200000, 0x0000000080300000, 0x0000000080300000|100%| O|  |TAMS 0x0000000080300000, 0x0000000080200000| Untracked 
|   3|0x0000000080300000, 0x0000000080400000, 0x0000000080400000|100%|HS|  |TAMS 0x0000000080400000, 0x0000000080300000| Complete 
|   4|0x0000000080400000, 0x0000000080500000, 0x0000000080500000|100%|HC|  |TAMS 0x0000000080500000, 0x0000000080400000| Complete 
|   5|0x0000000080500000, 0x0000000080600000, 0x0000000080600000|100%|HC|  |TAMS 0x0000000080600000, 0x0000000080500000| Complete 
|   6|0x0000000080600000, 0x0000000080700000, 0x0000000080700000|100%| O|  |TAMS 0x0000000080700000, 0x0000000080600000| Untracked 
|   7|0x0000000080700000, 0x0000000080800000, 0x0000000080800000|100%| O|  |TAMS 0x0000000080800000, 0x0000000080700000| Untracked 
|   8|0x0000000080800000, 0x0000000080900000, 0x0000000080900000|100%| O|  |TAMS 0x0000000080900000, 0x0000000080800000| Untracked 
|   9|0x0000000080900000, 0x0000000080a00000, 0x0000000080a00000|100%| O|  |TAMS 0x0000000080a00000, 0x0000000080900000| Untracked 
|  10|0x0000000080a00000, 0x0000000080b00000, 0x0000000080b00000|100%| O|  |TAMS 0x0000000080b00000, 0x0000000080a00000| Untracked 
|  11|0x0000000080b00000, 0x0000000080c00000, 0x0000000080c00000|100%| O|  |TAMS 0x0000000080c00000, 0x0000000080b00000| Untracked 
|  12|0x0000000080c00000, 0x0000000080d00000, 0x0000000080d00000|100%| O|  |TAMS 0x0000000080d00000, 0x0000000080c00000| Untracked 
|  13|0x0000000080d00000, 0x0000000080e00000, 0x0000000080e00000|100%| O|  |TAMS 0x0000000080e00000, 0x0000000080d00000| Untracked 
|  14|0x0000000080e00000, 0x0000000080f00000, 0x0000000080f00000|100%| O|  |TAMS 0x0000000080f00000, 0x0000000080e00000| Untracked 
|  15|0x0000000080f00000, 0x0000000081000000, 0x0000000081000000|100%|HS|  |TAMS 0x0000000081000000, 0x0000000080f00000| Complete 
|  16|0x0000000081000000, 0x0000000081100000, 0x0000000081100000|100%|HC|  |TAMS 0x0000000081100000, 0x0000000081000000| Complete 
|  17|0x0000000081100000, 0x0000000081200000, 0x0000000081200000|100%|HS|  |TAMS 0x0000000081200000, 0x0000000081100000| Complete 
|  18|0x0000000081200000, 0x0000000081300000, 0x0000000081300000|100%|HC|  |TAMS 0x0000000081300000, 0x0000000081200000| Complete 
|  19|0x0000000081300000, 0x0000000081400000, 0x0000000081400000|100%|HC|  |TAMS 0x0000000081400000, 0x0000000081300000| Complete 
|  20|0x0000000081400000, 0x0000000081500000, 0x0000000081500000|100%|HS|  |TAMS 0x0000000081500000, 0x0000000081400000| Complete 
|  21|0x0000000081500000, 0x0000000081600000, 0x0000000081600000|100%|HC|  |TAMS 0x0000000081600000, 0x0000000081500000| Complete 
|  22|0x0000000081600000, 0x0000000081700000, 0x0000000081700000|100%|HC|  |TAMS 0x0000000081700000, 0x0000000081600000| Complete 
|  23|0x0000000081700000, 0x0000000081800000, 0x0000000081800000|100%|HC|  |TAMS 0x0000000081800000, 0x0000000081700000| Complete 
|  24|0x0000000081800000, 0x0000000081900000, 0x0000000081900000|100%|HC|  |TAMS 0x0000000081900000, 0x0000000081800000| Complete 
|  25|0x0000000081900000, 0x0000000081a00000, 0x0000000081a00000|100%| O|  |TAMS 0x0000000081a00000, 0x0000000081900000| Untracked 
|  26|0x0000000081a00000, 0x0000000081b00000, 0x0000000081b00000|100%| O|  |TAMS 0x0000000081b00000, 0x0000000081a00000| Untracked 
|  27|0x0000000081b00000, 0x0000000081c00000, 0x0000000081c00000|100%| O|  |TAMS 0x0000000081c00000, 0x0000000081b00000| Untracked 
|  28|0x0000000081c00000, 0x0000000081d00000, 0x0000000081d00000|100%| O|  |TAMS 0x0000000081d00000, 0x0000000081c00000| Untracked 
|  29|0x0000000081d00000, 0x0000000081e00000, 0x0000000081e00000|100%| O|  |TAMS 0x0000000081e00000, 0x0000000081d00000| Untracked 
|  30|0x0000000081e00000, 0x0000000081f00000, 0x0000000081f00000|100%| O|  |TAMS 0x0000000081f00000, 0x0000000081e00000| Untracked 
|  31|0x0000000081f00000, 0x0000000082000000, 0x0000000082000000|100%| O|  |TAMS 0x0000000082000000, 0x0000000081f00000| Untracked 
|  32|0x0000000082000000, 0x0000000082100000, 0x0000000082100000|100%| O|  |TAMS 0x0000000082100000, 0x0000000082000000| Untracked 
|  33|0x0000000082100000, 0x0000000082200000, 0x0000000082200000|100%| O|  |TAMS 0x0000000082200000, 0x0000000082100000| Untracked 
|  34|0x0000000082200000, 0x0000000082300000, 0x0000000082300000|100%| O|  |TAMS 0x0000000082300000, 0x0000000082200000| Untracked 
|  35|0x0000000082300000, 0x0000000082400000, 0x0000000082400000|100%| O|  |TAMS 0x0000000082400000, 0x0000000082300000| Untracked 
|  36|0x0000000082400000, 0x0000000082500000, 0x0000000082500000|100%| O|  |TAMS 0x0000000082500000, 0x0000000082400000| Untracked 
|  37|0x0000000082500000, 0x0000000082600000, 0x0000000082600000|100%|HS|  |TAMS 0x0000000082600000, 0x0000000082500000| Complete 
|  38|0x0000000082600000, 0x0000000082700000, 0x0000000082700000|100%|HC|  |TAMS 0x0000000082700000, 0x0000000082600000| Complete 
|  39|0x0000000082700000, 0x0000000082800000, 0x0000000082800000|100%|HC|  |TAMS 0x0000000082800000, 0x0000000082700000| Complete 
|  40|0x0000000082800000, 0x0000000082900000, 0x0000000082900000|100%|HC|  |TAMS 0x0000000082900000, 0x0000000082800000| Complete 
|  41|0x0000000082900000, 0x0000000082a00000, 0x0000000082a00000|100%|HC|  |TAMS 0x0000000082a00000, 0x0000000082900000| Complete 
|  42|0x0000000082a00000, 0x0000000082b00000, 0x0000000082b00000|100%| O|  |TAMS 0x0000000082b00000, 0x0000000082a00000| Untracked 
|  43|0x0000000082b00000, 0x0000000082c00000, 0x0000000082c00000|100%| O|  |TAMS 0x0000000082c00000, 0x0000000082b00000| Untracked 
|  44|0x0000000082c00000, 0x0000000082c00000, 0x0000000082d00000|  0%| F|  |TAMS 0x0000000082c00000, 0x0000000082c00000| Untracked 
|  45|0x0000000082d00000, 0x0000000082d00000, 0x0000000082e00000|  0%| F|  |TAMS 0x0000000082d00000, 0x0000000082d00000| Untracked 
|  46|0x0000000082e00000, 0x0000000082f00000, 0x0000000082f00000|100%| O|  |TAMS 0x0000000082f00000, 0x0000000082e00000| Untracked 
|  47|0x0000000082f00000, 0x0000000083000000, 0x0000000083000000|100%| O|  |TAMS 0x0000000083000000, 0x0000000082f00000| Untracked 
|  48|0x0000000083000000, 0x0000000083100000, 0x0000000083100000|100%| O|  |TAMS 0x0000000083100000, 0x0000000083000000| Untracked 
|  49|0x0000000083100000, 0x0000000083200000, 0x0000000083200000|100%| O|  |TAMS 0x0000000083200000, 0x0000000083100000| Untracked 
|  50|0x0000000083200000, 0x0000000083300000, 0x0000000083300000|100%| O|  |TAMS 0x0000000083300000, 0x0000000083200000| Untracked 
|  51|0x0000000083300000, 0x0000000083400000, 0x0000000083400000|100%|HS|  |TAMS 0x0000000083400000, 0x0000000083300000| Complete 
|  52|0x0000000083400000, 0x0000000083500000, 0x0000000083500000|100%|HC|  |TAMS 0x0000000083500000, 0x0000000083400000| Complete 
|  53|0x0000000083500000, 0x0000000083600000, 0x0000000083600000|100%|HC|  |TAMS 0x0000000083600000, 0x0000000083500000| Complete 
|  54|0x0000000083600000, 0x0000000083700000, 0x0000000083700000|100%| O|  |TAMS 0x0000000083700000, 0x0000000083600000| Untracked 
|  55|0x0000000083700000, 0x0000000083800000, 0x0000000083800000|100%| O|  |TAMS 0x0000000083800000, 0x0000000083700000| Untracked 
|  56|0x0000000083800000, 0x0000000083900000, 0x0000000083900000|100%| O|  |TAMS 0x0000000083900000, 0x0000000083800000| Untracked 
|  57|0x0000000083900000, 0x0000000083a00000, 0x0000000083a00000|100%| O|  |TAMS 0x0000000083a00000, 0x0000000083900000| Untracked 
|  58|0x0000000083a00000, 0x0000000083b00000, 0x0000000083b00000|100%| O|  |TAMS 0x0000000083b00000, 0x0000000083a00000| Untracked 
|  59|0x0000000083b00000, 0x0000000083c00000, 0x0000000083c00000|100%| O|  |TAMS 0x0000000083c00000, 0x0000000083b00000| Untracked 
|  60|0x0000000083c00000, 0x0000000083d00000, 0x0000000083d00000|100%| O|  |TAMS 0x0000000083d00000, 0x0000000083c00000| Untracked 
|  61|0x0000000083d00000, 0x0000000083e00000, 0x0000000083e00000|100%| O|  |TAMS 0x0000000083e00000, 0x0000000083d00000| Untracked 
|  62|0x0000000083e00000, 0x0000000083f00000, 0x0000000083f00000|100%| O|  |TAMS 0x0000000083f00000, 0x0000000083e00000| Untracked 
|  63|0x0000000083f00000, 0x0000000084000000, 0x0000000084000000|100%|HS|  |TAMS 0x0000000084000000, 0x0000000083f00000| Complete 
|  64|0x0000000084000000, 0x0000000084100000, 0x0000000084100000|100%|HS|  |TAMS 0x0000000084100000, 0x0000000084000000| Complete 
|  65|0x0000000084100000, 0x0000000084200000, 0x0000000084200000|100%| O|  |TAMS 0x0000000084200000, 0x0000000084100000| Untracked 
|  66|0x0000000084200000, 0x0000000084300000, 0x0000000084300000|100%| O|  |TAMS 0x0000000084300000, 0x0000000084200000| Untracked 
|  67|0x0000000084300000, 0x0000000084400000, 0x0000000084400000|100%| O|  |TAMS 0x0000000084400000, 0x0000000084300000| Untracked 
|  68|0x0000000084400000, 0x0000000084500000, 0x0000000084500000|100%| O|  |TAMS 0x0000000084500000, 0x0000000084400000| Untracked 
|  69|0x0000000084500000, 0x0000000084600000, 0x0000000084600000|100%| O|  |TAMS 0x0000000084600000, 0x0000000084500000| Untracked 
|  70|0x0000000084600000, 0x0000000084700000, 0x0000000084700000|100%| O|  |TAMS 0x0000000084700000, 0x0000000084600000| Untracked 
|  71|0x0000000084700000, 0x0000000084800000, 0x0000000084800000|100%|HS|  |TAMS 0x0000000084800000, 0x0000000084700000| Complete 
|  72|0x0000000084800000, 0x0000000084900000, 0x0000000084900000|100%|HS|  |TAMS 0x0000000084900000, 0x0000000084800000| Complete 
|  73|0x0000000084900000, 0x0000000084a00000, 0x0000000084a00000|100%|HC|  |TAMS 0x0000000084a00000, 0x0000000084900000| Complete 
|  74|0x0000000084a00000, 0x0000000084b00000, 0x0000000084b00000|100%|HC|  |TAMS 0x0000000084b00000, 0x0000000084a00000| Complete 
|  75|0x0000000084b00000, 0x0000000084c00000, 0x0000000084c00000|100%|HS|  |TAMS 0x0000000084c00000, 0x0000000084b00000| Complete 
|  76|0x0000000084c00000, 0x0000000084d00000, 0x0000000084d00000|100%|HC|  |TAMS 0x0000000084d00000, 0x0000000084c00000| Complete 
|  77|0x0000000084d00000, 0x0000000084e00000, 0x0000000084e00000|100%| O|  |TAMS 0x0000000084e00000, 0x0000000084d00000| Untracked 
|  78|0x0000000084e00000, 0x0000000084f00000, 0x0000000084f00000|100%| O|  |TAMS 0x0000000084f00000, 0x0000000084e00000| Untracked 
|  79|0x0000000084f00000, 0x0000000085000000, 0x0000000085000000|100%| O|  |TAMS 0x0000000085000000, 0x0000000084f00000| Untracked 
|  80|0x0000000085000000, 0x0000000085100000, 0x0000000085100000|100%| O|  |TAMS 0x0000000085100000, 0x0000000085000000| Untracked 
|  81|0x0000000085100000, 0x0000000085200000, 0x0000000085200000|100%| O|  |TAMS 0x0000000085200000, 0x0000000085100000| Untracked 
|  82|0x0000000085200000, 0x0000000085300000, 0x0000000085300000|100%| O|  |TAMS 0x0000000085300000, 0x0000000085200000| Untracked 
|  83|0x0000000085300000, 0x0000000085400000, 0x0000000085400000|100%| O|  |TAMS 0x0000000085400000, 0x0000000085300000| Untracked 
|  84|0x0000000085400000, 0x0000000085500000, 0x0000000085500000|100%| O|  |TAMS 0x0000000085500000, 0x0000000085400000| Untracked 
|  85|0x0000000085500000, 0x0000000085600000, 0x0000000085600000|100%| O|  |TAMS 0x0000000085600000, 0x0000000085500000| Untracked 
|  86|0x0000000085600000, 0x0000000085700000, 0x0000000085700000|100%| O|  |TAMS 0x0000000085700000, 0x0000000085600000| Untracked 
|  87|0x0000000085700000, 0x0000000085800000, 0x0000000085800000|100%| O|  |TAMS 0x0000000085800000, 0x0000000085700000| Untracked 
|  88|0x0000000085800000, 0x0000000085900000, 0x0000000085900000|100%| O|  |TAMS 0x0000000085900000, 0x0000000085800000| Untracked 
|  89|0x0000000085900000, 0x0000000085a00000, 0x0000000085a00000|100%| O|  |TAMS 0x0000000085a00000, 0x0000000085900000| Untracked 
|  90|0x0000000085a00000, 0x0000000085b00000, 0x0000000085b00000|100%| O|  |TAMS 0x0000000085b00000, 0x0000000085a00000| Untracked 
|  91|0x0000000085b00000, 0x0000000085c00000, 0x0000000085c00000|100%| O|  |TAMS 0x0000000085c00000, 0x0000000085b00000| Untracked 
|  92|0x0000000085c00000, 0x0000000085d00000, 0x0000000085d00000|100%| O|  |TAMS 0x0000000085d00000, 0x0000000085c00000| Untracked 
|  93|0x0000000085d00000, 0x0000000085e00000, 0x0000000085e00000|100%| O|  |TAMS 0x0000000085e00000, 0x0000000085d00000| Untracked 
|  94|0x0000000085e00000, 0x0000000085f00000, 0x0000000085f00000|100%| O|  |TAMS 0x0000000085f00000, 0x0000000085e00000| Untracked 
|  95|0x0000000085f00000, 0x0000000086000000, 0x0000000086000000|100%| O|  |TAMS 0x0000000086000000, 0x0000000085f00000| Untracked 
|  96|0x0000000086000000, 0x0000000086100000, 0x0000000086100000|100%| O|  |TAMS 0x0000000086100000, 0x0000000086000000| Untracked 
|  97|0x0000000086100000, 0x0000000086200000, 0x0000000086200000|100%| O|  |TAMS 0x0000000086200000, 0x0000000086100000| Untracked 
|  98|0x0000000086200000, 0x0000000086300000, 0x0000000086300000|100%| O|  |TAMS 0x0000000086300000, 0x0000000086200000| Untracked 
|  99|0x0000000086300000, 0x0000000086400000, 0x0000000086400000|100%| O|  |TAMS 0x0000000086400000, 0x0000000086300000| Untracked 
| 100|0x0000000086400000, 0x0000000086500000, 0x0000000086500000|100%| O|  |TAMS 0x0000000086500000, 0x0000000086400000| Untracked 
| 101|0x0000000086500000, 0x0000000086600000, 0x0000000086600000|100%| O|  |TAMS 0x0000000086600000, 0x0000000086500000| Untracked 
| 102|0x0000000086600000, 0x0000000086700000, 0x0000000086700000|100%| O|  |TAMS 0x0000000086700000, 0x0000000086600000| Untracked 
| 103|0x0000000086700000, 0x0000000086800000, 0x0000000086800000|100%| O|  |TAMS 0x0000000086800000, 0x0000000086700000| Untracked 
| 104|0x0000000086800000, 0x0000000086900000, 0x0000000086900000|100%| O|  |TAMS 0x0000000086900000, 0x0000000086800000| Untracked 
| 105|0x0000000086900000, 0x0000000086a00000, 0x0000000086a00000|100%| O|  |TAMS 0x0000000086917c00, 0x0000000086900000| Untracked 
| 106|0x0000000086a00000, 0x0000000086b00000, 0x0000000086b00000|100%| O|  |TAMS 0x0000000086b00000, 0x0000000086a00000| Untracked 
| 107|0x0000000086b00000, 0x0000000086c00000, 0x0000000086c00000|100%| O|  |TAMS 0x0000000086c00000, 0x0000000086b00000| Untracked 
| 108|0x0000000086c00000, 0x0000000086d00000, 0x0000000086d00000|100%| O|  |TAMS 0x0000000086d00000, 0x0000000086c00000| Untracked 
| 109|0x0000000086d00000, 0x0000000086e00000, 0x0000000086e00000|100%| O|  |TAMS 0x0000000086e00000, 0x0000000086d00000| Untracked 
| 110|0x0000000086e00000, 0x0000000086f00000, 0x0000000086f00000|100%| O|  |TAMS 0x0000000086f00000, 0x0000000086e00000| Untracked 
| 111|0x0000000086f00000, 0x0000000087000000, 0x0000000087000000|100%| O|  |TAMS 0x0000000086f00000, 0x0000000086f00000| Untracked 
| 112|0x0000000087000000, 0x0000000087100000, 0x0000000087100000|100%| O|  |TAMS 0x0000000087000000, 0x0000000087000000| Untracked 
| 113|0x0000000087100000, 0x0000000087200000, 0x0000000087200000|100%| O|  |TAMS 0x0000000087100000, 0x0000000087100000| Untracked 
| 114|0x0000000087200000, 0x0000000087300000, 0x0000000087300000|100%| O|  |TAMS 0x0000000087300000, 0x0000000087200000| Untracked 
| 115|0x0000000087300000, 0x0000000087400000, 0x0000000087400000|100%| O|  |TAMS 0x0000000087400000, 0x0000000087300000| Untracked 
| 116|0x0000000087400000, 0x0000000087500000, 0x0000000087500000|100%| O|  |TAMS 0x0000000087400000, 0x0000000087400000| Untracked 
| 117|0x0000000087500000, 0x0000000087600000, 0x0000000087600000|100%| O|  |TAMS 0x0000000087500000, 0x0000000087500000| Untracked 
| 118|0x0000000087600000, 0x0000000087700000, 0x0000000087700000|100%| O|  |TAMS 0x0000000087600000, 0x0000000087600000| Untracked 
| 119|0x0000000087700000, 0x0000000087800000, 0x0000000087800000|100%| O|  |TAMS 0x0000000087800000, 0x0000000087700000| Untracked 
| 120|0x0000000087800000, 0x0000000087900000, 0x0000000087900000|100%| O|  |TAMS 0x0000000087900000, 0x0000000087800000| Untracked 
| 121|0x0000000087900000, 0x0000000087a00000, 0x0000000087a00000|100%| O|  |TAMS 0x0000000087a00000, 0x0000000087900000| Untracked 
| 122|0x0000000087a00000, 0x0000000087b00000, 0x0000000087b00000|100%| O|  |TAMS 0x0000000087b00000, 0x0000000087a00000| Untracked 
| 123|0x0000000087b00000, 0x0000000087c00000, 0x0000000087c00000|100%| O|  |TAMS 0x0000000087c00000, 0x0000000087b00000| Untracked 
| 124|0x0000000087c00000, 0x0000000087d00000, 0x0000000087d00000|100%| O|  |TAMS 0x0000000087c00000, 0x0000000087c00000| Untracked 
| 125|0x0000000087d00000, 0x0000000087da9a00, 0x0000000087e00000| 66%| O|  |TAMS 0x0000000087d00000, 0x0000000087d00000| Untracked 
| 126|0x0000000087e00000, 0x0000000087e00000, 0x0000000087f00000|  0%| F|  |TAMS 0x0000000087e00000, 0x0000000087e00000| Untracked 
| 127|0x0000000087f00000, 0x0000000088000000, 0x0000000088000000|100%| O|  |TAMS 0x0000000088000000, 0x0000000087f00000| Untracked 
| 128|0x0000000088000000, 0x0000000088100000, 0x0000000088100000|100%| O|  |TAMS 0x0000000088100000, 0x0000000088000000| Untracked 
| 129|0x0000000088100000, 0x0000000088200000, 0x0000000088200000|100%| O|  |TAMS 0x0000000088200000, 0x0000000088100000| Untracked 
| 130|0x0000000088200000, 0x0000000088300000, 0x0000000088300000|100%| O|  |TAMS 0x0000000088300000, 0x0000000088200000| Untracked 
| 131|0x0000000088300000, 0x0000000088400000, 0x0000000088400000|100%| O|  |TAMS 0x0000000088400000, 0x0000000088300000| Untracked 
| 132|0x0000000088400000, 0x0000000088500000, 0x0000000088500000|100%| O|  |TAMS 0x0000000088500000, 0x0000000088400000| Untracked 
| 133|0x0000000088500000, 0x0000000088600000, 0x0000000088600000|100%| O|  |TAMS 0x0000000088600000, 0x0000000088500000| Untracked 
| 134|0x0000000088600000, 0x0000000088700000, 0x0000000088700000|100%| O|  |TAMS 0x0000000088700000, 0x0000000088600000| Untracked 
| 135|0x0000000088700000, 0x0000000088800000, 0x0000000088800000|100%| O|  |TAMS 0x0000000088800000, 0x0000000088700000| Untracked 
| 136|0x0000000088800000, 0x0000000088900000, 0x0000000088900000|100%| O|  |TAMS 0x0000000088900000, 0x0000000088800000| Untracked 
| 137|0x0000000088900000, 0x0000000088a00000, 0x0000000088a00000|100%| O|  |TAMS 0x0000000088a00000, 0x0000000088900000| Untracked 
| 138|0x0000000088a00000, 0x0000000088b00000, 0x0000000088b00000|100%| O|  |TAMS 0x0000000088b00000, 0x0000000088a00000| Untracked 
| 139|0x0000000088b00000, 0x0000000088c00000, 0x0000000088c00000|100%| O|  |TAMS 0x0000000088c00000, 0x0000000088b00000| Untracked 
| 140|0x0000000088c00000, 0x0000000088d00000, 0x0000000088d00000|100%| O|  |TAMS 0x0000000088d00000, 0x0000000088c00000| Untracked 
| 141|0x0000000088d00000, 0x0000000088d00000, 0x0000000088e00000|  0%| F|  |TAMS 0x0000000088d00000, 0x0000000088d00000| Untracked 
| 142|0x0000000088e00000, 0x0000000088e00000, 0x0000000088f00000|  0%| F|  |TAMS 0x0000000088e00000, 0x0000000088e00000| Untracked 
| 143|0x0000000088f00000, 0x0000000088f00000, 0x0000000089000000|  0%| F|  |TAMS 0x0000000088f00000, 0x0000000088f00000| Untracked 
| 144|0x0000000089000000, 0x0000000089000000, 0x0000000089100000|  0%| F|  |TAMS 0x0000000089000000, 0x0000000089000000| Untracked 
| 145|0x0000000089100000, 0x0000000089100000, 0x0000000089200000|  0%| F|  |TAMS 0x0000000089100000, 0x0000000089100000| Untracked 
| 146|0x0000000089200000, 0x0000000089200000, 0x0000000089300000|  0%| F|  |TAMS 0x0000000089200000, 0x0000000089200000| Untracked 
| 147|0x0000000089300000, 0x0000000089300000, 0x0000000089400000|  0%| F|  |TAMS 0x0000000089300000, 0x0000000089300000| Untracked 
| 148|0x0000000089400000, 0x0000000089400000, 0x0000000089500000|  0%| F|  |TAMS 0x0000000089400000, 0x0000000089400000| Untracked 
| 149|0x0000000089500000, 0x0000000089500000, 0x0000000089600000|  0%| F|  |TAMS 0x0000000089500000, 0x0000000089500000| Untracked 
| 150|0x0000000089600000, 0x0000000089600000, 0x0000000089700000|  0%| F|  |TAMS 0x0000000089600000, 0x0000000089600000| Untracked 
| 151|0x0000000089700000, 0x0000000089800000, 0x0000000089800000|100%| O|  |TAMS 0x0000000089800000, 0x0000000089700000| Untracked 
| 152|0x0000000089800000, 0x0000000089800000, 0x0000000089900000|  0%| F|  |TAMS 0x0000000089800000, 0x0000000089800000| Untracked 
| 153|0x0000000089900000, 0x0000000089900000, 0x0000000089a00000|  0%| F|  |TAMS 0x0000000089900000, 0x0000000089900000| Untracked 
| 154|0x0000000089a00000, 0x0000000089a00000, 0x0000000089b00000|  0%| F|  |TAMS 0x0000000089a00000, 0x0000000089a00000| Untracked 
| 155|0x0000000089b00000, 0x0000000089b00000, 0x0000000089c00000|  0%| F|  |TAMS 0x0000000089b00000, 0x0000000089b00000| Untracked 
| 156|0x0000000089c00000, 0x0000000089c00000, 0x0000000089d00000|  0%| F|  |TAMS 0x0000000089c00000, 0x0000000089c00000| Untracked 
| 157|0x0000000089d00000, 0x0000000089d00000, 0x0000000089e00000|  0%| F|  |TAMS 0x0000000089d00000, 0x0000000089d00000| Untracked 
| 158|0x0000000089e00000, 0x0000000089e00000, 0x0000000089f00000|  0%| F|  |TAMS 0x0000000089e00000, 0x0000000089e00000| Untracked 
| 159|0x0000000089f00000, 0x0000000089f00000, 0x000000008a000000|  0%| F|  |TAMS 0x0000000089f00000, 0x0000000089f00000| Untracked 
| 160|0x000000008a000000, 0x000000008a000000, 0x000000008a100000|  0%| F|  |TAMS 0x000000008a000000, 0x000000008a000000| Untracked 
| 161|0x000000008a100000, 0x000000008a100000, 0x000000008a200000|  0%| F|  |TAMS 0x000000008a100000, 0x000000008a100000| Untracked 
| 162|0x000000008a200000, 0x000000008a200000, 0x000000008a300000|  0%| F|  |TAMS 0x000000008a200000, 0x000000008a200000| Untracked 
| 163|0x000000008a300000, 0x000000008a300000, 0x000000008a400000|  0%| F|  |TAMS 0x000000008a300000, 0x000000008a300000| Untracked 
| 164|0x000000008a400000, 0x000000008a400000, 0x000000008a500000|  0%| F|  |TAMS 0x000000008a400000, 0x000000008a400000| Untracked 
| 165|0x000000008a500000, 0x000000008a500000, 0x000000008a600000|  0%| F|  |TAMS 0x000000008a500000, 0x000000008a500000| Untracked 
| 166|0x000000008a600000, 0x000000008a600000, 0x000000008a700000|  0%| F|  |TAMS 0x000000008a600000, 0x000000008a600000| Untracked 
| 167|0x000000008a700000, 0x000000008a800000, 0x000000008a800000|100%| O|  |TAMS 0x000000008a800000, 0x000000008a700000| Untracked 
| 168|0x000000008a800000, 0x000000008a900000, 0x000000008a900000|100%| O|  |TAMS 0x000000008a900000, 0x000000008a800000| Untracked 
| 169|0x000000008a900000, 0x000000008a900000, 0x000000008aa00000|  0%| F|  |TAMS 0x000000008a900000, 0x000000008a900000| Untracked 
| 170|0x000000008aa00000, 0x000000008aa00000, 0x000000008ab00000|  0%| F|  |TAMS 0x000000008aa00000, 0x000000008aa00000| Untracked 
| 171|0x000000008ab00000, 0x000000008ab00000, 0x000000008ac00000|  0%| F|  |TAMS 0x000000008ab00000, 0x000000008ab00000| Untracked 
| 172|0x000000008ac00000, 0x000000008ac00000, 0x000000008ad00000|  0%| F|  |TAMS 0x000000008ac00000, 0x000000008ac00000| Untracked 
| 173|0x000000008ad00000, 0x000000008ad00000, 0x000000008ae00000|  0%| F|  |TAMS 0x000000008ad00000, 0x000000008ad00000| Untracked 
| 174|0x000000008ae00000, 0x000000008ae00000, 0x000000008af00000|  0%| F|  |TAMS 0x000000008ae00000, 0x000000008ae00000| Untracked 
| 175|0x000000008af00000, 0x000000008af00000, 0x000000008b000000|  0%| F|  |TAMS 0x000000008af00000, 0x000000008af00000| Untracked 
| 176|0x000000008b000000, 0x000000008b000000, 0x000000008b100000|  0%| F|  |TAMS 0x000000008b000000, 0x000000008b000000| Untracked 
| 177|0x000000008b100000, 0x000000008b100000, 0x000000008b200000|  0%| F|  |TAMS 0x000000008b100000, 0x000000008b100000| Untracked 
| 178|0x000000008b200000, 0x000000008b200000, 0x000000008b300000|  0%| F|  |TAMS 0x000000008b200000, 0x000000008b200000| Untracked 
| 179|0x000000008b300000, 0x000000008b300000, 0x000000008b400000|  0%| F|  |TAMS 0x000000008b300000, 0x000000008b300000| Untracked 
| 180|0x000000008b400000, 0x000000008b400000, 0x000000008b500000|  0%| F|  |TAMS 0x000000008b400000, 0x000000008b400000| Untracked 
| 181|0x000000008b500000, 0x000000008b500000, 0x000000008b600000|  0%| F|  |TAMS 0x000000008b500000, 0x000000008b500000| Untracked 
| 182|0x000000008b600000, 0x000000008b600000, 0x000000008b700000|  0%| F|  |TAMS 0x000000008b600000, 0x000000008b600000| Untracked 
| 183|0x000000008b700000, 0x000000008b700000, 0x000000008b800000|  0%| F|  |TAMS 0x000000008b700000, 0x000000008b700000| Untracked 
| 184|0x000000008b800000, 0x000000008b800000, 0x000000008b900000|  0%| F|  |TAMS 0x000000008b800000, 0x000000008b800000| Untracked 
| 185|0x000000008b900000, 0x000000008b900000, 0x000000008ba00000|  0%| F|  |TAMS 0x000000008b900000, 0x000000008b900000| Untracked 
| 186|0x000000008ba00000, 0x000000008ba00000, 0x000000008bb00000|  0%| F|  |TAMS 0x000000008ba00000, 0x000000008ba00000| Untracked 
| 187|0x000000008bb00000, 0x000000008bb00000, 0x000000008bc00000|  0%| F|  |TAMS 0x000000008bb00000, 0x000000008bb00000| Untracked 
| 188|0x000000008bc00000, 0x000000008bc00000, 0x000000008bd00000|  0%| F|  |TAMS 0x000000008bc00000, 0x000000008bc00000| Untracked 
| 189|0x000000008bd00000, 0x000000008bd00000, 0x000000008be00000|  0%| F|  |TAMS 0x000000008bd00000, 0x000000008bd00000| Untracked 
| 190|0x000000008be00000, 0x000000008be00000, 0x000000008bf00000|  0%| F|  |TAMS 0x000000008be00000, 0x000000008be00000| Untracked 
| 191|0x000000008bf00000, 0x000000008bf00000, 0x000000008c000000|  0%| F|  |TAMS 0x000000008bf00000, 0x000000008bf00000| Untracked 
| 192|0x000000008c000000, 0x000000008c000000, 0x000000008c100000|  0%| F|  |TAMS 0x000000008c000000, 0x000000008c000000| Untracked 
| 193|0x000000008c100000, 0x000000008c100000, 0x000000008c200000|  0%| F|  |TAMS 0x000000008c100000, 0x000000008c100000| Untracked 
| 194|0x000000008c200000, 0x000000008c200000, 0x000000008c300000|  0%| F|  |TAMS 0x000000008c200000, 0x000000008c200000| Untracked 
| 195|0x000000008c300000, 0x000000008c300000, 0x000000008c400000|  0%| F|  |TAMS 0x000000008c300000, 0x000000008c300000| Untracked 
| 196|0x000000008c400000, 0x000000008c400000, 0x000000008c500000|  0%| F|  |TAMS 0x000000008c400000, 0x000000008c400000| Untracked 
| 197|0x000000008c500000, 0x000000008c500000, 0x000000008c600000|  0%| F|  |TAMS 0x000000008c500000, 0x000000008c500000| Untracked 
| 198|0x000000008c600000, 0x000000008c600000, 0x000000008c700000|  0%| F|  |TAMS 0x000000008c600000, 0x000000008c600000| Untracked 
| 199|0x000000008c700000, 0x000000008c700000, 0x000000008c800000|  0%| F|  |TAMS 0x000000008c700000, 0x000000008c700000| Untracked 
| 200|0x000000008c800000, 0x000000008c800000, 0x000000008c900000|  0%| F|  |TAMS 0x000000008c800000, 0x000000008c800000| Untracked 
| 201|0x000000008c900000, 0x000000008c900000, 0x000000008ca00000|  0%| F|  |TAMS 0x000000008c900000, 0x000000008c900000| Untracked 
| 202|0x000000008ca00000, 0x000000008ca00000, 0x000000008cb00000|  0%| F|  |TAMS 0x000000008ca00000, 0x000000008ca00000| Untracked 
| 203|0x000000008cb00000, 0x000000008cb00000, 0x000000008cc00000|  0%| F|  |TAMS 0x000000008cb00000, 0x000000008cb00000| Untracked 
| 204|0x000000008cc00000, 0x000000008cc00000, 0x000000008cd00000|  0%| F|  |TAMS 0x000000008cc00000, 0x000000008cc00000| Untracked 
| 205|0x000000008cd00000, 0x000000008cd00000, 0x000000008ce00000|  0%| F|  |TAMS 0x000000008cd00000, 0x000000008cd00000| Untracked 
| 206|0x000000008ce00000, 0x000000008ce00000, 0x000000008cf00000|  0%| F|  |TAMS 0x000000008ce00000, 0x000000008ce00000| Untracked 
| 207|0x000000008cf00000, 0x000000008cf00000, 0x000000008d000000|  0%| F|  |TAMS 0x000000008cf00000, 0x000000008cf00000| Untracked 
| 208|0x000000008d000000, 0x000000008d000000, 0x000000008d100000|  0%| F|  |TAMS 0x000000008d000000, 0x000000008d000000| Untracked 
| 209|0x000000008d100000, 0x000000008d100000, 0x000000008d200000|  0%| F|  |TAMS 0x000000008d100000, 0x000000008d100000| Untracked 
| 210|0x000000008d200000, 0x000000008d200000, 0x000000008d300000|  0%| F|  |TAMS 0x000000008d200000, 0x000000008d200000| Untracked 
| 211|0x000000008d300000, 0x000000008d300000, 0x000000008d400000|  0%| F|  |TAMS 0x000000008d300000, 0x000000008d300000| Untracked 
| 212|0x000000008d400000, 0x000000008d400000, 0x000000008d500000|  0%| F|  |TAMS 0x000000008d400000, 0x000000008d400000| Untracked 
| 213|0x000000008d500000, 0x000000008d500000, 0x000000008d600000|  0%| F|  |TAMS 0x000000008d500000, 0x000000008d500000| Untracked 
| 214|0x000000008d600000, 0x000000008d600000, 0x000000008d700000|  0%| F|  |TAMS 0x000000008d600000, 0x000000008d600000| Untracked 
| 215|0x000000008d700000, 0x000000008d700000, 0x000000008d800000|  0%| F|  |TAMS 0x000000008d700000, 0x000000008d700000| Untracked 
| 216|0x000000008d800000, 0x000000008d800000, 0x000000008d900000|  0%| F|  |TAMS 0x000000008d800000, 0x000000008d800000| Untracked 
| 217|0x000000008d900000, 0x000000008d900000, 0x000000008da00000|  0%| F|  |TAMS 0x000000008d900000, 0x000000008d900000| Untracked 
| 218|0x000000008da00000, 0x000000008da00000, 0x000000008db00000|  0%| F|  |TAMS 0x000000008da00000, 0x000000008da00000| Untracked 
| 219|0x000000008db00000, 0x000000008db00000, 0x000000008dc00000|  0%| F|  |TAMS 0x000000008db00000, 0x000000008db00000| Untracked 
| 220|0x000000008dc00000, 0x000000008dc00000, 0x000000008dd00000|  0%| F|  |TAMS 0x000000008dc00000, 0x000000008dc00000| Untracked 
| 221|0x000000008dd00000, 0x000000008dd00000, 0x000000008de00000|  0%| F|  |TAMS 0x000000008dd00000, 0x000000008dd00000| Untracked 
| 222|0x000000008de00000, 0x000000008de00000, 0x000000008df00000|  0%| F|  |TAMS 0x000000008de00000, 0x000000008de00000| Untracked 
| 223|0x000000008df00000, 0x000000008df00000, 0x000000008e000000|  0%| F|  |TAMS 0x000000008df00000, 0x000000008df00000| Untracked 
| 224|0x000000008e000000, 0x000000008e000000, 0x000000008e100000|  0%| F|  |TAMS 0x000000008e000000, 0x000000008e000000| Untracked 
| 225|0x000000008e100000, 0x000000008e100000, 0x000000008e200000|  0%| F|  |TAMS 0x000000008e100000, 0x000000008e100000| Untracked 
| 226|0x000000008e200000, 0x000000008e200000, 0x000000008e300000|  0%| F|  |TAMS 0x000000008e200000, 0x000000008e200000| Untracked 
| 227|0x000000008e300000, 0x000000008e300000, 0x000000008e400000|  0%| F|  |TAMS 0x000000008e300000, 0x000000008e300000| Untracked 
| 228|0x000000008e400000, 0x000000008e400000, 0x000000008e500000|  0%| F|  |TAMS 0x000000008e400000, 0x000000008e400000| Untracked 
| 229|0x000000008e500000, 0x000000008e500000, 0x000000008e600000|  0%| F|  |TAMS 0x000000008e500000, 0x000000008e500000| Untracked 
| 230|0x000000008e600000, 0x000000008e600000, 0x000000008e700000|  0%| F|  |TAMS 0x000000008e600000, 0x000000008e600000| Untracked 
| 231|0x000000008e700000, 0x000000008e700000, 0x000000008e800000|  0%| F|  |TAMS 0x000000008e700000, 0x000000008e700000| Untracked 
| 232|0x000000008e800000, 0x000000008e800000, 0x000000008e900000|  0%| F|  |TAMS 0x000000008e800000, 0x000000008e800000| Untracked 
| 233|0x000000008e900000, 0x000000008e900000, 0x000000008ea00000|  0%| F|  |TAMS 0x000000008e900000, 0x000000008e900000| Untracked 
| 234|0x000000008ea00000, 0x000000008ea00000, 0x000000008eb00000|  0%| F|  |TAMS 0x000000008ea00000, 0x000000008ea00000| Untracked 
| 235|0x000000008eb00000, 0x000000008eb00000, 0x000000008ec00000|  0%| F|  |TAMS 0x000000008eb00000, 0x000000008eb00000| Untracked 
| 236|0x000000008ec00000, 0x000000008ec00000, 0x000000008ed00000|  0%| F|  |TAMS 0x000000008ec00000, 0x000000008ec00000| Untracked 
| 237|0x000000008ed00000, 0x000000008ed00000, 0x000000008ee00000|  0%| F|  |TAMS 0x000000008ed00000, 0x000000008ed00000| Untracked 
| 238|0x000000008ee00000, 0x000000008ee00000, 0x000000008ef00000|  0%| F|  |TAMS 0x000000008ee00000, 0x000000008ee00000| Untracked 
| 239|0x000000008ef00000, 0x000000008ef00000, 0x000000008f000000|  0%| F|  |TAMS 0x000000008ef00000, 0x000000008ef00000| Untracked 
| 240|0x000000008f000000, 0x000000008f000000, 0x000000008f100000|  0%| F|  |TAMS 0x000000008f000000, 0x000000008f000000| Untracked 
| 241|0x000000008f100000, 0x000000008f100000, 0x000000008f200000|  0%| F|  |TAMS 0x000000008f100000, 0x000000008f100000| Untracked 
| 242|0x000000008f200000, 0x000000008f200000, 0x000000008f300000|  0%| F|  |TAMS 0x000000008f200000, 0x000000008f200000| Untracked 
| 243|0x000000008f300000, 0x000000008f300000, 0x000000008f400000|  0%| F|  |TAMS 0x000000008f300000, 0x000000008f300000| Untracked 
| 244|0x000000008f400000, 0x000000008f400000, 0x000000008f500000|  0%| F|  |TAMS 0x000000008f400000, 0x000000008f400000| Untracked 
| 245|0x000000008f500000, 0x000000008f500000, 0x000000008f600000|  0%| F|  |TAMS 0x000000008f500000, 0x000000008f500000| Untracked 
| 246|0x000000008f600000, 0x000000008f600000, 0x000000008f700000|  0%| F|  |TAMS 0x000000008f600000, 0x000000008f600000| Untracked 
| 247|0x000000008f700000, 0x000000008f700000, 0x000000008f800000|  0%| F|  |TAMS 0x000000008f700000, 0x000000008f700000| Untracked 
| 248|0x000000008f800000, 0x000000008f800000, 0x000000008f900000|  0%| F|  |TAMS 0x000000008f800000, 0x000000008f800000| Untracked 
| 249|0x000000008f900000, 0x000000008f900000, 0x000000008fa00000|  0%| F|  |TAMS 0x000000008f900000, 0x000000008f900000| Untracked 
| 250|0x000000008fa00000, 0x000000008fa00000, 0x000000008fb00000|  0%| F|  |TAMS 0x000000008fa00000, 0x000000008fa00000| Untracked 
| 251|0x000000008fb00000, 0x000000008fb00000, 0x000000008fc00000|  0%| F|  |TAMS 0x000000008fb00000, 0x000000008fb00000| Untracked 
| 252|0x000000008fc00000, 0x000000008fc00000, 0x000000008fd00000|  0%| F|  |TAMS 0x000000008fc00000, 0x000000008fc00000| Untracked 
| 253|0x000000008fd00000, 0x000000008fd00000, 0x000000008fe00000|  0%| F|  |TAMS 0x000000008fd00000, 0x000000008fd00000| Untracked 
| 254|0x000000008fe00000, 0x000000008fe00000, 0x000000008ff00000|  0%| F|  |TAMS 0x000000008fe00000, 0x000000008fe00000| Untracked 
| 255|0x000000008ff00000, 0x000000008ff00000, 0x0000000090000000|  0%| F|  |TAMS 0x000000008ff00000, 0x000000008ff00000| Untracked 
| 256|0x0000000090000000, 0x0000000090000000, 0x0000000090100000|  0%| F|  |TAMS 0x0000000090000000, 0x0000000090000000| Untracked 
| 257|0x0000000090100000, 0x0000000090100000, 0x0000000090200000|  0%| F|  |TAMS 0x0000000090100000, 0x0000000090100000| Untracked 
| 258|0x0000000090200000, 0x0000000090200000, 0x0000000090300000|  0%| F|  |TAMS 0x0000000090200000, 0x0000000090200000| Untracked 
| 259|0x0000000090300000, 0x0000000090300000, 0x0000000090400000|  0%| F|  |TAMS 0x0000000090300000, 0x0000000090300000| Untracked 
| 260|0x0000000090400000, 0x0000000090400000, 0x0000000090500000|  0%| F|  |TAMS 0x0000000090400000, 0x0000000090400000| Untracked 
| 261|0x0000000090500000, 0x0000000090500000, 0x0000000090600000|  0%| F|  |TAMS 0x0000000090500000, 0x0000000090500000| Untracked 
| 262|0x0000000090600000, 0x0000000090600000, 0x0000000090700000|  0%| F|  |TAMS 0x0000000090600000, 0x0000000090600000| Untracked 
| 263|0x0000000090700000, 0x0000000090700000, 0x0000000090800000|  0%| F|  |TAMS 0x0000000090700000, 0x0000000090700000| Untracked 
| 264|0x0000000090800000, 0x0000000090800000, 0x0000000090900000|  0%| F|  |TAMS 0x0000000090800000, 0x0000000090800000| Untracked 
| 265|0x0000000090900000, 0x0000000090900000, 0x0000000090a00000|  0%| F|  |TAMS 0x0000000090900000, 0x0000000090900000| Untracked 
| 266|0x0000000090a00000, 0x0000000090a00000, 0x0000000090b00000|  0%| F|  |TAMS 0x0000000090a00000, 0x0000000090a00000| Untracked 
| 267|0x0000000090b00000, 0x0000000090b00000, 0x0000000090c00000|  0%| F|  |TAMS 0x0000000090b00000, 0x0000000090b00000| Untracked 
| 268|0x0000000090c00000, 0x0000000090c00000, 0x0000000090d00000|  0%| F|  |TAMS 0x0000000090c00000, 0x0000000090c00000| Untracked 
| 269|0x0000000090d00000, 0x0000000090d00000, 0x0000000090e00000|  0%| F|  |TAMS 0x0000000090d00000, 0x0000000090d00000| Untracked 
| 270|0x0000000090e00000, 0x0000000090e00000, 0x0000000090f00000|  0%| F|  |TAMS 0x0000000090e00000, 0x0000000090e00000| Untracked 
| 271|0x0000000090f00000, 0x0000000090f00000, 0x0000000091000000|  0%| F|  |TAMS 0x0000000090f00000, 0x0000000090f00000| Untracked 
| 272|0x0000000091000000, 0x0000000091000000, 0x0000000091100000|  0%| F|  |TAMS 0x0000000091000000, 0x0000000091000000| Untracked 
| 273|0x0000000091100000, 0x0000000091100000, 0x0000000091200000|  0%| F|  |TAMS 0x0000000091100000, 0x0000000091100000| Untracked 
| 274|0x0000000091200000, 0x0000000091200000, 0x0000000091300000|  0%| F|  |TAMS 0x0000000091200000, 0x0000000091200000| Untracked 
| 275|0x0000000091300000, 0x0000000091300000, 0x0000000091400000|  0%| F|  |TAMS 0x0000000091300000, 0x0000000091300000| Untracked 
| 276|0x0000000091400000, 0x0000000091400000, 0x0000000091500000|  0%| F|  |TAMS 0x0000000091400000, 0x0000000091400000| Untracked 
| 277|0x0000000091500000, 0x000000009155b230, 0x0000000091600000| 35%| S|CS|TAMS 0x0000000091500000, 0x0000000091500000| Complete 
| 278|0x0000000091600000, 0x0000000091700000, 0x0000000091700000|100%| S|CS|TAMS 0x0000000091600000, 0x0000000091600000| Complete 
| 279|0x0000000091700000, 0x0000000091800000, 0x0000000091800000|100%| S|CS|TAMS 0x0000000091700000, 0x0000000091700000| Complete 
| 280|0x0000000091800000, 0x0000000091900000, 0x0000000091900000|100%| S|CS|TAMS 0x0000000091800000, 0x0000000091800000| Complete 
| 281|0x0000000091900000, 0x0000000091a00000, 0x0000000091a00000|100%| S|CS|TAMS 0x0000000091900000, 0x0000000091900000| Complete 
| 282|0x0000000091a00000, 0x0000000091a00000, 0x0000000091b00000|  0%| F|  |TAMS 0x0000000091a00000, 0x0000000091a00000| Untracked 
| 283|0x0000000091b00000, 0x0000000091b00000, 0x0000000091c00000|  0%| F|  |TAMS 0x0000000091b00000, 0x0000000091b00000| Untracked 
| 284|0x0000000091c00000, 0x0000000091c00000, 0x0000000091d00000|  0%| F|  |TAMS 0x0000000091c00000, 0x0000000091c00000| Untracked 
| 285|0x0000000091d00000, 0x0000000091d00000, 0x0000000091e00000|  0%| F|  |TAMS 0x0000000091d00000, 0x0000000091d00000| Untracked 
| 286|0x0000000091e00000, 0x0000000091e00000, 0x0000000091f00000|  0%| F|  |TAMS 0x0000000091e00000, 0x0000000091e00000| Untracked 
| 287|0x0000000091f00000, 0x0000000091f00000, 0x0000000092000000|  0%| F|  |TAMS 0x0000000091f00000, 0x0000000091f00000| Untracked 
| 288|0x0000000092000000, 0x0000000092000000, 0x0000000092100000|  0%| F|  |TAMS 0x0000000092000000, 0x0000000092000000| Untracked 
| 289|0x0000000092100000, 0x0000000092100000, 0x0000000092200000|  0%| F|  |TAMS 0x0000000092100000, 0x0000000092100000| Untracked 
| 290|0x0000000092200000, 0x0000000092200000, 0x0000000092300000|  0%| F|  |TAMS 0x0000000092200000, 0x0000000092200000| Untracked 
| 291|0x0000000092300000, 0x0000000092300000, 0x0000000092400000|  0%| F|  |TAMS 0x0000000092300000, 0x0000000092300000| Untracked 
| 292|0x0000000092400000, 0x0000000092400000, 0x0000000092500000|  0%| F|  |TAMS 0x0000000092400000, 0x0000000092400000| Untracked 
| 293|0x0000000092500000, 0x0000000092500000, 0x0000000092600000|  0%| F|  |TAMS 0x0000000092500000, 0x0000000092500000| Untracked 
| 294|0x0000000092600000, 0x0000000092600000, 0x0000000092700000|  0%| F|  |TAMS 0x0000000092600000, 0x0000000092600000| Untracked 
| 295|0x0000000092700000, 0x0000000092700000, 0x0000000092800000|  0%| F|  |TAMS 0x0000000092700000, 0x0000000092700000| Untracked 
| 296|0x0000000092800000, 0x0000000092800000, 0x0000000092900000|  0%| F|  |TAMS 0x0000000092800000, 0x0000000092800000| Untracked 
| 297|0x0000000092900000, 0x0000000092900000, 0x0000000092a00000|  0%| F|  |TAMS 0x0000000092900000, 0x0000000092900000| Untracked 
| 298|0x0000000092a00000, 0x0000000092a00000, 0x0000000092b00000|  0%| F|  |TAMS 0x0000000092a00000, 0x0000000092a00000| Untracked 
| 299|0x0000000092b00000, 0x0000000092b00000, 0x0000000092c00000|  0%| F|  |TAMS 0x0000000092b00000, 0x0000000092b00000| Untracked 
| 300|0x0000000092c00000, 0x0000000092c00000, 0x0000000092d00000|  0%| F|  |TAMS 0x0000000092c00000, 0x0000000092c00000| Untracked 
| 301|0x0000000092d00000, 0x0000000092d00000, 0x0000000092e00000|  0%| F|  |TAMS 0x0000000092d00000, 0x0000000092d00000| Untracked 
| 302|0x0000000092e00000, 0x0000000092e00000, 0x0000000092f00000|  0%| F|  |TAMS 0x0000000092e00000, 0x0000000092e00000| Untracked 
| 303|0x0000000092f00000, 0x0000000092f00000, 0x0000000093000000|  0%| F|  |TAMS 0x0000000092f00000, 0x0000000092f00000| Untracked 
| 304|0x0000000093000000, 0x0000000093000000, 0x0000000093100000|  0%| F|  |TAMS 0x0000000093000000, 0x0000000093000000| Untracked 
| 305|0x0000000093100000, 0x0000000093100000, 0x0000000093200000|  0%| F|  |TAMS 0x0000000093100000, 0x0000000093100000| Untracked 
| 306|0x0000000093200000, 0x0000000093200000, 0x0000000093300000|  0%| F|  |TAMS 0x0000000093200000, 0x0000000093200000| Untracked 
| 307|0x0000000093300000, 0x0000000093300000, 0x0000000093400000|  0%| F|  |TAMS 0x0000000093300000, 0x0000000093300000| Untracked 
| 308|0x0000000093400000, 0x0000000093400000, 0x0000000093500000|  0%| F|  |TAMS 0x0000000093400000, 0x0000000093400000| Untracked 
| 309|0x0000000093500000, 0x0000000093500000, 0x0000000093600000|  0%| F|  |TAMS 0x0000000093500000, 0x0000000093500000| Untracked 
| 310|0x0000000093600000, 0x0000000093600000, 0x0000000093700000|  0%| F|  |TAMS 0x0000000093600000, 0x0000000093600000| Untracked 
| 311|0x0000000093700000, 0x0000000093700000, 0x0000000093800000|  0%| F|  |TAMS 0x0000000093700000, 0x0000000093700000| Untracked 
| 312|0x0000000093800000, 0x0000000093800000, 0x0000000093900000|  0%| F|  |TAMS 0x0000000093800000, 0x0000000093800000| Untracked 
| 313|0x0000000093900000, 0x0000000093900000, 0x0000000093a00000|  0%| F|  |TAMS 0x0000000093900000, 0x0000000093900000| Untracked 
| 314|0x0000000093a00000, 0x0000000093a00000, 0x0000000093b00000|  0%| F|  |TAMS 0x0000000093a00000, 0x0000000093a00000| Untracked 
| 315|0x0000000093b00000, 0x0000000093b00000, 0x0000000093c00000|  0%| F|  |TAMS 0x0000000093b00000, 0x0000000093b00000| Untracked 
| 316|0x0000000093c00000, 0x0000000093c00000, 0x0000000093d00000|  0%| F|  |TAMS 0x0000000093c00000, 0x0000000093c00000| Untracked 
| 317|0x0000000093d00000, 0x0000000093d00000, 0x0000000093e00000|  0%| F|  |TAMS 0x0000000093d00000, 0x0000000093d00000| Untracked 
| 318|0x0000000093e00000, 0x0000000093e00000, 0x0000000093f00000|  0%| F|  |TAMS 0x0000000093e00000, 0x0000000093e00000| Untracked 
| 319|0x0000000093f00000, 0x0000000093f00000, 0x0000000094000000|  0%| F|  |TAMS 0x0000000093f00000, 0x0000000093f00000| Untracked 
| 320|0x0000000094000000, 0x0000000094000000, 0x0000000094100000|  0%| F|  |TAMS 0x0000000094000000, 0x0000000094000000| Untracked 
| 321|0x0000000094100000, 0x0000000094100000, 0x0000000094200000|  0%| F|  |TAMS 0x0000000094100000, 0x0000000094100000| Untracked 
| 322|0x0000000094200000, 0x0000000094200000, 0x0000000094300000|  0%| F|  |TAMS 0x0000000094200000, 0x0000000094200000| Untracked 
| 323|0x0000000094300000, 0x0000000094300000, 0x0000000094400000|  0%| F|  |TAMS 0x0000000094300000, 0x0000000094300000| Untracked 
| 324|0x0000000094400000, 0x00000000944927b8, 0x0000000094500000| 57%| E|  |TAMS 0x0000000094400000, 0x0000000094400000| Complete 
| 325|0x0000000094500000, 0x0000000094600000, 0x0000000094600000|100%| E|CS|TAMS 0x0000000094500000, 0x0000000094500000| Complete 
| 326|0x0000000094600000, 0x0000000094700000, 0x0000000094700000|100%| E|CS|TAMS 0x0000000094600000, 0x0000000094600000| Complete 
| 327|0x0000000094700000, 0x0000000094800000, 0x0000000094800000|100%| E|CS|TAMS 0x0000000094700000, 0x0000000094700000| Complete 
| 328|0x0000000094800000, 0x0000000094900000, 0x0000000094900000|100%| E|CS|TAMS 0x0000000094800000, 0x0000000094800000| Complete 
| 329|0x0000000094900000, 0x0000000094a00000, 0x0000000094a00000|100%| E|CS|TAMS 0x0000000094900000, 0x0000000094900000| Complete 
| 330|0x0000000094a00000, 0x0000000094b00000, 0x0000000094b00000|100%| E|CS|TAMS 0x0000000094a00000, 0x0000000094a00000| Complete 
| 331|0x0000000094b00000, 0x0000000094c00000, 0x0000000094c00000|100%| E|CS|TAMS 0x0000000094b00000, 0x0000000094b00000| Complete 
| 332|0x0000000094c00000, 0x0000000094d00000, 0x0000000094d00000|100%| E|  |TAMS 0x0000000094c00000, 0x0000000094c00000| Complete 
| 333|0x0000000094d00000, 0x0000000094e00000, 0x0000000094e00000|100%| E|CS|TAMS 0x0000000094d00000, 0x0000000094d00000| Complete 
| 334|0x0000000094e00000, 0x0000000094f00000, 0x0000000094f00000|100%| E|CS|TAMS 0x0000000094e00000, 0x0000000094e00000| Complete 
| 335|0x0000000094f00000, 0x0000000095000000, 0x0000000095000000|100%| E|CS|TAMS 0x0000000094f00000, 0x0000000094f00000| Complete 
| 336|0x0000000095000000, 0x0000000095100000, 0x0000000095100000|100%| E|CS|TAMS 0x0000000095000000, 0x0000000095000000| Complete 
| 337|0x0000000095100000, 0x0000000095200000, 0x0000000095200000|100%| E|CS|TAMS 0x0000000095100000, 0x0000000095100000| Complete 
| 338|0x0000000095200000, 0x0000000095300000, 0x0000000095300000|100%| E|CS|TAMS 0x0000000095200000, 0x0000000095200000| Complete 
| 339|0x0000000095300000, 0x0000000095400000, 0x0000000095400000|100%| E|CS|TAMS 0x0000000095300000, 0x0000000095300000| Complete 
| 340|0x0000000095400000, 0x0000000095500000, 0x0000000095500000|100%| E|CS|TAMS 0x0000000095400000, 0x0000000095400000| Complete 
| 341|0x0000000095500000, 0x0000000095600000, 0x0000000095600000|100%| E|CS|TAMS 0x0000000095500000, 0x0000000095500000| Complete 
| 342|0x0000000095600000, 0x0000000095700000, 0x0000000095700000|100%| E|CS|TAMS 0x0000000095600000, 0x0000000095600000| Complete 
| 343|0x0000000095700000, 0x0000000095800000, 0x0000000095800000|100%| E|CS|TAMS 0x0000000095700000, 0x0000000095700000| Complete 
| 344|0x0000000095800000, 0x0000000095900000, 0x0000000095900000|100%| E|CS|TAMS 0x0000000095800000, 0x0000000095800000| Complete 
| 345|0x0000000095900000, 0x0000000095a00000, 0x0000000095a00000|100%| E|CS|TAMS 0x0000000095900000, 0x0000000095900000| Complete 
| 346|0x0000000095a00000, 0x0000000095b00000, 0x0000000095b00000|100%| E|CS|TAMS 0x0000000095a00000, 0x0000000095a00000| Complete 
| 347|0x0000000095b00000, 0x0000000095c00000, 0x0000000095c00000|100%| E|CS|TAMS 0x0000000095b00000, 0x0000000095b00000| Complete 
| 348|0x0000000095c00000, 0x0000000095d00000, 0x0000000095d00000|100%| E|CS|TAMS 0x0000000095c00000, 0x0000000095c00000| Complete 
| 349|0x0000000095d00000, 0x0000000095e00000, 0x0000000095e00000|100%| E|CS|TAMS 0x0000000095d00000, 0x0000000095d00000| Complete 
| 350|0x0000000095e00000, 0x0000000095f00000, 0x0000000095f00000|100%| E|CS|TAMS 0x0000000095e00000, 0x0000000095e00000| Complete 
| 351|0x0000000095f00000, 0x0000000096000000, 0x0000000096000000|100%| E|CS|TAMS 0x0000000095f00000, 0x0000000095f00000| Complete 
| 352|0x0000000096000000, 0x0000000096100000, 0x0000000096100000|100%| E|CS|TAMS 0x0000000096000000, 0x0000000096000000| Complete 
| 353|0x0000000096100000, 0x0000000096200000, 0x0000000096200000|100%| E|CS|TAMS 0x0000000096100000, 0x0000000096100000| Complete 

Card table byte_map: [0x000002bb59420000,0x000002bb59820000] _byte_map_base: 0x000002bb59020000

Marking Bits (Prev, Next): (CMBitMap*) 0x000002bb4656efe0, (CMBitMap*) 0x000002bb4656efa8
 Prev Bits: [0x000002bb5bc20000, 0x000002bb5dc20000)
 Next Bits: [0x000002bb59c20000, 0x000002bb5bc20000)

Polling page: 0x000002bb44410000

Metaspace:

Usage:
  Non-class:    123.80 MB capacity,   121.34 MB ( 98%) used,     2.02 MB (  2%) free+waste,   450.13 KB ( <1%) overhead. 
      Class:     18.73 MB capacity,    17.28 MB ( 92%) used,     1.25 MB (  7%) free+waste,   203.56 KB (  1%) overhead. 
       Both:    142.52 MB capacity,   138.62 MB ( 97%) used,     3.26 MB (  2%) free+waste,   653.69 KB ( <1%) overhead. 

Virtual space:
  Non-class space:      124.00 MB reserved,     123.92 MB (>99%) committed 
      Class space:        1.00 GB reserved,      18.82 MB (  2%) committed 
             Both:        1.12 GB reserved,     142.74 MB ( 12%) committed 

Chunk freelists:
   Non-Class:  59.00 KB
       Class:  0 bytes
        Both:  59.00 KB

MaxMetaspaceSize: 17179869184.00 GB
CompressedClassSpaceSize: 1.00 GB

CodeHeap 'non-profiled nmethods': size=120064Kb used=15265Kb max_used=15714Kb free=104798Kb
 bounds [0x000002bb51ae0000, 0x000002bb52a40000, 0x000002bb59020000]
CodeHeap 'profiled nmethods': size=120000Kb used=46675Kb max_used=46993Kb free=73324Kb
 bounds [0x000002bb4a5b0000, 0x000002bb4d3c0000, 0x000002bb51ae0000]
CodeHeap 'non-nmethods': size=5696Kb used=2386Kb max_used=2420Kb free=3309Kb
 bounds [0x000002bb4a020000, 0x000002bb4a290000, 0x000002bb4a5b0000]
 total_blobs=22228 nmethods=21202 adapters=935
 compilation: enabled
              stopped_count=0, restarted_count=0
 full_count=0

Compilation events (20 events):
Event: 450.083 Thread 0x000002bb6014c000 24781       3       com.google.common.cache.LocalCache$AccessQueue::remove (44 bytes)
Event: 450.085 Thread 0x000002bb6014c000 nmethod 24781 0x000002bb4c21e190 code [0x000002bb4c21e3c0, 0x000002bb4c21ebd8]
Event: 450.092 Thread 0x000002bb6014c000 24782       3       org.gradle.internal.watch.vfs.impl.WatchingVirtualFileSystem$3$$Lambda$1420/0x0000000101025040::get$Lambda (12 bytes)
Event: 450.093 Thread 0x000002bb6014c000 nmethod 24782 0x000002bb4c21db10 code [0x000002bb4c21dce0, 0x000002bb4c21e058]
Event: 450.159 Thread 0x000002bb6014c000 24783   !   3       java.nio.file.FileTreeWalker::visit (204 bytes)
Event: 450.165 Thread 0x000002bb6014c000 nmethod 24783 0x000002bb4c21af10 code [0x000002bb4c21b2e0, 0x000002bb4c21d198]
Event: 450.165 Thread 0x000002bb6014c000 24784       3       java.util.ArrayDeque::addFirst (51 bytes)
Event: 450.166 Thread 0x000002bb6014c000 nmethod 24784 0x000002bb4c21a710 code [0x000002bb4c21a900, 0x000002bb4c21ad98]
Event: 450.203 Thread 0x000002bb6014c000 24786       3       com.android.tools.r8.graph.Q::F (30 bytes)
Event: 450.204 Thread 0x000002bb6014c000 nmethod 24786 0x000002bb4c225b10 code [0x000002bb4c225ce0, 0x000002bb4c225ec8]
Event: 450.204 Thread 0x000002bb6014c000 24787       3       com.android.tools.r8.graph.T::a (13 bytes)
Event: 450.205 Thread 0x000002bb6014c000 nmethod 24787 0x000002bb4c224c10 code [0x000002bb4c224e60, 0x000002bb4c225738]
Event: 450.205 Thread 0x000002bb6014c000 24789       3       com.android.tools.r8.internal.Of::g (55 bytes)
Event: 450.206 Thread 0x000002bb6014c000 nmethod 24789 0x000002bb4c224290 code [0x000002bb4c2244c0, 0x000002bb4c224a18]
Event: 450.206 Thread 0x000002bb6014c000 24788       3       com.android.tools.r8.internal.c0::<init> (5 bytes)
Event: 450.206 Thread 0x000002bb6014c000 nmethod 24788 0x000002bb4c219c90 code [0x000002bb4c219e40, 0x000002bb4c219f98]
Event: 450.207 Thread 0x000002bb6014c000 24790       3       com.android.tools.r8.internal.St::d (45 bytes)
Event: 450.208 Thread 0x000002bb6014c000 nmethod 24790 0x000002bb4c223b10 code [0x000002bb4c223ce0, 0x000002bb4c224108]
Event: 450.209 Thread 0x000002bb6014c000 24791       3       com.android.tools.r8.graph.A0$$Lambda$1543/0x000000010116a840::apply (12 bytes)
Event: 450.210 Thread 0x000002bb6014c000 nmethod 24791 0x000002bb4c227210 code [0x000002bb4c227440, 0x000002bb4c227b98]

GC Heap History (20 events):
Event: 414.144 GC heap before
{Heap before GC invocations=94 (full 0):
 garbage-first heap   total 362496K, used 205050K [0x0000000080000000, 0x0000000100000000)
  region size 1024K, 30 young (30720K), 2 survivors (2048K)
 Metaspace       used 125364K, capacity 128706K, committed 128760K, reserved 1161216K
  class space    used 15684K, capacity 16945K, committed 16972K, reserved 1048576K
}
Event: 414.246 GC heap after
{Heap after GC invocations=95 (full 0):
 garbage-first heap   total 362496K, used 170967K [0x0000000080000000, 0x0000000100000000)
  region size 1024K, 4 young (4096K), 4 survivors (4096K)
 Metaspace       used 125364K, capacity 128706K, committed 128760K, reserved 1161216K
  class space    used 15684K, capacity 16945K, committed 16972K, reserved 1048576K
}
Event: 415.667 GC heap before
{Heap before GC invocations=96 (full 0):
 garbage-first heap   total 362496K, used 184279K [0x0000000080000000, 0x0000000100000000)
  region size 1024K, 17 young (17408K), 4 survivors (4096K)
 Metaspace       used 125776K, capacity 129199K, committed 129400K, reserved 1161216K
  class space    used 15720K, capacity 16980K, committed 17100K, reserved 1048576K
}
Event: 415.696 GC heap after
{Heap after GC invocations=97 (full 0):
 garbage-first heap   total 362496K, used 171713K [0x0000000080000000, 0x0000000100000000)
  region size 1024K, 1 young (1024K), 1 survivors (1024K)
 Metaspace       used 125776K, capacity 129199K, committed 129400K, reserved 1161216K
  class space    used 15720K, capacity 16980K, committed 17100K, reserved 1048576K
}
Event: 415.984 GC heap before
{Heap before GC invocations=97 (full 0):
 garbage-first heap   total 362496K, used 188097K [0x0000000080000000, 0x0000000100000000)
  region size 1024K, 17 young (17408K), 1 survivors (1024K)
 Metaspace       used 125782K, capacity 129199K, committed 129400K, reserved 1161216K
  class space    used 15720K, capacity 16980K, committed 17100K, reserved 1048576K
}
Event: 416.004 GC heap after
{Heap after GC invocations=98 (full 0):
 garbage-first heap   total 362496K, used 160365K [0x0000000080000000, 0x0000000100000000)
  region size 1024K, 1 young (1024K), 1 survivors (1024K)
 Metaspace       used 125782K, capacity 129199K, committed 129400K, reserved 1161216K
  class space    used 15720K, capacity 16980K, committed 17100K, reserved 1048576K
}
Event: 416.441 GC heap before
{Heap before GC invocations=98 (full 0):
 garbage-first heap   total 362496K, used 195181K [0x0000000080000000, 0x0000000100000000)
  region size 1024K, 35 young (35840K), 1 survivors (1024K)
 Metaspace       used 125865K, capacity 129269K, committed 129400K, reserved 1161216K
  class space    used 15728K, capacity 16982K, committed 17100K, reserved 1048576K
}
Event: 416.474 GC heap after
{Heap after GC invocations=99 (full 0):
 garbage-first heap   total 362496K, used 165037K [0x0000000080000000, 0x0000000100000000)
  region size 1024K, 4 young (4096K), 4 survivors (4096K)
 Metaspace       used 125865K, capacity 129269K, committed 129400K, reserved 1161216K
  class space    used 15728K, capacity 16982K, committed 17100K, reserved 1048576K
}
Event: 420.673 GC heap before
{Heap before GC invocations=100 (full 0):
 garbage-first heap   total 362496K, used 224429K [0x0000000080000000, 0x0000000100000000)
  region size 1024K, 49 young (50176K), 4 survivors (4096K)
 Metaspace       used 129465K, capacity 132837K, committed 132984K, reserved 1165312K
  class space    used 16005K, capacity 17254K, committed 17356K, reserved 1048576K
}
Event: 420.717 GC heap after
{Heap after GC invocations=101 (full 0):
 garbage-first heap   total 362496K, used 165851K [0x0000000080000000, 0x0000000100000000)
  region size 1024K, 6 young (6144K), 6 survivors (6144K)
 Metaspace       used 129465K, capacity 132837K, committed 132984K, reserved 1165312K
  class space    used 16005K, capacity 17254K, committed 17356K, reserved 1048576K
}
Event: 424.602 GC heap before
{Heap before GC invocations=101 (full 0):
 garbage-first heap   total 362496K, used 227291K [0x0000000080000000, 0x0000000100000000)
  region size 1024K, 66 young (67584K), 6 survivors (6144K)
 Metaspace       used 130501K, capacity 133925K, committed 134008K, reserved 1165312K
  class space    used 16068K, capacity 17318K, committed 17356K, reserved 1048576K
}
Event: 424.638 GC heap after
{Heap after GC invocations=102 (full 0):
 garbage-first heap   total 362496K, used 163819K [0x0000000080000000, 0x0000000100000000)
  region size 1024K, 1 young (1024K), 1 survivors (1024K)
 Metaspace       used 130501K, capacity 133925K, committed 134008K, reserved 1165312K
  class space    used 16068K, capacity 17318K, committed 17356K, reserved 1048576K
}
Event: 428.766 GC heap before
{Heap before GC invocations=102 (full 0):
 garbage-first heap   total 362496K, used 252907K [0x0000000080000000, 0x0000000100000000)
  region size 1024K, 89 young (91136K), 1 survivors (1024K)
 Metaspace       used 132843K, capacity 136268K, committed 136312K, reserved 1167360K
  class space    used 16324K, capacity 17579K, committed 17612K, reserved 1048576K
}
Event: 428.848 GC heap after
{Heap after GC invocations=103 (full 0):
 garbage-first heap   total 362496K, used 167449K [0x0000000080000000, 0x0000000100000000)
  region size 1024K, 5 young (5120K), 5 survivors (5120K)
 Metaspace       used 132843K, capacity 136268K, committed 136312K, reserved 1167360K
  class space    used 16324K, capacity 17579K, committed 17612K, reserved 1048576K
}
Event: 440.356 GC heap before
{Heap before GC invocations=104 (full 0):
 garbage-first heap   total 362496K, used 256537K [0x0000000080000000, 0x0000000100000000)
  region size 1024K, 98 young (100352K), 5 survivors (5120K)
 Metaspace       used 133405K, capacity 136755K, committed 136824K, reserved 1169408K
  class space    used 16360K, capacity 17585K, committed 17612K, reserved 1048576K
}
Event: 440.570 GC heap after
{Heap after GC invocations=105 (full 0):
 garbage-first heap   total 362496K, used 164465K [0x0000000080000000, 0x0000000100000000)
  region size 1024K, 7 young (7168K), 7 survivors (7168K)
 Metaspace       used 133405K, capacity 136755K, committed 136824K, reserved 1169408K
  class space    used 16360K, capacity 17585K, committed 17612K, reserved 1048576K
}
Event: 442.867 GC heap before
{Heap before GC invocations=105 (full 0):
 garbage-first heap   total 362496K, used 173681K [0x0000000080000000, 0x0000000100000000)
  region size 1024K, 17 young (17408K), 7 survivors (7168K)
 Metaspace       used 133551K, capacity 136889K, committed 137208K, reserved 1169408K
  class space    used 16378K, capacity 17634K, committed 17740K, reserved 1048576K
}
Event: 443.016 GC heap after
{Heap after GC invocations=106 (full 0):
 garbage-first heap   total 362496K, used 145062K [0x0000000080000000, 0x0000000100000000)
  region size 1024K, 1 young (1024K), 1 survivors (1024K)
 Metaspace       used 133551K, capacity 136889K, committed 137208K, reserved 1169408K
  class space    used 16378K, capacity 17634K, committed 17740K, reserved 1048576K
}
Event: 447.690 GC heap before
{Heap before GC invocations=106 (full 0):
 garbage-first heap   total 362496K, used 216742K [0x0000000080000000, 0x0000000100000000)
  region size 1024K, 72 young (73728K), 1 survivors (1024K)
 Metaspace       used 137662K, capacity 141358K, committed 141560K, reserved 1173504K
  class space    used 17013K, capacity 18394K, committed 18508K, reserved 1048576K
}
Event: 447.717 GC heap after
{Heap after GC invocations=107 (full 0):
 garbage-first heap   total 362496K, used 148499K [0x0000000080000000, 0x0000000100000000)
  region size 1024K, 5 young (5120K), 5 survivors (5120K)
 Metaspace       used 137662K, capacity 141358K, committed 141560K, reserved 1173504K
  class space    used 17013K, capacity 18394K, committed 18508K, reserved 1048576K
}

Deoptimization events (20 events):
Event: 449.802 Thread 0x000002bb62232800 DEOPT PACKING pc=0x000002bb51ea5218 sp=0x000000dea72fa840
Event: 449.802 Thread 0x000002bb62232800 DEOPT UNPACKING pc=0x000002bb4a0478af sp=0x000000dea72fa7d0 mode 2
Event: 450.085 Thread 0x000002bb62234800 DEOPT PACKING pc=0x000002bb4b54e724 sp=0x000000dea74fcdc0
Event: 450.085 Thread 0x000002bb62234800 DEOPT UNPACKING pc=0x000002bb4a0476ce sp=0x000000dea74fc2b8 mode 0
Event: 450.085 Thread 0x000002bb62234800 DEOPT PACKING pc=0x000002bb4b543014 sp=0x000000dea74fcf00
Event: 450.085 Thread 0x000002bb62234800 DEOPT UNPACKING pc=0x000002bb4a0476ce sp=0x000000dea74fc3b0 mode 0
Event: 450.086 Thread 0x000002bb62234800 DEOPT PACKING pc=0x000002bb4c2deb0c sp=0x000000dea74fd580
Event: 450.086 Thread 0x000002bb62234800 DEOPT UNPACKING pc=0x000002bb4a0476ce sp=0x000000dea74fcb30 mode 0
Event: 450.131 Thread 0x000002bb62230000 DEOPT PACKING pc=0x000002bb4b54e724 sp=0x000000dea71fccd0
Event: 450.131 Thread 0x000002bb62230000 DEOPT UNPACKING pc=0x000002bb4a0476ce sp=0x000000dea71fc1c8 mode 0
Event: 450.131 Thread 0x000002bb62230000 DEOPT PACKING pc=0x000002bb4b543014 sp=0x000000dea71fce10
Event: 450.131 Thread 0x000002bb62230000 DEOPT UNPACKING pc=0x000002bb4a0476ce sp=0x000000dea71fc2c0 mode 0
Event: 450.131 Thread 0x000002bb62230000 DEOPT PACKING pc=0x000002bb4c2deb0c sp=0x000000dea71fd490
Event: 450.131 Thread 0x000002bb62230000 DEOPT UNPACKING pc=0x000002bb4a0476ce sp=0x000000dea71fca40 mode 0
Event: 450.136 Thread 0x000002bb62232800 DEOPT PACKING pc=0x000002bb4b54e724 sp=0x000000dea72fd1e0
Event: 450.136 Thread 0x000002bb62232800 DEOPT UNPACKING pc=0x000002bb4a0476ce sp=0x000000dea72fc6d8 mode 0
Event: 450.136 Thread 0x000002bb62232800 DEOPT PACKING pc=0x000002bb4b543014 sp=0x000000dea72fd320
Event: 450.136 Thread 0x000002bb62232800 DEOPT UNPACKING pc=0x000002bb4a0476ce sp=0x000000dea72fc7d0 mode 0
Event: 450.136 Thread 0x000002bb62232800 DEOPT PACKING pc=0x000002bb4c2deb0c sp=0x000000dea72fd9a0
Event: 450.136 Thread 0x000002bb62232800 DEOPT UNPACKING pc=0x000002bb4a0476ce sp=0x000000dea72fcf50 mode 0

Classes redefined (0 events):
No events

Internal exceptions (20 events):
Event: 447.785 Thread 0x000002bb62232800 Exception <a 'java/lang/NoSuchMethodError'{0x00000000961ed790}: 'java.lang.Object java.lang.invoke.DirectMethodHandle$Holder.invokeVirtual(java.lang.Object, java.lang.Object, int, java.lang.Object)'> (0x00000000961ed790) thrown at [./src/hotspot/share/interpreter/linkResolver.cpp, line 773]
Event: 447.785 Thread 0x000002bb62230000 Exception <a 'java/lang/NoSuchMethodError'{0x00000000961a2330}: 'java.lang.Object java.lang.invoke.DirectMethodHandle$Holder.invokeVirtual(java.lang.Object, java.lang.Object, int, java.lang.Object)'> (0x00000000961a2330) thrown at [./src/hotspot/share/interpreter/linkResolver.cpp, line 773]
Event: 447.789 Thread 0x000002bb62234800 Exception <a 'java/lang/NoSuchMethodError'{0x0000000096012a60}: 'java.lang.Object java.lang.invoke.DirectMethodHandle$Holder.invokeVirtual(java.lang.Object, java.lang.Object, int, java.lang.Object)'> (0x0000000096012a60) thrown at [./src/hotspot/share/interpreter/linkResolver.cpp, line 773]
Event: 447.843 Thread 0x000002bb62234800 Exception <a 'java/lang/IncompatibleClassChangeError'{0x00000000960c00e8}: Found class java.lang.Object, but interface was expected> (0x00000000960c00e8) thrown at [./src/hotspot/share/interpreter/linkResolver.cpp, line 839]
Event: 447.845 Thread 0x000002bb62234800 Exception <a 'java/lang/IncompatibleClassChangeError'{0x00000000960cab70}: Found class java.lang.Object, but interface was expected> (0x00000000960cab70) thrown at [./src/hotspot/share/interpreter/linkResolver.cpp, line 839]
Event: 447.953 Thread 0x000002bb62234800 Exception <a 'java/lang/NoSuchMethodError'{0x0000000095e0de50}: 'void java.lang.invoke.DirectMethodHandle$Holder.invokeVirtual(java.lang.Object, java.lang.Object, int, java.lang.Object)'> (0x0000000095e0de50) thrown at [./src/hotspot/share/interpreter/linkResolver.cpp, line 773]
Event: 447.953 Thread 0x000002bb62232800 Exception <a 'java/lang/NoSuchMethodError'{0x00000000960db728}: 'void java.lang.invoke.DirectMethodHandle$Holder.invokeVirtual(java.lang.Object, java.lang.Object, int, java.lang.Object)'> (0x00000000960db728) thrown at [./src/hotspot/share/interpreter/linkResolver.cpp, line 773]
Event: 448.252 Thread 0x000002bb62230000 Exception <a 'java/lang/NoSuchMethodError'{0x0000000095cd6b18}: 'int java.lang.invoke.DirectMethodHandle$Holder.invokeSpecial(java.lang.Object, java.lang.Object, java.lang.Object, int, java.lang.Object)'> (0x0000000095cd6b18) thrown at [./src/hotspot/share/interpreter/linkResolver.cpp, line 773]
Event: 448.308 Thread 0x000002bb62234800 Exception <a 'java/lang/NoSuchMethodError'{0x0000000095b0d6a0}: 'java.lang.Object java.lang.invoke.DirectMethodHandle$Holder.newInvokeSpecial(java.lang.Object, int)'> (0x0000000095b0d6a0) thrown at [./src/hotspot/share/interpreter/linkResolver.cpp, line 773]
Event: 449.308 Thread 0x000002bb62234800 Exception <a 'java/lang/NoSuchMethodError'{0x00000000954e2c28}: 'void java.lang.invoke.DirectMethodHandle$Holder.invokeSpecial(java.lang.Object, java.lang.Object, int, java.lang.Object, java.lang.Object, java.lang.Object, java.lang.Object)'> (0x00000000954e2c28) thrown at [./src/hotspot/share/interpreter/linkResolver.cpp, line 773]
Event: 449.371 Thread 0x000002bb62234800 Exception <a 'java/lang/NoSuchMethodError'{0x00000000954ee728}: 'java.lang.Object java.lang.invoke.Invokers$Holder.linkToTargetMethod(java.lang.Object, int, java.lang.Object, java.lang.Object, java.lang.Object, java.lang.Object)'> (0x00000000954ee728) thrown at [./src/hotspot/share/interpreter/linkResolver.cpp, line 773]
Event: 449.374 Thread 0x000002bb62234800 Exception <a 'java/lang/NoSuchMethodError'{0x00000000954f2bd8}: 'void java.lang.invoke.DirectMethodHandle$Holder.invokeSpecial(java.lang.Object, java.lang.Object, java.lang.Object, java.lang.Object, java.lang.Object, java.lang.Object, java.lang.Object, java.lang.Object, java.lang.Object)'> (0x00000000954f2bd8) thrown at [./src/hotspot/share/interpreter/linkResolver.cpp, line 773]
Event: 449.437 Thread 0x000002bb62234800 Exception <a 'java/lang/NoSuchMethodError'{0x00000000953d94f0}: 'void java.lang.invoke.DirectMethodHandle$Holder.invokeStatic(java.lang.Object, java.lang.Object, java.lang.Object, java.lang.Object, java.lang.Object, java.lang.Object, java.lang.Object, java.lang.Object)'> (0x00000000953d94f0) thrown at [./src/hotspot/share/interpreter/linkResolver.cpp, line 773]
Event: 449.853 Thread 0x000002bb62234800 Exception <a 'java/lang/IncompatibleClassChangeError'{0x0000000094d46810}: Found class java.lang.Object, but interface was expected> (0x0000000094d46810) thrown at [./src/hotspot/share/interpreter/linkResolver.cpp, line 839]
Event: 449.947 Thread 0x000002bb62234800 Exception <a 'java/lang/NoSuchMethodError'{0x0000000094a02540}: 'void java.lang.invoke.DirectMethodHandle$Holder.invokeVirtual(java.lang.Object, java.lang.Object, int)'> (0x0000000094a02540) thrown at [./src/hotspot/share/interpreter/linkResolver.cpp, line 773]
Event: 449.948 Thread 0x000002bb62232800 Exception <a 'java/lang/NoSuchMethodError'{0x0000000094bcf3a8}: 'void java.lang.invoke.DirectMethodHandle$Holder.invokeVirtual(java.lang.Object, java.lang.Object, int)'> (0x0000000094bcf3a8) thrown at [./src/hotspot/share/interpreter/linkResolver.cpp, line 773]
Event: 450.035 Thread 0x000002bb62234800 Exception <a 'sun/nio/fs/WindowsException'{0x0000000094a19030}> (0x0000000094a19030) thrown at [./src/hotspot/share/prims/jni.cpp, line 615]
Event: 450.035 Thread 0x000002bb62230000 Exception <a 'sun/nio/fs/WindowsException'{0x0000000094a7ea50}> (0x0000000094a7ea50) thrown at [./src/hotspot/share/prims/jni.cpp, line 615]
Event: 450.036 Thread 0x000002bb62232800 Exception <a 'sun/nio/fs/WindowsException'{0x0000000094bfe380}> (0x0000000094bfe380) thrown at [./src/hotspot/share/prims/jni.cpp, line 615]
Event: 450.196 Thread 0x000002bb62232800 Exception <a 'sun/nio/fs/WindowsException'{0x0000000094815eb8}> (0x0000000094815eb8) thrown at [./src/hotspot/share/prims/jni.cpp, line 615]

Events (20 events):
Event: 449.996 loading class com/android/tools/r8/graph/Y
Event: 449.996 loading class com/android/tools/r8/graph/Y done
Event: 449.996 loading class com/android/tools/r8/graph/Y
Event: 449.996 loading class com/android/tools/r8/graph/Y done
Event: 449.996 loading class com/android/tools/r8/dex/m
Event: 449.996 loading class com/android/tools/r8/dex/m done
Event: 450.015 loading class java/util/zip/Adler32
Event: 450.016 loading class java/util/zip/Adler32 done
Event: 450.026 loading class com/android/tools/r8/dex/m$a
Event: 450.026 loading class com/android/tools/r8/dex/m$a done
Event: 450.028 loading class com/android/tools/r8/ByteDataView
Event: 450.028 loading class com/android/tools/r8/ByteDataView done
Event: 450.031 loading class com/android/tools/r8/internal/ya
Event: 450.031 loading class com/android/tools/r8/internal/ya done
Event: 450.036 loading class com/android/tools/r8/internal/B7
Event: 450.036 loading class com/android/tools/r8/internal/B7 done
Event: 450.037 loading class com/android/tools/r8/internal/A7
Event: 450.037 loading class com/android/tools/r8/internal/A7 done
Event: 450.038 loading class com/android/tools/r8/internal/z7
Event: 450.038 loading class com/android/tools/r8/internal/z7 done


Dynamic libraries:
0x00007ff697de0000 - 0x00007ff697dea000 	C:\Program Files\Android\Android Studio\jre\bin\java.exe
0x00007ff9c0c50000 - 0x00007ff9c0e45000 	C:\Windows\SYSTEM32\ntdll.dll
0x00007ff9c0550000 - 0x00007ff9c060e000 	C:\Windows\System32\KERNEL32.DLL
0x00007ff9be680000 - 0x00007ff9be948000 	C:\Windows\System32\KERNELBASE.dll
0x00007ff9be3d0000 - 0x00007ff9be4d0000 	C:\Windows\System32\ucrtbase.dll
0x00007ff9ac340000 - 0x00007ff9ac357000 	C:\Program Files\Android\Android Studio\jre\bin\VCRUNTIME140.dll
0x00007ff99e570000 - 0x00007ff99e589000 	C:\Program Files\Android\Android Studio\jre\bin\jli.dll
0x00007ff9bedc0000 - 0x00007ff9bef61000 	C:\Windows\System32\USER32.dll
0x00007ff9be950000 - 0x00007ff9be972000 	C:\Windows\System32\win32u.dll
0x00007ff9c0520000 - 0x00007ff9c054b000 	C:\Windows\System32\GDI32.dll
0x00007ff9be980000 - 0x00007ff9bea8b000 	C:\Windows\System32\gdi32full.dll
0x00007ff9bec00000 - 0x00007ff9bec9d000 	C:\Windows\System32\msvcp_win.dll
0x00007ff9ace10000 - 0x00007ff9ad0aa000 	C:\Windows\WinSxS\amd64_microsoft.windows.common-controls_6595b64144ccf1df_6.0.19041.1110_none_60b5254171f9507e\COMCTL32.dll
0x00007ff9bfb80000 - 0x00007ff9bfc1e000 	C:\Windows\System32\msvcrt.dll
0x00007ff9bf1a0000 - 0x00007ff9bf1d0000 	C:\Windows\System32\IMM32.DLL
0x00007ff983490000 - 0x00007ff98352d000 	C:\Program Files\Android\Android Studio\jre\bin\msvcp140.dll
0x00007ff950720000 - 0x00007ff9511ef000 	C:\Program Files\Android\Android Studio\jre\bin\server\jvm.dll
0x00007ff9c02e0000 - 0x00007ff9c038c000 	C:\Windows\System32\ADVAPI32.dll
0x00007ff9bef70000 - 0x00007ff9bf00b000 	C:\Windows\System32\sechost.dll
0x00007ff9c00d0000 - 0x00007ff9c01fa000 	C:\Windows\System32\RPCRT4.dll
0x00007ff9bfc20000 - 0x00007ff9bfc28000 	C:\Windows\System32\PSAPI.DLL
0x00007ff9b8630000 - 0x00007ff9b8639000 	C:\Windows\SYSTEM32\WSOCK32.dll
0x00007ff9a2e80000 - 0x00007ff9a2ea7000 	C:\Windows\SYSTEM32\WINMM.dll
0x00007ff9adc20000 - 0x00007ff9adc2a000 	C:\Windows\SYSTEM32\VERSION.dll
0x00007ff9c0390000 - 0x00007ff9c03fb000 	C:\Windows\System32\WS2_32.dll
0x00007ff9bc270000 - 0x00007ff9bc282000 	C:\Windows\SYSTEM32\kernel.appcore.dll
0x00007ff9b8230000 - 0x00007ff9b8241000 	C:\Program Files\Android\Android Studio\jre\bin\verify.dll
0x00007ff9b8fc0000 - 0x00007ff9b91a4000 	C:\Windows\SYSTEM32\DBGHELP.DLL
0x00007ff9abb00000 - 0x00007ff9abb2c000 	C:\Windows\SYSTEM32\dbgcore.DLL
0x00007ff9beb40000 - 0x00007ff9bebc3000 	C:\Windows\System32\bcryptPrimitives.dll
0x00007ff9b8130000 - 0x00007ff9b8159000 	C:\Program Files\Android\Android Studio\jre\bin\java.dll
0x00007ff9b8620000 - 0x00007ff9b862b000 	C:\Program Files\Android\Android Studio\jre\bin\jimage.dll
0x00007ff9b8210000 - 0x00007ff9b8228000 	C:\Program Files\Android\Android Studio\jre\bin\zip.dll
0x00007ff9bf2b0000 - 0x00007ff9bf9ef000 	C:\Windows\System32\SHELL32.dll
0x00007ff9bc470000 - 0x00007ff9bcc00000 	C:\Windows\SYSTEM32\windows.storage.dll
0x00007ff9c0610000 - 0x00007ff9c0965000 	C:\Windows\System32\combase.dll
0x00007ff9bdcf0000 - 0x00007ff9bdd1e000 	C:\Windows\SYSTEM32\Wldp.dll
0x00007ff9bed10000 - 0x00007ff9bedbd000 	C:\Windows\System32\SHCORE.dll
0x00007ff9becb0000 - 0x00007ff9bed05000 	C:\Windows\System32\shlwapi.dll
0x00007ff9be2b0000 - 0x00007ff9be2cf000 	C:\Windows\SYSTEM32\profapi.dll
0x00007ff9b80c0000 - 0x00007ff9b80da000 	C:\Program Files\Android\Android Studio\jre\bin\net.dll
0x00007ff9b1130000 - 0x00007ff9b123c000 	C:\Windows\SYSTEM32\WINHTTP.dll
0x00007ff9bda50000 - 0x00007ff9bdaba000 	C:\Windows\system32\mswsock.dll
0x00007ff9b80a0000 - 0x00007ff9b80b4000 	C:\Program Files\Android\Android Studio\jre\bin\nio.dll
0x00007ff9b24c0000 - 0x00007ff9b24e7000 	C:\Users\Franc\.gradle\native\8bec1ad78214c89d9ad589b4d07fe93259594b29d510b10fafb7a158f7737e5d\windows-amd64\native-platform.dll
0x00007ff981590000 - 0x00007ff9816cd000 	C:\Users\Franc\.gradle\native\53dbd7edfb1c66fb8903c78663c9afc45aea4f116125fa6feffd364cf09443e8\windows-amd64\native-platform-file-events.dll
0x00007ff9b8550000 - 0x00007ff9b855a000 	C:\Program Files\Android\Android Studio\jre\bin\management.dll
0x00007ff9b8120000 - 0x00007ff9b812c000 	C:\Program Files\Android\Android Studio\jre\bin\management_ext.dll
0x00007ff9bdc40000 - 0x00007ff9bdc58000 	C:\Windows\SYSTEM32\CRYPTSP.dll
0x00007ff9bd3d0000 - 0x00007ff9bd404000 	C:\Windows\system32\rsaenh.dll
0x00007ff9bebd0000 - 0x00007ff9bebf7000 	C:\Windows\System32\bcrypt.dll
0x00007ff9be270000 - 0x00007ff9be29e000 	C:\Windows\SYSTEM32\USERENV.dll
0x00007ff9bdc60000 - 0x00007ff9bdc6c000 	C:\Windows\SYSTEM32\CRYPTBASE.dll
0x00007ff9bd740000 - 0x00007ff9bd77b000 	C:\Windows\SYSTEM32\IPHLPAPI.DLL
0x00007ff9bf2a0000 - 0x00007ff9bf2a8000 	C:\Windows\System32\NSI.dll
0x00007ff9b3cb0000 - 0x00007ff9b3cc7000 	C:\Windows\SYSTEM32\dhcpcsvc6.DLL
0x00007ff9b3c70000 - 0x00007ff9b3c8d000 	C:\Windows\SYSTEM32\dhcpcsvc.DLL
0x00007ff9bd780000 - 0x00007ff9bd84b000 	C:\Windows\SYSTEM32\DNSAPI.dll
0x00007ff9b6070000 - 0x00007ff9b6097000 	C:\Program Files\Android\Android Studio\jre\bin\sunec.dll
0x00007ff9b69c0000 - 0x00007ff9b69ca000 	C:\Windows\System32\rasadhlp.dll
0x00007ff9af2e0000 - 0x00007ff9af35f000 	C:\Windows\System32\fwpuclnt.dll
0x00007ff9bd060000 - 0x00007ff9bd093000 	C:\Windows\SYSTEM32\ntmarta.dll
0x00007ff9bbbb0000 - 0x00007ff9bbc40000 	C:\Windows\system32\apphelp.dll

dbghelp: loaded successfully - version: 4.0.5 - missing functions: none
symbol engine: initialized successfully - sym options: 0x614 - pdb path: .;C:\Program Files\Android\Android Studio\jre\bin;C:\Windows\SYSTEM32;C:\Windows\WinSxS\amd64_microsoft.windows.common-controls_6595b64144ccf1df_6.0.19041.1110_none_60b5254171f9507e;C:\Program Files\Android\Android Studio\jre\bin\server;C:\Users\Franc\.gradle\native\8bec1ad78214c89d9ad589b4d07fe93259594b29d510b10fafb7a158f7737e5d\windows-amd64;C:\Users\Franc\.gradle\native\53dbd7edfb1c66fb8903c78663c9afc45aea4f116125fa6feffd364cf09443e8\windows-amd64

VM Arguments:
jvm_args: --add-opens=java.base/java.util=ALL-UNNAMED --add-opens=java.base/java.lang=ALL-UNNAMED --add-opens=java.base/java.lang.invoke=ALL-UNNAMED --add-opens=java.base/java.util=ALL-UNNAMED --add-opens=java.prefs/java.util.prefs=ALL-UNNAMED --add-opens=java.prefs/java.util.prefs=ALL-UNNAMED --add-opens=java.base/java.nio.charset=ALL-UNNAMED --add-opens=java.base/java.net=ALL-UNNAMED --add-opens=java.base/java.util.concurrent.atomic=ALL-UNNAMED -Xmx2048m -Dfile.encoding=UTF-8 -Duser.country=US -Duser.language=en -Duser.variant 
java_command: org.gradle.launcher.daemon.bootstrap.GradleDaemon 7.0.2
java_class_path (initial): C:\Users\Franc\.gradle\wrapper\dists\gradle-7.0.2-bin\857tjihv64xamwrf0h14cai3r\gradle-7.0.2\lib\gradle-launcher-7.0.2.jar
Launcher Type: SUN_STANDARD

[Global flags]
     intx CICompilerCount                          = 3                                         {product} {ergonomic}
     uint ConcGCThreads                            = 1                                         {product} {ergonomic}
     uint G1ConcRefinementThreads                  = 4                                         {product} {ergonomic}
   size_t G1HeapRegionSize                         = 1048576                                   {product} {ergonomic}
    uintx GCDrainStackTargetSize                   = 64                                        {product} {ergonomic}
   size_t InitialHeapSize                          = 67108864                                  {product} {ergonomic}
   size_t MarkStackSize                            = 4194304                                   {product} {ergonomic}
   size_t MaxHeapSize                              = 2147483648                                {product} {command line}
   size_t MaxNewSize                               = 1287651328                                {product} {ergonomic}
   size_t MinHeapDeltaBytes                        = 1048576                                   {product} {ergonomic}
    uintx NonNMethodCodeHeapSize                   = 5830732                                {pd product} {ergonomic}
    uintx NonProfiledCodeHeapSize                  = 122913754                              {pd product} {ergonomic}
    uintx ProfiledCodeHeapSize                     = 122913754                              {pd product} {ergonomic}
    uintx ReservedCodeCacheSize                    = 251658240                              {pd product} {ergonomic}
     bool SegmentedCodeCache                       = true                                      {product} {ergonomic}
     bool UseCompressedClassPointers               = true                                 {lp64_product} {ergonomic}
     bool UseCompressedOops                        = true                                 {lp64_product} {ergonomic}
     bool UseG1GC                                  = true                                      {product} {ergonomic}
     bool UseLargePagesIndividualAllocation        = false                                  {pd product} {ergonomic}

Logging:
Log output configuration:
 #0: stdout all=warning uptime,level,tags
 #1: stderr all=off uptime,level,tags

Environment Variables:
PATH=C:\Program Files\Rockwell Software\RSCommon;C:\Program Files (x86)\VMware\VMware Player\bin\;C:\Program Files\Microsoft MPI\Bin\;C:\Windows\system32;C:\Windows;C:\Windows\System32\Wbem;C:\Windows\System32\WindowsPowerShell\v1.0\;C:\Windows\System32\OpenSSH\;C:\Program Files (x86)\Microsoft SQL Server\150\Tools\Binn\;C:\Program Files\Microsoft SQL Server\150\Tools\Binn\;C:\Program Files (x86)\Microsoft SQL Server\150\DTS\Binn\;C:\Program Files\Microsoft SQL Server\150\DTS\Binn\;C:\Program Files\Microsoft SQL Server\Client SDK\ODBC\170\Tools\Binn\;C:\Program Files\dotnet\;C:\Program Files\Microsoft SQL Server\130\Tools\Binn\;C:\Program Files\Azure Data Studio\bin;C:\Program Files (x86)\dotnet\;C:\Program Files\Git\cmd;C:\Users\Franc\AppData\Local\Microsoft\WindowsApps;C:\Users\Franc\AppData\Local\Programs\Microsoft VS Code\bin;C:\Users\Franc\.dotnet\tools;C:\Program Files\Azure Data Studio\bin;C:\Users\Franc\AppData\Local\GitHubDesktop\bin
USERNAME=Franc
OS=Windows_NT
PROCESSOR_IDENTIFIER=Intel64 Family 6 Model 61 Stepping 4, GenuineIntel



---------------  S Y S T E M  ---------------

OS: Windows 10 , 64 bit Build 19041 (10.0.19041.1348)
OS uptime: 25 days 13:07 hours

CPU:total 4 (initial active 4) (2 cores per cpu, 2 threads per core) family 6 model 61 stepping 4 microcode 0x2d, cmov, cx8, fxsr, mmx, sse, sse2, sse3, ssse3, sse4.1, sse4.2, popcnt, avx, avx2, aes, clmul, erms, 3dnowpref, lzcnt, ht, tsc, tscinvbit, bmi1, bmi2, adx, fma

Memory: 4k page, system-wide physical 3998M (247M free)
TotalPageFile size 16286M (AvailPageFile size 6M)
current process WorkingSet (physical memory assigned to process): 277M, peak: 416M
current process commit charge ("private bytes"): 736M, peak: 737M

vm_info: OpenJDK 64-Bit Server VM (11.0.10+0-b96-7249189) for windows-amd64 JRE (11.0.10+0-b96-7249189), built on Mar 31 2021 21:44:00 by "builder" with MS VC++ 14.0 (VS2015)

END.
